<?xml version="1.0" encoding="UTF-8"?>
<robot generator="Robot 7.0.1 (Python 3.12.5 on win32)" generated="2024-09-22T17:35:24.623087" rpa="false" schemaversion="5">
<suite id="s1" name="Tests" source="C:\Users\joni1\Opinnot\_Harjoitustyo\the-movie-stead\robot\tests">
<suite id="s1-s1" name="loginTests" source="C:\Users\joni1\Opinnot\_Harjoitustyo\the-movie-stead\robot\tests\loginTests.robot">
<kw name="Setup suite" owner="commonKeywords" type="SETUP">
<kw name="Set Selenium Speed" owner="SeleniumLibrary">
<arg>0</arg>
<doc>Sets the delay that is waited after each Selenium command.</doc>
<status status="PASS" start="2024-09-22T17:35:25.577725" elapsed="0.001025"/>
</kw>
<status status="PASS" start="2024-09-22T17:35:25.576726" elapsed="0.002024"/>
</kw>
<test id="s1-s1-t1" name="Login page can be opened" line="13">
<kw name="Setup tests" owner="loginKeywords" type="SETUP">
<kw name="Clear test database" owner="commonKeywords">
<kw name="POST" owner="RequestsLibrary">
<msg time="2024-09-22T17:35:27.679417" level="INFO">POST Request : url=http://localhost:5173/api/testing/reset 
 path_url=/api/testing/reset 
 headers={'User-Agent': 'python-requests/2.32.3', 'Accept-Encoding': 'gzip, deflate', 'Accept': '*/*', 'Connection': 'keep-alive', 'Content-Length': '0'} 
 body=None 
 </msg>
<msg time="2024-09-22T17:35:27.679417" level="INFO">POST Response : url=http://localhost:5173/api/testing/reset 
 status=204, reason=No Content 
 headers={'access-control-allow-origin': '*', 'x-powered-by': 'Express', 'date': 'Sun, 22 Sep 2024 14:35:27 GMT', 'connection': 'close'} 
 body=None 
 </msg>
<arg>${BACKEND}/testing/reset</arg>
<doc>Sends a POST request.</doc>
<status status="PASS" start="2024-09-22T17:35:25.579751" elapsed="2.099666"/>
</kw>
<status status="PASS" start="2024-09-22T17:35:25.579751" elapsed="2.099666"/>
</kw>
<kw name="Seed users to test database" owner="commonKeywords">
<kw name="Add user to test database" owner="commonKeywords">
<kw name="Create Dictionary" owner="BuiltIn">
<msg time="2024-09-22T17:35:27.680418" level="INFO">${body} = {'name': 'Regular User', 'email': 'regular@gmail.com', 'password': 'regularpw', 'role': 'user', 'disabled': False}</msg>
<var>${body}</var>
<arg>name=${name}</arg>
<arg>email=${email}</arg>
<arg>password=${password}</arg>
<arg>role=${role}</arg>
<arg>disabled=${disabled}</arg>
<doc>Creates and returns a dictionary based on the given ``items``.</doc>
<status status="PASS" start="2024-09-22T17:35:27.680418" elapsed="0.000000"/>
</kw>
<kw name="POST" owner="RequestsLibrary">
<msg time="2024-09-22T17:35:28.139681" level="INFO">POST Request : url=http://localhost:5173/api/users 
 path_url=/api/users 
 headers={'User-Agent': 'python-requests/2.32.3', 'Accept-Encoding': 'gzip, deflate', 'Accept': '*/*', 'Connection': 'keep-alive', 'Content-Length': '114', 'Content-Type': 'application/json'} 
 body=b'{"name": "Regular User", "email": "regular@gmail.com", "password": "regularpw", "role": "user", "disabled": false}' 
 </msg>
<msg time="2024-09-22T17:35:28.139681" level="INFO">POST Response : url=http://localhost:5173/api/users 
 status=200, reason=OK 
 headers={'access-control-allow-origin': '*', 'x-powered-by': 'Express', 'content-type': 'application/json; charset=utf-8', 'content-length': '245', 'etag': 'W/"f5-BfmawwwAt8BzBlhgklJYlMHWOyo"', 'date': 'Sun, 22 Sep 2024 14:35:28 GMT', 'connection': 'close'} 
 body={"id":12573,"name":"Regular User","email":"regular@gmail.com","role":"user","password":"$2b$10$Pw8Ck29slGKWj/d3KCW0rO.P97Qge.PEM8LDqxjwMyuH.sDN7uf9O","disabled":false,"updatedAt":"2024-09-22T14:35:27.960Z","createdAt":"2024-09-22T14:35:27.960Z"} 
 </msg>
<arg>${BACKEND}/users</arg>
<arg>json=${body}</arg>
<doc>Sends a POST request.</doc>
<status status="PASS" start="2024-09-22T17:35:27.681418" elapsed="0.458263"/>
</kw>
<arg>Regular User</arg>
<arg>regular@gmail.com</arg>
<arg>regularpw</arg>
<arg>user</arg>
<arg>${False}</arg>
<status status="PASS" start="2024-09-22T17:35:27.680418" elapsed="0.460264"/>
</kw>
<kw name="Add user to test database" owner="commonKeywords">
<kw name="Create Dictionary" owner="BuiltIn">
<msg time="2024-09-22T17:35:28.140682" level="INFO">${body} = {'name': 'Mod User', 'email': 'moderator@gmail.com', 'password': 'moderatorpw', 'role': 'moderator', 'disabled': False}</msg>
<var>${body}</var>
<arg>name=${name}</arg>
<arg>email=${email}</arg>
<arg>password=${password}</arg>
<arg>role=${role}</arg>
<arg>disabled=${disabled}</arg>
<doc>Creates and returns a dictionary based on the given ``items``.</doc>
<status status="PASS" start="2024-09-22T17:35:28.140682" elapsed="0.000000"/>
</kw>
<kw name="POST" owner="RequestsLibrary">
<msg time="2024-09-22T17:35:28.595374" level="INFO">POST Request : url=http://localhost:5173/api/users 
 path_url=/api/users 
 headers={'User-Agent': 'python-requests/2.32.3', 'Accept-Encoding': 'gzip, deflate', 'Accept': '*/*', 'Connection': 'keep-alive', 'Content-Length': '119', 'Content-Type': 'application/json'} 
 body=b'{"name": "Mod User", "email": "moderator@gmail.com", "password": "moderatorpw", "role": "moderator", "disabled": false}' 
 </msg>
<msg time="2024-09-22T17:35:28.595374" level="INFO">POST Response : url=http://localhost:5173/api/users 
 status=200, reason=OK 
 headers={'access-control-allow-origin': '*', 'x-powered-by': 'Express', 'content-type': 'application/json; charset=utf-8', 'content-length': '248', 'etag': 'W/"f8-s9B91j0T3nFImpDP98BzEFbywwA"', 'date': 'Sun, 22 Sep 2024 14:35:28 GMT', 'connection': 'close'} 
 body={"id":12574,"name":"Mod User","email":"moderator@gmail.com","role":"moderator","password":"$2b$10$KlH4p5KWtop0B0G4B9hZbeibGIyZ9PCfdn8q1QL/0G5TEyKzyb9Bq","disabled":false,"updatedAt":"2024-09-22T14:35:28.399Z","createdAt":"2024-09-22T14:35:28.399Z"} 
 </msg>
<arg>${BACKEND}/users</arg>
<arg>json=${body}</arg>
<doc>Sends a POST request.</doc>
<status status="PASS" start="2024-09-22T17:35:28.141680" elapsed="0.453694"/>
</kw>
<arg>Mod User</arg>
<arg>moderator@gmail.com</arg>
<arg>moderatorpw</arg>
<arg>moderator</arg>
<arg>${False}</arg>
<status status="PASS" start="2024-09-22T17:35:28.140682" elapsed="0.454692"/>
</kw>
<kw name="Add user to test database" owner="commonKeywords">
<kw name="Create Dictionary" owner="BuiltIn">
<msg time="2024-09-22T17:35:28.596377" level="INFO">${body} = {'name': 'Admin User', 'email': 'admin@gmail.com', 'password': 'adminpw', 'role': 'admin', 'disabled': False}</msg>
<var>${body}</var>
<arg>name=${name}</arg>
<arg>email=${email}</arg>
<arg>password=${password}</arg>
<arg>role=${role}</arg>
<arg>disabled=${disabled}</arg>
<doc>Creates and returns a dictionary based on the given ``items``.</doc>
<status status="PASS" start="2024-09-22T17:35:28.596377" elapsed="0.000000"/>
</kw>
<kw name="POST" owner="RequestsLibrary">
<msg time="2024-09-22T17:35:29.085987" level="INFO">POST Request : url=http://localhost:5173/api/users 
 path_url=/api/users 
 headers={'User-Agent': 'python-requests/2.32.3', 'Accept-Encoding': 'gzip, deflate', 'Accept': '*/*', 'Connection': 'keep-alive', 'Content-Length': '109', 'Content-Type': 'application/json'} 
 body=b'{"name": "Admin User", "email": "admin@gmail.com", "password": "adminpw", "role": "admin", "disabled": false}' 
 </msg>
<msg time="2024-09-22T17:35:29.085987" level="INFO">POST Response : url=http://localhost:5173/api/users 
 status=200, reason=OK 
 headers={'access-control-allow-origin': '*', 'x-powered-by': 'Express', 'content-type': 'application/json; charset=utf-8', 'content-length': '242', 'etag': 'W/"f2-OWs+iqMs54MG3DPzbGWuYdA54PQ"', 'date': 'Sun, 22 Sep 2024 14:35:29 GMT', 'connection': 'close'} 
 body={"id":12575,"name":"Admin User","email":"admin@gmail.com","role":"admin","password":"$2b$10$LstheMFl55C7r.FFEJ3QA.YLyBOnPkJPiKvsnvNZes0F7F7X3AM4W","disabled":false,"updatedAt":"2024-09-22T14:35:28.857Z","createdAt":"2024-09-22T14:35:28.857Z"} 
 </msg>
<arg>${BACKEND}/users</arg>
<arg>json=${body}</arg>
<doc>Sends a POST request.</doc>
<status status="PASS" start="2024-09-22T17:35:28.596377" elapsed="0.490613"/>
</kw>
<arg>Admin User</arg>
<arg>admin@gmail.com</arg>
<arg>adminpw</arg>
<arg>admin</arg>
<arg>${False}</arg>
<status status="PASS" start="2024-09-22T17:35:28.595374" elapsed="0.491616"/>
</kw>
<kw name="Add user to test database" owner="commonKeywords">
<kw name="Create Dictionary" owner="BuiltIn">
<msg time="2024-09-22T17:35:29.087987" level="INFO">${body} = {'name': 'Disabled User', 'email': 'disabled@gmail.com', 'password': 'disabledpw', 'role': 'user', 'disabled': True}</msg>
<var>${body}</var>
<arg>name=${name}</arg>
<arg>email=${email}</arg>
<arg>password=${password}</arg>
<arg>role=${role}</arg>
<arg>disabled=${disabled}</arg>
<doc>Creates and returns a dictionary based on the given ``items``.</doc>
<status status="PASS" start="2024-09-22T17:35:29.086990" elapsed="0.000997"/>
</kw>
<kw name="POST" owner="RequestsLibrary">
<msg time="2024-09-22T17:35:29.591285" level="INFO">POST Request : url=http://localhost:5173/api/users 
 path_url=/api/users 
 headers={'User-Agent': 'python-requests/2.32.3', 'Accept-Encoding': 'gzip, deflate', 'Accept': '*/*', 'Connection': 'keep-alive', 'Content-Length': '116', 'Content-Type': 'application/json'} 
 body=b'{"name": "Disabled User", "email": "disabled@gmail.com", "password": "disabledpw", "role": "user", "disabled": true}' 
 </msg>
<msg time="2024-09-22T17:35:29.591285" level="INFO">POST Response : url=http://localhost:5173/api/users 
 status=200, reason=OK 
 headers={'access-control-allow-origin': '*', 'x-powered-by': 'Express', 'content-type': 'application/json; charset=utf-8', 'content-length': '246', 'etag': 'W/"f6-fu3xEFLPc72FXIlL56dzIbUx3Rs"', 'date': 'Sun, 22 Sep 2024 14:35:29 GMT', 'connection': 'close'} 
 body={"id":12576,"name":"Disabled User","email":"disabled@gmail.com","role":"user","password":"$2b$10$.kG4KzKcGK2Ku2QYYV9CQuVplWGeQxZxSuR3fGGo/.ZfQJJ46mIVe","disabled":true,"updatedAt":"2024-09-22T14:35:29.391Z","createdAt":"2024-09-22T14:35:29.391Z"} 
 </msg>
<arg>${BACKEND}/users</arg>
<arg>json=${body}</arg>
<doc>Sends a POST request.</doc>
<status status="PASS" start="2024-09-22T17:35:29.087987" elapsed="0.503298"/>
</kw>
<arg>Disabled User</arg>
<arg>disabled@gmail.com</arg>
<arg>disabledpw</arg>
<arg>user</arg>
<arg>${True}</arg>
<status status="PASS" start="2024-09-22T17:35:29.086990" elapsed="0.504295"/>
</kw>
<status status="PASS" start="2024-09-22T17:35:27.679417" elapsed="1.911868"/>
</kw>
<kw name="Open browser on TMS home page" owner="commonKeywords">
<kw name="Open Browser" owner="SeleniumLibrary">
<msg time="2024-09-22T17:35:29.592253" level="INFO">Opening browser 'chrome' to base url 'http://localhost:5173'.</msg>
<arg>${HOME PAGE}</arg>
<arg>${BROWSER}</arg>
<doc>Opens a new browser instance to the optional ``url``.</doc>
<status status="PASS" start="2024-09-22T17:35:29.591285" elapsed="3.177947"/>
</kw>
<kw name="Maximize Browser Window" owner="SeleniumLibrary">
<doc>Maximizes current browser window.</doc>
<status status="PASS" start="2024-09-22T17:35:32.770234" elapsed="0.052619"/>
</kw>
<kw name="Wait Until Page Contains" owner="SeleniumLibrary">
<arg>Trending movies</arg>
<doc>Waits until ``text`` appears on the current page.</doc>
<status status="PASS" start="2024-09-22T17:35:32.822853" elapsed="0.612158"/>
</kw>
<kw name="Title Should Be" owner="SeleniumLibrary">
<msg time="2024-09-22T17:35:33.439010" level="INFO">Page title is 'The Movie Stead'.</msg>
<arg>The Movie Stead</arg>
<doc>Verifies that the current page title equals ``title``.</doc>
<status status="PASS" start="2024-09-22T17:35:33.435011" elapsed="0.003999"/>
</kw>
<status status="PASS" start="2024-09-22T17:35:29.591285" elapsed="3.848725"/>
</kw>
<status status="PASS" start="2024-09-22T17:35:25.578750" elapsed="7.861260"/>
</kw>
<kw name="Navigate to login page" owner="commonKeywords">
<kw name="Click Element" owner="SeleniumLibrary">
<msg time="2024-09-22T17:35:33.441010" level="INFO">Clicking element '//*[@data-testid="AccountCircleIcon"]'.</msg>
<arg>${ACCOUNT MENU}</arg>
<doc>Click the element identified by ``locator``.</doc>
<status status="PASS" start="2024-09-22T17:35:33.441010" elapsed="0.089025"/>
</kw>
<kw name="Click Element" owner="SeleniumLibrary">
<msg time="2024-09-22T17:35:33.531009" level="INFO">Clicking element '//*[@id="account-menu-login"]'.</msg>
<arg>${ACCOUNT MENU LOGIN}</arg>
<doc>Click the element identified by ``locator``.</doc>
<status status="PASS" start="2024-09-22T17:35:33.531009" elapsed="0.146241"/>
</kw>
<kw name="Wait Until Page Contains" owner="SeleniumLibrary">
<arg>The Movie Stead - Login</arg>
<doc>Waits until ``text`` appears on the current page.</doc>
<status status="PASS" start="2024-09-22T17:35:33.677250" elapsed="0.016000"/>
</kw>
<kw name="Page Should Contain" owner="SeleniumLibrary">
<msg time="2024-09-22T17:35:33.706247" level="INFO">Current page contains text 'Don't have an account? Sign Up'.</msg>
<arg>Don't have an account? Sign Up</arg>
<doc>Verifies that current page contains ``text``.</doc>
<status status="PASS" start="2024-09-22T17:35:33.693250" elapsed="0.012997"/>
</kw>
<status status="PASS" start="2024-09-22T17:35:33.440010" elapsed="0.266237"/>
</kw>
<kw name="Close Browser" owner="SeleniumLibrary" type="TEARDOWN">
<doc>Closes the current browser.</doc>
<status status="PASS" start="2024-09-22T17:35:33.707247" elapsed="2.255609"/>
</kw>
<doc>Verifies that user can navigate to login page</doc>
<tag>Login</tag>
<status status="PASS" start="2024-09-22T17:35:25.578750" elapsed="10.384106"/>
</test>
<test id="s1-s1-t2" name="Login succeeds" line="18">
<kw name="Setup tests" owner="loginKeywords" type="SETUP">
<kw name="Clear test database" owner="commonKeywords">
<kw name="POST" owner="RequestsLibrary">
<msg time="2024-09-22T17:35:36.971619" level="INFO">POST Request : url=http://localhost:5173/api/testing/reset 
 path_url=/api/testing/reset 
 headers={'User-Agent': 'python-requests/2.32.3', 'Accept-Encoding': 'gzip, deflate', 'Accept': '*/*', 'Connection': 'keep-alive', 'Content-Length': '0'} 
 body=None 
 </msg>
<msg time="2024-09-22T17:35:36.971619" level="INFO">POST Response : url=http://localhost:5173/api/testing/reset 
 status=204, reason=No Content 
 headers={'access-control-allow-origin': '*', 'x-powered-by': 'Express', 'date': 'Sun, 22 Sep 2024 14:35:36 GMT', 'connection': 'close'} 
 body=None 
 </msg>
<arg>${BACKEND}/testing/reset</arg>
<doc>Sends a POST request.</doc>
<status status="PASS" start="2024-09-22T17:35:35.966821" elapsed="1.004798"/>
</kw>
<status status="PASS" start="2024-09-22T17:35:35.965822" elapsed="1.005797"/>
</kw>
<kw name="Seed users to test database" owner="commonKeywords">
<kw name="Add user to test database" owner="commonKeywords">
<kw name="Create Dictionary" owner="BuiltIn">
<msg time="2024-09-22T17:35:36.972646" level="INFO">${body} = {'name': 'Regular User', 'email': 'regular@gmail.com', 'password': 'regularpw', 'role': 'user', 'disabled': False}</msg>
<var>${body}</var>
<arg>name=${name}</arg>
<arg>email=${email}</arg>
<arg>password=${password}</arg>
<arg>role=${role}</arg>
<arg>disabled=${disabled}</arg>
<doc>Creates and returns a dictionary based on the given ``items``.</doc>
<status status="PASS" start="2024-09-22T17:35:36.972646" elapsed="0.000000"/>
</kw>
<kw name="POST" owner="RequestsLibrary">
<msg time="2024-09-22T17:35:37.427592" level="INFO">POST Request : url=http://localhost:5173/api/users 
 path_url=/api/users 
 headers={'User-Agent': 'python-requests/2.32.3', 'Accept-Encoding': 'gzip, deflate', 'Accept': '*/*', 'Connection': 'keep-alive', 'Content-Length': '114', 'Content-Type': 'application/json'} 
 body=b'{"name": "Regular User", "email": "regular@gmail.com", "password": "regularpw", "role": "user", "disabled": false}' 
 </msg>
<msg time="2024-09-22T17:35:37.427592" level="INFO">POST Response : url=http://localhost:5173/api/users 
 status=200, reason=OK 
 headers={'access-control-allow-origin': '*', 'x-powered-by': 'Express', 'content-type': 'application/json; charset=utf-8', 'content-length': '245', 'etag': 'W/"f5-VcTaFhJ6nIAU3spNqX80dTw2hN0"', 'date': 'Sun, 22 Sep 2024 14:35:37 GMT', 'connection': 'close'} 
 body={"id":12577,"name":"Regular User","email":"regular@gmail.com","role":"user","password":"$2b$10$Cn/Qz/q2NgRFg6.zJYORo.GgzLuHC8KoG4b.rvLOKO/M9PTwISU52","disabled":false,"updatedAt":"2024-09-22T14:35:37.235Z","createdAt":"2024-09-22T14:35:37.235Z"} 
 </msg>
<arg>${BACKEND}/users</arg>
<arg>json=${body}</arg>
<doc>Sends a POST request.</doc>
<status status="PASS" start="2024-09-22T17:35:36.973646" elapsed="0.453946"/>
</kw>
<arg>Regular User</arg>
<arg>regular@gmail.com</arg>
<arg>regularpw</arg>
<arg>user</arg>
<arg>${False}</arg>
<status status="PASS" start="2024-09-22T17:35:36.972646" elapsed="0.454946"/>
</kw>
<kw name="Add user to test database" owner="commonKeywords">
<kw name="Create Dictionary" owner="BuiltIn">
<msg time="2024-09-22T17:35:37.428592" level="INFO">${body} = {'name': 'Mod User', 'email': 'moderator@gmail.com', 'password': 'moderatorpw', 'role': 'moderator', 'disabled': False}</msg>
<var>${body}</var>
<arg>name=${name}</arg>
<arg>email=${email}</arg>
<arg>password=${password}</arg>
<arg>role=${role}</arg>
<arg>disabled=${disabled}</arg>
<doc>Creates and returns a dictionary based on the given ``items``.</doc>
<status status="PASS" start="2024-09-22T17:35:37.428592" elapsed="0.000000"/>
</kw>
<kw name="POST" owner="RequestsLibrary">
<msg time="2024-09-22T17:35:37.906461" level="INFO">POST Request : url=http://localhost:5173/api/users 
 path_url=/api/users 
 headers={'User-Agent': 'python-requests/2.32.3', 'Accept-Encoding': 'gzip, deflate', 'Accept': '*/*', 'Connection': 'keep-alive', 'Content-Length': '119', 'Content-Type': 'application/json'} 
 body=b'{"name": "Mod User", "email": "moderator@gmail.com", "password": "moderatorpw", "role": "moderator", "disabled": false}' 
 </msg>
<msg time="2024-09-22T17:35:37.906461" level="INFO">POST Response : url=http://localhost:5173/api/users 
 status=200, reason=OK 
 headers={'access-control-allow-origin': '*', 'x-powered-by': 'Express', 'content-type': 'application/json; charset=utf-8', 'content-length': '248', 'etag': 'W/"f8-ui6vZJLtUZ+PCmzgIoa5tz4aYQs"', 'date': 'Sun, 22 Sep 2024 14:35:37 GMT', 'connection': 'close'} 
 body={"id":12578,"name":"Mod User","email":"moderator@gmail.com","role":"moderator","password":"$2b$10$p4MS/1gpS/Gq97DcTOH3IuDtNhWXicD8WXo0reOldSPPHhCdtah3i","disabled":false,"updatedAt":"2024-09-22T14:35:37.687Z","createdAt":"2024-09-22T14:35:37.687Z"} 
 </msg>
<arg>${BACKEND}/users</arg>
<arg>json=${body}</arg>
<doc>Sends a POST request.</doc>
<status status="PASS" start="2024-09-22T17:35:37.428592" elapsed="0.478869"/>
</kw>
<arg>Mod User</arg>
<arg>moderator@gmail.com</arg>
<arg>moderatorpw</arg>
<arg>moderator</arg>
<arg>${False}</arg>
<status status="PASS" start="2024-09-22T17:35:37.428592" elapsed="0.479048"/>
</kw>
<kw name="Add user to test database" owner="commonKeywords">
<kw name="Create Dictionary" owner="BuiltIn">
<msg time="2024-09-22T17:35:37.908545" level="INFO">${body} = {'name': 'Admin User', 'email': 'admin@gmail.com', 'password': 'adminpw', 'role': 'admin', 'disabled': False}</msg>
<var>${body}</var>
<arg>name=${name}</arg>
<arg>email=${email}</arg>
<arg>password=${password}</arg>
<arg>role=${role}</arg>
<arg>disabled=${disabled}</arg>
<doc>Creates and returns a dictionary based on the given ``items``.</doc>
<status status="PASS" start="2024-09-22T17:35:37.907931" elapsed="0.000614"/>
</kw>
<kw name="POST" owner="RequestsLibrary">
<msg time="2024-09-22T17:35:38.379683" level="INFO">POST Request : url=http://localhost:5173/api/users 
 path_url=/api/users 
 headers={'User-Agent': 'python-requests/2.32.3', 'Accept-Encoding': 'gzip, deflate', 'Accept': '*/*', 'Connection': 'keep-alive', 'Content-Length': '109', 'Content-Type': 'application/json'} 
 body=b'{"name": "Admin User", "email": "admin@gmail.com", "password": "adminpw", "role": "admin", "disabled": false}' 
 </msg>
<msg time="2024-09-22T17:35:38.379683" level="INFO">POST Response : url=http://localhost:5173/api/users 
 status=200, reason=OK 
 headers={'access-control-allow-origin': '*', 'x-powered-by': 'Express', 'content-type': 'application/json; charset=utf-8', 'content-length': '242', 'etag': 'W/"f2-GcKGK932BmR7wezE3nmB0gwiaMY"', 'date': 'Sun, 22 Sep 2024 14:35:38 GMT', 'connection': 'close'} 
 body={"id":12579,"name":"Admin User","email":"admin@gmail.com","role":"admin","password":"$2b$10$LrNxfmoFTpcIA135VidJZeZNqxyr56ijkM3NPGpIyeJ.CnVDoYC8W","disabled":false,"updatedAt":"2024-09-22T14:35:38.179Z","createdAt":"2024-09-22T14:35:38.179Z"} 
 </msg>
<arg>${BACKEND}/users</arg>
<arg>json=${body}</arg>
<doc>Sends a POST request.</doc>
<status status="PASS" start="2024-09-22T17:35:37.908545" elapsed="0.471138"/>
</kw>
<arg>Admin User</arg>
<arg>admin@gmail.com</arg>
<arg>adminpw</arg>
<arg>admin</arg>
<arg>${False}</arg>
<status status="PASS" start="2024-09-22T17:35:37.907640" elapsed="0.472043"/>
</kw>
<kw name="Add user to test database" owner="commonKeywords">
<kw name="Create Dictionary" owner="BuiltIn">
<msg time="2024-09-22T17:35:38.380683" level="INFO">${body} = {'name': 'Disabled User', 'email': 'disabled@gmail.com', 'password': 'disabledpw', 'role': 'user', 'disabled': True}</msg>
<var>${body}</var>
<arg>name=${name}</arg>
<arg>email=${email}</arg>
<arg>password=${password}</arg>
<arg>role=${role}</arg>
<arg>disabled=${disabled}</arg>
<doc>Creates and returns a dictionary based on the given ``items``.</doc>
<status status="PASS" start="2024-09-22T17:35:38.380683" elapsed="0.000000"/>
</kw>
<kw name="POST" owner="RequestsLibrary">
<msg time="2024-09-22T17:35:38.847213" level="INFO">POST Request : url=http://localhost:5173/api/users 
 path_url=/api/users 
 headers={'User-Agent': 'python-requests/2.32.3', 'Accept-Encoding': 'gzip, deflate', 'Accept': '*/*', 'Connection': 'keep-alive', 'Content-Length': '116', 'Content-Type': 'application/json'} 
 body=b'{"name": "Disabled User", "email": "disabled@gmail.com", "password": "disabledpw", "role": "user", "disabled": true}' 
 </msg>
<msg time="2024-09-22T17:35:38.847213" level="INFO">POST Response : url=http://localhost:5173/api/users 
 status=200, reason=OK 
 headers={'access-control-allow-origin': '*', 'x-powered-by': 'Express', 'content-type': 'application/json; charset=utf-8', 'content-length': '246', 'etag': 'W/"f6-LcgueiVyfa3mJu8qTxJQ/zHcyIk"', 'date': 'Sun, 22 Sep 2024 14:35:38 GMT', 'connection': 'close'} 
 body={"id":12580,"name":"Disabled User","email":"disabled@gmail.com","role":"user","password":"$2b$10$mWECS00pEGoKWyzw726ZE.uqtoe5i9XLCEkb07Uz6RMExXE/sBvva","disabled":true,"updatedAt":"2024-09-22T14:35:38.643Z","createdAt":"2024-09-22T14:35:38.643Z"} 
 </msg>
<arg>${BACKEND}/users</arg>
<arg>json=${body}</arg>
<doc>Sends a POST request.</doc>
<status status="PASS" start="2024-09-22T17:35:38.380683" elapsed="0.466530"/>
</kw>
<arg>Disabled User</arg>
<arg>disabled@gmail.com</arg>
<arg>disabledpw</arg>
<arg>user</arg>
<arg>${True}</arg>
<status status="PASS" start="2024-09-22T17:35:38.379683" elapsed="0.468530"/>
</kw>
<status status="PASS" start="2024-09-22T17:35:36.971619" elapsed="1.876594"/>
</kw>
<kw name="Open browser on TMS home page" owner="commonKeywords">
<kw name="Open Browser" owner="SeleniumLibrary">
<msg time="2024-09-22T17:35:38.849214" level="INFO">Opening browser 'chrome' to base url 'http://localhost:5173'.</msg>
<arg>${HOME PAGE}</arg>
<arg>${BROWSER}</arg>
<doc>Opens a new browser instance to the optional ``url``.</doc>
<status status="PASS" start="2024-09-22T17:35:38.849214" elapsed="2.717759"/>
</kw>
<kw name="Maximize Browser Window" owner="SeleniumLibrary">
<doc>Maximizes current browser window.</doc>
<status status="PASS" start="2024-09-22T17:35:41.566973" elapsed="0.040114"/>
</kw>
<kw name="Wait Until Page Contains" owner="SeleniumLibrary">
<arg>Trending movies</arg>
<doc>Waits until ``text`` appears on the current page.</doc>
<status status="PASS" start="2024-09-22T17:35:41.607087" elapsed="0.718069"/>
</kw>
<kw name="Title Should Be" owner="SeleniumLibrary">
<msg time="2024-09-22T17:35:42.332157" level="INFO">Page title is 'The Movie Stead'.</msg>
<arg>The Movie Stead</arg>
<doc>Verifies that the current page title equals ``title``.</doc>
<status status="PASS" start="2024-09-22T17:35:42.325156" elapsed="0.007001"/>
</kw>
<status status="PASS" start="2024-09-22T17:35:38.848213" elapsed="3.483944"/>
</kw>
<status status="PASS" start="2024-09-22T17:35:35.965822" elapsed="6.366335"/>
</kw>
<kw name="Navigate to login page" owner="commonKeywords">
<kw name="Click Element" owner="SeleniumLibrary">
<msg time="2024-09-22T17:35:42.334155" level="INFO">Clicking element '//*[@data-testid="AccountCircleIcon"]'.</msg>
<arg>${ACCOUNT MENU}</arg>
<doc>Click the element identified by ``locator``.</doc>
<status status="PASS" start="2024-09-22T17:35:42.334155" elapsed="0.099365"/>
</kw>
<kw name="Click Element" owner="SeleniumLibrary">
<msg time="2024-09-22T17:35:42.434519" level="INFO">Clicking element '//*[@id="account-menu-login"]'.</msg>
<arg>${ACCOUNT MENU LOGIN}</arg>
<doc>Click the element identified by ``locator``.</doc>
<status status="PASS" start="2024-09-22T17:35:42.433520" elapsed="0.176903"/>
</kw>
<kw name="Wait Until Page Contains" owner="SeleniumLibrary">
<arg>The Movie Stead - Login</arg>
<doc>Waits until ``text`` appears on the current page.</doc>
<status status="PASS" start="2024-09-22T17:35:42.610423" elapsed="0.013452"/>
</kw>
<kw name="Page Should Contain" owner="SeleniumLibrary">
<msg time="2024-09-22T17:35:42.637874" level="INFO">Current page contains text 'Don't have an account? Sign Up'.</msg>
<arg>Don't have an account? Sign Up</arg>
<doc>Verifies that current page contains ``text``.</doc>
<status status="PASS" start="2024-09-22T17:35:42.623875" elapsed="0.013999"/>
</kw>
<status status="PASS" start="2024-09-22T17:35:42.333156" elapsed="0.304718"/>
</kw>
<kw name="Fill form and login" owner="commonKeywords">
<kw name="Input Text" owner="SeleniumLibrary">
<msg time="2024-09-22T17:35:42.638875" level="INFO">Typing text 'regular@gmail.com' into text field '//*[@id="email"]'.</msg>
<arg>${EMAIL FIELD}</arg>
<arg>${email}</arg>
<doc>Types the given ``text`` into the text field identified by ``locator``.</doc>
<status status="PASS" start="2024-09-22T17:35:42.638875" elapsed="0.397246"/>
</kw>
<kw name="Input Text" owner="SeleniumLibrary">
<msg time="2024-09-22T17:35:43.036121" level="INFO">Typing text 'regularpw' into text field '//*[@id="password"]'.</msg>
<arg>${PW FIELD}</arg>
<arg>${pw}</arg>
<doc>Types the given ``text`` into the text field identified by ``locator``.</doc>
<status status="PASS" start="2024-09-22T17:35:43.036121" elapsed="0.233406"/>
</kw>
<kw name="Click Button" owner="SeleniumLibrary">
<msg time="2024-09-22T17:35:43.270525" level="INFO">Clicking button '//*[@id="login-button"]'.</msg>
<arg>${LOGIN BUTTON}</arg>
<doc>Clicks the button identified by ``locator``.</doc>
<status status="PASS" start="2024-09-22T17:35:43.269527" elapsed="0.103791"/>
</kw>
<kw name="Sleep" owner="BuiltIn">
<msg time="2024-09-22T17:35:44.373782" level="INFO">Slept 1 second.</msg>
<arg>1s</arg>
<doc>Pauses the test executed for the given time.</doc>
<status status="PASS" start="2024-09-22T17:35:43.373318" elapsed="1.000464"/>
</kw>
<arg>regular@gmail.com</arg>
<arg>regularpw</arg>
<status status="PASS" start="2024-09-22T17:35:42.637874" elapsed="1.735908"/>
</kw>
<kw name="Wait Until Page Contains" owner="SeleniumLibrary">
<arg>Trending movies</arg>
<doc>Waits until ``text`` appears on the current page.</doc>
<status status="PASS" start="2024-09-22T17:35:44.373782" elapsed="0.938207"/>
</kw>
<kw name="Verify logged in" owner="commonKeywords">
<kw name="Wait Until Page Contains" owner="SeleniumLibrary">
<arg>Trending movies</arg>
<doc>Waits until ``text`` appears on the current page.</doc>
<status status="PASS" start="2024-09-22T17:35:45.312990" elapsed="0.010000"/>
</kw>
<kw name="Click Element" owner="SeleniumLibrary">
<msg time="2024-09-22T17:35:45.323991" level="INFO">Clicking element '//*[@data-testid="AccountCircleIcon"]'.</msg>
<arg>${ACCOUNT MENU}</arg>
<doc>Click the element identified by ``locator``.</doc>
<status status="PASS" start="2024-09-22T17:35:45.322990" elapsed="0.059189"/>
</kw>
<kw name="Page Should Contain Element" owner="SeleniumLibrary">
<msg time="2024-09-22T17:35:45.395732" level="INFO">Current page contains element '//*[@id="my-account"]'.</msg>
<arg>${ACCOUNT MENU MY ACCOUNT}</arg>
<doc>Verifies that element ``locator`` is found on the current page.</doc>
<status status="PASS" start="2024-09-22T17:35:45.382733" elapsed="0.012999"/>
</kw>
<kw name="Press Keys" owner="SeleniumLibrary">
<msg time="2024-09-22T17:35:45.396731" level="INFO">Sending key(s) ('ESCAPE',) to //*[@data-testid="AccountCircleIcon"] element.</msg>
<msg time="2024-09-22T17:35:45.737731" level="INFO">Pressing special key ESCAPE to element.</msg>
<msg time="2024-09-22T17:35:45.738732" level="INFO">Releasing special key ESCAPE.</msg>
<arg>${ACCOUNT MENU}</arg>
<arg>ESCAPE</arg>
<doc>Simulates the user pressing key(s) to an element or on the active browser.</doc>
<status status="PASS" start="2024-09-22T17:35:45.395732" elapsed="0.353105"/>
</kw>
<status status="PASS" start="2024-09-22T17:35:45.312990" elapsed="0.436167"/>
</kw>
<kw name="Page Should Contain" owner="SeleniumLibrary">
<msg time="2024-09-22T17:35:45.774677" level="INFO">Current page contains text 'Watchlist'.</msg>
<arg>Watchlist</arg>
<doc>Verifies that current page contains ``text``.</doc>
<status status="PASS" start="2024-09-22T17:35:45.750055" elapsed="0.025624"/>
</kw>
<kw name="Page Should Contain" owner="SeleniumLibrary">
<msg time="2024-09-22T17:35:45.796281" level="INFO">Current page contains text 'My Reviews'.</msg>
<arg>My Reviews</arg>
<doc>Verifies that current page contains ``text``.</doc>
<status status="PASS" start="2024-09-22T17:35:45.775679" elapsed="0.020602"/>
</kw>
<kw name="Close Browser" owner="SeleniumLibrary" type="TEARDOWN">
<doc>Closes the current browser.</doc>
<status status="PASS" start="2024-09-22T17:35:45.797280" elapsed="2.237603"/>
</kw>
<doc>Verifies that login succeeds with correct credentials</doc>
<tag>Login</tag>
<status status="PASS" start="2024-09-22T17:35:35.964823" elapsed="12.070060"/>
</test>
<test id="s1-s1-t3" name="Login fails with incorrect credentials" line="28">
<kw name="Setup tests" owner="loginKeywords" type="SETUP">
<kw name="Clear test database" owner="commonKeywords">
<kw name="POST" owner="RequestsLibrary">
<msg time="2024-09-22T17:35:49.071077" level="INFO">POST Request : url=http://localhost:5173/api/testing/reset 
 path_url=/api/testing/reset 
 headers={'User-Agent': 'python-requests/2.32.3', 'Accept-Encoding': 'gzip, deflate', 'Accept': '*/*', 'Connection': 'keep-alive', 'Content-Length': '0'} 
 body=None 
 </msg>
<msg time="2024-09-22T17:35:49.071077" level="INFO">POST Response : url=http://localhost:5173/api/testing/reset 
 status=204, reason=No Content 
 headers={'access-control-allow-origin': '*', 'x-powered-by': 'Express', 'date': 'Sun, 22 Sep 2024 14:35:49 GMT', 'connection': 'close'} 
 body=None 
 </msg>
<arg>${BACKEND}/testing/reset</arg>
<doc>Sends a POST request.</doc>
<status status="PASS" start="2024-09-22T17:35:48.037883" elapsed="1.033194"/>
</kw>
<status status="PASS" start="2024-09-22T17:35:48.037883" elapsed="1.033194"/>
</kw>
<kw name="Seed users to test database" owner="commonKeywords">
<kw name="Add user to test database" owner="commonKeywords">
<kw name="Create Dictionary" owner="BuiltIn">
<msg time="2024-09-22T17:35:49.072078" level="INFO">${body} = {'name': 'Regular User', 'email': 'regular@gmail.com', 'password': 'regularpw', 'role': 'user', 'disabled': False}</msg>
<var>${body}</var>
<arg>name=${name}</arg>
<arg>email=${email}</arg>
<arg>password=${password}</arg>
<arg>role=${role}</arg>
<arg>disabled=${disabled}</arg>
<doc>Creates and returns a dictionary based on the given ``items``.</doc>
<status status="PASS" start="2024-09-22T17:35:49.072078" elapsed="0.000000"/>
</kw>
<kw name="POST" owner="RequestsLibrary">
<msg time="2024-09-22T17:35:49.562953" level="INFO">POST Request : url=http://localhost:5173/api/users 
 path_url=/api/users 
 headers={'User-Agent': 'python-requests/2.32.3', 'Accept-Encoding': 'gzip, deflate', 'Accept': '*/*', 'Connection': 'keep-alive', 'Content-Length': '114', 'Content-Type': 'application/json'} 
 body=b'{"name": "Regular User", "email": "regular@gmail.com", "password": "regularpw", "role": "user", "disabled": false}' 
 </msg>
<msg time="2024-09-22T17:35:49.563517" level="INFO">POST Response : url=http://localhost:5173/api/users 
 status=200, reason=OK 
 headers={'access-control-allow-origin': '*', 'x-powered-by': 'Express', 'content-type': 'application/json; charset=utf-8', 'content-length': '245', 'etag': 'W/"f5-3o9YZqdW1GnTx4/64Sa5B6jzjZs"', 'date': 'Sun, 22 Sep 2024 14:35:49 GMT', 'connection': 'close'} 
 body={"id":12581,"name":"Regular User","email":"regular@gmail.com","role":"user","password":"$2b$10$7PLlOV6WTik4FmDMLwodMu8hdA0h/inGOuk7zW8iX2CtBfqaLw3nu","disabled":false,"updatedAt":"2024-09-22T14:35:49.353Z","createdAt":"2024-09-22T14:35:49.353Z"} 
 </msg>
<arg>${BACKEND}/users</arg>
<arg>json=${body}</arg>
<doc>Sends a POST request.</doc>
<status status="PASS" start="2024-09-22T17:35:49.072078" elapsed="0.491439"/>
</kw>
<arg>Regular User</arg>
<arg>regular@gmail.com</arg>
<arg>regularpw</arg>
<arg>user</arg>
<arg>${False}</arg>
<status status="PASS" start="2024-09-22T17:35:49.072078" elapsed="0.491439"/>
</kw>
<kw name="Add user to test database" owner="commonKeywords">
<kw name="Create Dictionary" owner="BuiltIn">
<msg time="2024-09-22T17:35:49.564549" level="INFO">${body} = {'name': 'Mod User', 'email': 'moderator@gmail.com', 'password': 'moderatorpw', 'role': 'moderator', 'disabled': False}</msg>
<var>${body}</var>
<arg>name=${name}</arg>
<arg>email=${email}</arg>
<arg>password=${password}</arg>
<arg>role=${role}</arg>
<arg>disabled=${disabled}</arg>
<doc>Creates and returns a dictionary based on the given ``items``.</doc>
<status status="PASS" start="2024-09-22T17:35:49.564259" elapsed="0.000290"/>
</kw>
<kw name="POST" owner="RequestsLibrary">
<msg time="2024-09-22T17:35:50.042465" level="INFO">POST Request : url=http://localhost:5173/api/users 
 path_url=/api/users 
 headers={'User-Agent': 'python-requests/2.32.3', 'Accept-Encoding': 'gzip, deflate', 'Accept': '*/*', 'Connection': 'keep-alive', 'Content-Length': '119', 'Content-Type': 'application/json'} 
 body=b'{"name": "Mod User", "email": "moderator@gmail.com", "password": "moderatorpw", "role": "moderator", "disabled": false}' 
 </msg>
<msg time="2024-09-22T17:35:50.042465" level="INFO">POST Response : url=http://localhost:5173/api/users 
 status=200, reason=OK 
 headers={'access-control-allow-origin': '*', 'x-powered-by': 'Express', 'content-type': 'application/json; charset=utf-8', 'content-length': '248', 'etag': 'W/"f8-Kv/cQi5y4RLeyWKda5K2QTdh8Rs"', 'date': 'Sun, 22 Sep 2024 14:35:50 GMT', 'connection': 'close'} 
 body={"id":12582,"name":"Mod User","email":"moderator@gmail.com","role":"moderator","password":"$2b$10$I11ibB3rvA1nyaRYwxerVOFrc/rjYoq3dQCW8nuBSt.Zjg5LzaG.6","disabled":false,"updatedAt":"2024-09-22T14:35:49.824Z","createdAt":"2024-09-22T14:35:49.824Z"} 
 </msg>
<arg>${BACKEND}/users</arg>
<arg>json=${body}</arg>
<doc>Sends a POST request.</doc>
<status status="PASS" start="2024-09-22T17:35:49.564549" elapsed="0.477916"/>
</kw>
<arg>Mod User</arg>
<arg>moderator@gmail.com</arg>
<arg>moderatorpw</arg>
<arg>moderator</arg>
<arg>${False}</arg>
<status status="PASS" start="2024-09-22T17:35:49.563517" elapsed="0.478948"/>
</kw>
<kw name="Add user to test database" owner="commonKeywords">
<kw name="Create Dictionary" owner="BuiltIn">
<msg time="2024-09-22T17:35:50.043456" level="INFO">${body} = {'name': 'Admin User', 'email': 'admin@gmail.com', 'password': 'adminpw', 'role': 'admin', 'disabled': False}</msg>
<var>${body}</var>
<arg>name=${name}</arg>
<arg>email=${email}</arg>
<arg>password=${password}</arg>
<arg>role=${role}</arg>
<arg>disabled=${disabled}</arg>
<doc>Creates and returns a dictionary based on the given ``items``.</doc>
<status status="PASS" start="2024-09-22T17:35:50.043456" elapsed="0.000000"/>
</kw>
<kw name="POST" owner="RequestsLibrary">
<msg time="2024-09-22T17:35:50.537298" level="INFO">POST Request : url=http://localhost:5173/api/users 
 path_url=/api/users 
 headers={'User-Agent': 'python-requests/2.32.3', 'Accept-Encoding': 'gzip, deflate', 'Accept': '*/*', 'Connection': 'keep-alive', 'Content-Length': '109', 'Content-Type': 'application/json'} 
 body=b'{"name": "Admin User", "email": "admin@gmail.com", "password": "adminpw", "role": "admin", "disabled": false}' 
 </msg>
<msg time="2024-09-22T17:35:50.537298" level="INFO">POST Response : url=http://localhost:5173/api/users 
 status=200, reason=OK 
 headers={'access-control-allow-origin': '*', 'x-powered-by': 'Express', 'content-type': 'application/json; charset=utf-8', 'content-length': '242', 'etag': 'W/"f2-3Bf9CVYNDT4factdjmpkCdPmidE"', 'date': 'Sun, 22 Sep 2024 14:35:50 GMT', 'connection': 'close'} 
 body={"id":12583,"name":"Admin User","email":"admin@gmail.com","role":"admin","password":"$2b$10$yXQVExWC5LIGU84wWzD81Oi5H.u0FjjiVR31T3AI0FVeG2nXhokdu","disabled":false,"updatedAt":"2024-09-22T14:35:50.302Z","createdAt":"2024-09-22T14:35:50.302Z"} 
 </msg>
<arg>${BACKEND}/users</arg>
<arg>json=${body}</arg>
<doc>Sends a POST request.</doc>
<status status="PASS" start="2024-09-22T17:35:50.043456" elapsed="0.493842"/>
</kw>
<arg>Admin User</arg>
<arg>admin@gmail.com</arg>
<arg>adminpw</arg>
<arg>admin</arg>
<arg>${False}</arg>
<status status="PASS" start="2024-09-22T17:35:50.042465" elapsed="0.495833"/>
</kw>
<kw name="Add user to test database" owner="commonKeywords">
<kw name="Create Dictionary" owner="BuiltIn">
<msg time="2024-09-22T17:35:50.538298" level="INFO">${body} = {'name': 'Disabled User', 'email': 'disabled@gmail.com', 'password': 'disabledpw', 'role': 'user', 'disabled': True}</msg>
<var>${body}</var>
<arg>name=${name}</arg>
<arg>email=${email}</arg>
<arg>password=${password}</arg>
<arg>role=${role}</arg>
<arg>disabled=${disabled}</arg>
<doc>Creates and returns a dictionary based on the given ``items``.</doc>
<status status="PASS" start="2024-09-22T17:35:50.538298" elapsed="0.001000"/>
</kw>
<kw name="POST" owner="RequestsLibrary">
<msg time="2024-09-22T17:35:50.986305" level="INFO">POST Request : url=http://localhost:5173/api/users 
 path_url=/api/users 
 headers={'User-Agent': 'python-requests/2.32.3', 'Accept-Encoding': 'gzip, deflate', 'Accept': '*/*', 'Connection': 'keep-alive', 'Content-Length': '116', 'Content-Type': 'application/json'} 
 body=b'{"name": "Disabled User", "email": "disabled@gmail.com", "password": "disabledpw", "role": "user", "disabled": true}' 
 </msg>
<msg time="2024-09-22T17:35:50.986305" level="INFO">POST Response : url=http://localhost:5173/api/users 
 status=200, reason=OK 
 headers={'access-control-allow-origin': '*', 'x-powered-by': 'Express', 'content-type': 'application/json; charset=utf-8', 'content-length': '246', 'etag': 'W/"f6-vMafdddHHCgJaOb/HlJxh5QiuTo"', 'date': 'Sun, 22 Sep 2024 14:35:50 GMT', 'connection': 'close'} 
 body={"id":12584,"name":"Disabled User","email":"disabled@gmail.com","role":"user","password":"$2b$10$xQzdjnNIz6c85to9GXpo5u9y81ya77HKygJCeraYCEYY5CexHZc2C","disabled":true,"updatedAt":"2024-09-22T14:35:50.800Z","createdAt":"2024-09-22T14:35:50.800Z"} 
 </msg>
<arg>${BACKEND}/users</arg>
<arg>json=${body}</arg>
<doc>Sends a POST request.</doc>
<status status="PASS" start="2024-09-22T17:35:50.539298" elapsed="0.447007"/>
</kw>
<arg>Disabled User</arg>
<arg>disabled@gmail.com</arg>
<arg>disabledpw</arg>
<arg>user</arg>
<arg>${True}</arg>
<status status="PASS" start="2024-09-22T17:35:50.538298" elapsed="0.448007"/>
</kw>
<status status="PASS" start="2024-09-22T17:35:49.071077" elapsed="1.915228"/>
</kw>
<kw name="Open browser on TMS home page" owner="commonKeywords">
<kw name="Open Browser" owner="SeleniumLibrary">
<msg time="2024-09-22T17:35:50.987309" level="INFO">Opening browser 'chrome' to base url 'http://localhost:5173'.</msg>
<arg>${HOME PAGE}</arg>
<arg>${BROWSER}</arg>
<doc>Opens a new browser instance to the optional ``url``.</doc>
<status status="PASS" start="2024-09-22T17:35:50.987309" elapsed="2.707093"/>
</kw>
<kw name="Maximize Browser Window" owner="SeleniumLibrary">
<doc>Maximizes current browser window.</doc>
<status status="PASS" start="2024-09-22T17:35:53.694402" elapsed="0.050205"/>
</kw>
<kw name="Wait Until Page Contains" owner="SeleniumLibrary">
<arg>Trending movies</arg>
<doc>Waits until ``text`` appears on the current page.</doc>
<status status="PASS" start="2024-09-22T17:35:53.744607" elapsed="0.699689"/>
</kw>
<kw name="Title Should Be" owner="SeleniumLibrary">
<msg time="2024-09-22T17:35:54.451540" level="INFO">Page title is 'The Movie Stead'.</msg>
<arg>The Movie Stead</arg>
<doc>Verifies that the current page title equals ``title``.</doc>
<status status="PASS" start="2024-09-22T17:35:54.444523" elapsed="0.007017"/>
</kw>
<status status="PASS" start="2024-09-22T17:35:50.987309" elapsed="3.464758"/>
</kw>
<status status="PASS" start="2024-09-22T17:35:48.037883" elapsed="6.414184"/>
</kw>
<kw name="Navigate to login page" owner="commonKeywords">
<kw name="Click Element" owner="SeleniumLibrary">
<msg time="2024-09-22T17:35:54.453112" level="INFO">Clicking element '//*[@data-testid="AccountCircleIcon"]'.</msg>
<arg>${ACCOUNT MENU}</arg>
<doc>Click the element identified by ``locator``.</doc>
<status status="PASS" start="2024-09-22T17:35:54.452590" elapsed="0.142229"/>
</kw>
<kw name="Click Element" owner="SeleniumLibrary">
<msg time="2024-09-22T17:35:54.594819" level="INFO">Clicking element '//*[@id="account-menu-login"]'.</msg>
<arg>${ACCOUNT MENU LOGIN}</arg>
<doc>Click the element identified by ``locator``.</doc>
<status status="PASS" start="2024-09-22T17:35:54.594819" elapsed="0.147294"/>
</kw>
<kw name="Wait Until Page Contains" owner="SeleniumLibrary">
<arg>The Movie Stead - Login</arg>
<doc>Waits until ``text`` appears on the current page.</doc>
<status status="PASS" start="2024-09-22T17:35:54.742113" elapsed="0.012000"/>
</kw>
<kw name="Page Should Contain" owner="SeleniumLibrary">
<msg time="2024-09-22T17:35:54.766861" level="INFO">Current page contains text 'Don't have an account? Sign Up'.</msg>
<arg>Don't have an account? Sign Up</arg>
<doc>Verifies that current page contains ``text``.</doc>
<status status="PASS" start="2024-09-22T17:35:54.754113" elapsed="0.012748"/>
</kw>
<status status="PASS" start="2024-09-22T17:35:54.452590" elapsed="0.314271"/>
</kw>
<kw name="Fill form and login" owner="commonKeywords">
<kw name="Input Text" owner="SeleniumLibrary">
<msg time="2024-09-22T17:35:54.767863" level="INFO">Typing text 'regular@gmail.com' into text field '//*[@id="email"]'.</msg>
<arg>${EMAIL FIELD}</arg>
<arg>${email}</arg>
<doc>Types the given ``text`` into the text field identified by ``locator``.</doc>
<status status="PASS" start="2024-09-22T17:35:54.767863" elapsed="0.366436"/>
</kw>
<kw name="Input Text" owner="SeleniumLibrary">
<msg time="2024-09-22T17:35:55.134299" level="INFO">Typing text 'regularp' into text field '//*[@id="password"]'.</msg>
<arg>${PW FIELD}</arg>
<arg>${pw}</arg>
<doc>Types the given ``text`` into the text field identified by ``locator``.</doc>
<status status="PASS" start="2024-09-22T17:35:55.134299" elapsed="0.257730"/>
</kw>
<kw name="Click Button" owner="SeleniumLibrary">
<msg time="2024-09-22T17:35:55.392029" level="INFO">Clicking button '//*[@id="login-button"]'.</msg>
<arg>${LOGIN BUTTON}</arg>
<doc>Clicks the button identified by ``locator``.</doc>
<status status="PASS" start="2024-09-22T17:35:55.392029" elapsed="0.115836"/>
</kw>
<kw name="Sleep" owner="BuiltIn">
<msg time="2024-09-22T17:35:56.508443" level="INFO">Slept 1 second.</msg>
<arg>1s</arg>
<doc>Pauses the test executed for the given time.</doc>
<status status="PASS" start="2024-09-22T17:35:55.507865" elapsed="1.000578"/>
</kw>
<arg>regular@gmail.com</arg>
<arg>regularp</arg>
<status status="PASS" start="2024-09-22T17:35:54.767863" elapsed="1.740580"/>
</kw>
<kw name="Verify unsuccessfull login" owner="commonKeywords">
<kw name="Verify not logged in" owner="commonKeywords">
<kw name="Click Element" owner="SeleniumLibrary">
<msg time="2024-09-22T17:35:56.510128" level="INFO">Clicking element '//*[@data-testid="AccountCircleIcon"]'.</msg>
<arg>${ACCOUNT MENU}</arg>
<doc>Click the element identified by ``locator``.</doc>
<status status="PASS" start="2024-09-22T17:35:56.509441" elapsed="0.049556"/>
</kw>
<kw name="Page Should Not Contain Element" owner="SeleniumLibrary">
<msg time="2024-09-22T17:35:56.573230" level="INFO">Current page does not contain element '//*[@id="my-account"]'.</msg>
<arg>${ACCOUNT MENU MY ACCOUNT}</arg>
<doc>Verifies that element ``locator`` is not found on the current page.</doc>
<status status="PASS" start="2024-09-22T17:35:56.558997" elapsed="0.014233"/>
</kw>
<kw name="Press Keys" owner="SeleniumLibrary">
<msg time="2024-09-22T17:35:56.574188" level="INFO">Sending key(s) ('ESCAPE',) to //*[@data-testid="AccountCircleIcon"] element.</msg>
<msg time="2024-09-22T17:35:56.885092" level="INFO">Pressing special key ESCAPE to element.</msg>
<msg time="2024-09-22T17:35:56.885092" level="INFO">Releasing special key ESCAPE.</msg>
<arg>${ACCOUNT MENU}</arg>
<arg>ESCAPE</arg>
<doc>Simulates the user pressing key(s) to an element or on the active browser.</doc>
<status status="PASS" start="2024-09-22T17:35:56.573230" elapsed="0.321878"/>
</kw>
<status status="PASS" start="2024-09-22T17:35:56.509441" elapsed="0.386668"/>
</kw>
<kw name="Page Should Not Contain" owner="SeleniumLibrary">
<msg time="2024-09-22T17:35:56.918792" level="INFO">Current page does not contain text 'Trending movies'.</msg>
<arg>Trending movies</arg>
<doc>Verifies the current page does not contain ``text``.</doc>
<status status="PASS" start="2024-09-22T17:35:56.896109" elapsed="0.022683"/>
</kw>
<kw name="Page Should Not Contain" owner="SeleniumLibrary">
<msg time="2024-09-22T17:35:56.943630" level="INFO">Current page does not contain text 'Watchlist'.</msg>
<arg>Watchlist</arg>
<doc>Verifies the current page does not contain ``text``.</doc>
<status status="PASS" start="2024-09-22T17:35:56.918792" elapsed="0.024838"/>
</kw>
<kw name="Page Should Not Contain" owner="SeleniumLibrary">
<msg time="2024-09-22T17:35:56.964630" level="INFO">Current page does not contain text 'My Reviews'.</msg>
<arg>My Reviews</arg>
<doc>Verifies the current page does not contain ``text``.</doc>
<status status="PASS" start="2024-09-22T17:35:56.943630" elapsed="0.021000"/>
</kw>
<status status="PASS" start="2024-09-22T17:35:56.509441" elapsed="0.455189"/>
</kw>
<kw name="Clear login form" owner="loginKeywords">
<kw name="Press Keys" owner="SeleniumLibrary">
<msg time="2024-09-22T17:35:56.966627" level="INFO">Sending key(s) ('CTRL+A BACKSPACE',) to //*[@id="email"] element.</msg>
<msg time="2024-09-22T17:35:57.255841" level="INFO">Pressing special key CONTROL down.</msg>
<msg time="2024-09-22T17:35:57.256841" level="INFO">Sending keys A BACKSPACE</msg>
<msg time="2024-09-22T17:35:57.256841" level="INFO">Releasing special key CONTROL.</msg>
<arg>${EMAIL FIELD}</arg>
<arg>CTRL+A BACKSPACE</arg>
<doc>Simulates the user pressing key(s) to an element or on the active browser.</doc>
<status status="PASS" start="2024-09-22T17:35:56.965627" elapsed="0.349018"/>
</kw>
<kw name="Get Element Attribute" owner="SeleniumLibrary">
<msg time="2024-09-22T17:35:57.330644" level="INFO">${email} =  </msg>
<var>${email}</var>
<arg>${EMAIL FIELD}</arg>
<arg>value</arg>
<doc>Returns the value of ``attribute`` from the element ``locator``.</doc>
<status status="PASS" start="2024-09-22T17:35:57.314645" elapsed="0.015999"/>
</kw>
<kw name="Get Length" owner="BuiltIn">
<msg time="2024-09-22T17:35:57.330644" level="INFO">Length is 1.</msg>
<msg time="2024-09-22T17:35:57.330644" level="INFO">${length} = 1</msg>
<var>${length}</var>
<arg>${email}</arg>
<doc>Returns and logs the length of the given item as an integer.</doc>
<status status="PASS" start="2024-09-22T17:35:57.330644" elapsed="0.000000"/>
</kw>
<kw name="Run Keyword If" owner="BuiltIn">
<kw name="Repeat Keyword" owner="BuiltIn">
<msg time="2024-09-22T17:35:57.331645" level="INFO">Repeating keyword, round 1/2.</msg>
<kw name="Press Keys" owner="SeleniumLibrary">
<msg time="2024-09-22T17:35:57.331645" level="INFO">Sending key(s) ('BACKSPACE',) to //*[@id="email"] element.</msg>
<msg time="2024-09-22T17:35:57.609981" level="INFO">Pressing special key BACKSPACE to element.</msg>
<msg time="2024-09-22T17:35:57.609981" level="INFO">Releasing special key BACKSPACE.</msg>
<arg>${EMAIL FIELD}</arg>
<arg>BACKSPACE</arg>
<doc>Simulates the user pressing key(s) to an element or on the active browser.</doc>
<status status="PASS" start="2024-09-22T17:35:57.331645" elapsed="0.307338"/>
</kw>
<msg time="2024-09-22T17:35:57.638983" level="INFO">Repeating keyword, round 2/2.</msg>
<kw name="Press Keys" owner="SeleniumLibrary">
<msg time="2024-09-22T17:35:57.640014" level="INFO">Sending key(s) ('BACKSPACE',) to //*[@id="email"] element.</msg>
<msg time="2024-09-22T17:35:57.941760" level="INFO">Pressing special key BACKSPACE to element.</msg>
<msg time="2024-09-22T17:35:57.941760" level="INFO">Releasing special key BACKSPACE.</msg>
<arg>${EMAIL FIELD}</arg>
<arg>BACKSPACE</arg>
<doc>Simulates the user pressing key(s) to an element or on the active browser.</doc>
<status status="PASS" start="2024-09-22T17:35:57.638983" elapsed="0.311777"/>
</kw>
<arg>${length + 1}</arg>
<arg>Press Keys</arg>
<arg>${EMAIL FIELD}</arg>
<arg>BACKSPACE</arg>
<doc>Executes the specified keyword multiple times.</doc>
<status status="PASS" start="2024-09-22T17:35:57.330644" elapsed="0.620116"/>
</kw>
<arg>"""${email}""" != ''</arg>
<arg>Repeat Keyword</arg>
<arg>${length + 1}</arg>
<arg>Press Keys</arg>
<arg>${EMAIL FIELD}</arg>
<arg>BACKSPACE</arg>
<doc>Runs the given keyword with the given arguments, if ``condition`` is true.</doc>
<status status="PASS" start="2024-09-22T17:35:57.330644" elapsed="0.621118"/>
</kw>
<kw name="Press Keys" owner="SeleniumLibrary">
<msg time="2024-09-22T17:35:57.952760" level="INFO">Sending key(s) ('CTRL+A BACKSPACE',) to //*[@id="password"] element.</msg>
<msg time="2024-09-22T17:35:58.291086" level="INFO">Pressing special key CONTROL down.</msg>
<msg time="2024-09-22T17:35:58.291086" level="INFO">Sending keys A BACKSPACE</msg>
<msg time="2024-09-22T17:35:58.291086" level="INFO">Releasing special key CONTROL.</msg>
<arg>${PW FIELD}</arg>
<arg>CTRL+A BACKSPACE</arg>
<doc>Simulates the user pressing key(s) to an element or on the active browser.</doc>
<status status="PASS" start="2024-09-22T17:35:57.951762" elapsed="0.387373"/>
</kw>
<kw name="Get Element Attribute" owner="SeleniumLibrary">
<msg time="2024-09-22T17:35:58.362898" level="INFO">${pw} =  </msg>
<var>${pw}</var>
<arg>${PW FIELD}</arg>
<arg>value</arg>
<doc>Returns the value of ``attribute`` from the element ``locator``.</doc>
<status status="PASS" start="2024-09-22T17:35:58.340128" elapsed="0.022770"/>
</kw>
<kw name="Get Length" owner="BuiltIn">
<msg time="2024-09-22T17:35:58.362898" level="INFO">Length is 1.</msg>
<msg time="2024-09-22T17:35:58.362898" level="INFO">${length} = 1</msg>
<var>${length}</var>
<arg>${pw}</arg>
<doc>Returns and logs the length of the given item as an integer.</doc>
<status status="PASS" start="2024-09-22T17:35:58.362898" elapsed="0.000000"/>
</kw>
<kw name="Run Keyword If" owner="BuiltIn">
<kw name="Repeat Keyword" owner="BuiltIn">
<msg time="2024-09-22T17:35:58.364897" level="INFO">Repeating keyword, round 1/2.</msg>
<kw name="Press Keys" owner="SeleniumLibrary">
<msg time="2024-09-22T17:35:58.364897" level="INFO">Sending key(s) ('BACKSPACE',) to //*[@id="password"] element.</msg>
<msg time="2024-09-22T17:35:58.666213" level="INFO">Pressing special key BACKSPACE to element.</msg>
<msg time="2024-09-22T17:35:58.666213" level="INFO">Releasing special key BACKSPACE.</msg>
<arg>${PW FIELD}</arg>
<arg>BACKSPACE</arg>
<doc>Simulates the user pressing key(s) to an element or on the active browser.</doc>
<status status="PASS" start="2024-09-22T17:35:58.364897" elapsed="0.325323"/>
</kw>
<msg time="2024-09-22T17:35:58.690220" level="INFO">Repeating keyword, round 2/2.</msg>
<kw name="Press Keys" owner="SeleniumLibrary">
<msg time="2024-09-22T17:35:58.691202" level="INFO">Sending key(s) ('BACKSPACE',) to //*[@id="password"] element.</msg>
<msg time="2024-09-22T17:35:58.976672" level="INFO">Pressing special key BACKSPACE to element.</msg>
<msg time="2024-09-22T17:35:58.976672" level="INFO">Releasing special key BACKSPACE.</msg>
<arg>${PW FIELD}</arg>
<arg>BACKSPACE</arg>
<doc>Simulates the user pressing key(s) to an element or on the active browser.</doc>
<status status="PASS" start="2024-09-22T17:35:58.690220" elapsed="0.291600"/>
</kw>
<arg>${length + 1}</arg>
<arg>Press Keys</arg>
<arg>${PW FIELD}</arg>
<arg>BACKSPACE</arg>
<doc>Executes the specified keyword multiple times.</doc>
<status status="PASS" start="2024-09-22T17:35:58.363899" elapsed="0.617921"/>
</kw>
<arg>"""${pw}""" != ''</arg>
<arg>Repeat Keyword</arg>
<arg>${length + 1}</arg>
<arg>Press Keys</arg>
<arg>${PW FIELD}</arg>
<arg>BACKSPACE</arg>
<doc>Runs the given keyword with the given arguments, if ``condition`` is true.</doc>
<status status="PASS" start="2024-09-22T17:35:58.362898" elapsed="0.618922"/>
</kw>
<status status="PASS" start="2024-09-22T17:35:56.965627" elapsed="2.016193"/>
</kw>
<kw name="Fill form and login" owner="commonKeywords">
<kw name="Input Text" owner="SeleniumLibrary">
<msg time="2024-09-22T17:35:58.982820" level="INFO">Typing text 'reglar@gmail.com' into text field '//*[@id="email"]'.</msg>
<arg>${EMAIL FIELD}</arg>
<arg>${email}</arg>
<doc>Types the given ``text`` into the text field identified by ``locator``.</doc>
<status status="PASS" start="2024-09-22T17:35:58.982820" elapsed="0.300795"/>
</kw>
<kw name="Input Text" owner="SeleniumLibrary">
<msg time="2024-09-22T17:35:59.283615" level="INFO">Typing text 'regularpw' into text field '//*[@id="password"]'.</msg>
<arg>${PW FIELD}</arg>
<arg>${pw}</arg>
<doc>Types the given ``text`` into the text field identified by ``locator``.</doc>
<status status="PASS" start="2024-09-22T17:35:59.283615" elapsed="0.230064"/>
</kw>
<kw name="Click Button" owner="SeleniumLibrary">
<msg time="2024-09-22T17:35:59.514208" level="INFO">Clicking button '//*[@id="login-button"]'.</msg>
<arg>${LOGIN BUTTON}</arg>
<doc>Clicks the button identified by ``locator``.</doc>
<status status="PASS" start="2024-09-22T17:35:59.513679" elapsed="0.086272"/>
</kw>
<kw name="Sleep" owner="BuiltIn">
<msg time="2024-09-22T17:36:00.600667" level="INFO">Slept 1 second.</msg>
<arg>1s</arg>
<doc>Pauses the test executed for the given time.</doc>
<status status="PASS" start="2024-09-22T17:35:59.599951" elapsed="1.000716"/>
</kw>
<arg>reglar@gmail.com</arg>
<arg>regularpw</arg>
<status status="PASS" start="2024-09-22T17:35:58.982820" elapsed="1.617847"/>
</kw>
<kw name="Verify unsuccessfull login" owner="commonKeywords">
<kw name="Verify not logged in" owner="commonKeywords">
<kw name="Click Element" owner="SeleniumLibrary">
<msg time="2024-09-22T17:36:00.602524" level="INFO">Clicking element '//*[@data-testid="AccountCircleIcon"]'.</msg>
<arg>${ACCOUNT MENU}</arg>
<doc>Click the element identified by ``locator``.</doc>
<status status="PASS" start="2024-09-22T17:36:00.602119" elapsed="0.058397"/>
</kw>
<kw name="Page Should Not Contain Element" owner="SeleniumLibrary">
<msg time="2024-09-22T17:36:00.670182" level="INFO">Current page does not contain element '//*[@id="my-account"]'.</msg>
<arg>${ACCOUNT MENU MY ACCOUNT}</arg>
<doc>Verifies that element ``locator`` is not found on the current page.</doc>
<status status="PASS" start="2024-09-22T17:36:00.660516" elapsed="0.009666"/>
</kw>
<kw name="Press Keys" owner="SeleniumLibrary">
<msg time="2024-09-22T17:36:00.671183" level="INFO">Sending key(s) ('ESCAPE',) to //*[@data-testid="AccountCircleIcon"] element.</msg>
<msg time="2024-09-22T17:36:00.963434" level="INFO">Pressing special key ESCAPE to element.</msg>
<msg time="2024-09-22T17:36:00.963434" level="INFO">Releasing special key ESCAPE.</msg>
<arg>${ACCOUNT MENU}</arg>
<arg>ESCAPE</arg>
<doc>Simulates the user pressing key(s) to an element or on the active browser.</doc>
<status status="PASS" start="2024-09-22T17:36:00.670182" elapsed="0.302594"/>
</kw>
<status status="PASS" start="2024-09-22T17:36:00.602119" elapsed="0.370657"/>
</kw>
<kw name="Page Should Not Contain" owner="SeleniumLibrary">
<msg time="2024-09-22T17:36:00.991515" level="INFO">Current page does not contain text 'Trending movies'.</msg>
<arg>Trending movies</arg>
<doc>Verifies the current page does not contain ``text``.</doc>
<status status="PASS" start="2024-09-22T17:36:00.972776" elapsed="0.018739"/>
</kw>
<kw name="Page Should Not Contain" owner="SeleniumLibrary">
<msg time="2024-09-22T17:36:01.008874" level="INFO">Current page does not contain text 'Watchlist'.</msg>
<arg>Watchlist</arg>
<doc>Verifies the current page does not contain ``text``.</doc>
<status status="PASS" start="2024-09-22T17:36:00.991515" elapsed="0.018357"/>
</kw>
<kw name="Page Should Not Contain" owner="SeleniumLibrary">
<msg time="2024-09-22T17:36:01.028818" level="INFO">Current page does not contain text 'My Reviews'.</msg>
<arg>My Reviews</arg>
<doc>Verifies the current page does not contain ``text``.</doc>
<status status="PASS" start="2024-09-22T17:36:01.009872" elapsed="0.018946"/>
</kw>
<status status="PASS" start="2024-09-22T17:36:00.601667" elapsed="0.427151"/>
</kw>
<kw name="Close Browser" owner="SeleniumLibrary" type="TEARDOWN">
<doc>Closes the current browser.</doc>
<status status="PASS" start="2024-09-22T17:36:01.029820" elapsed="2.206301"/>
</kw>
<doc>Verifies that login fails with incorrect credentials</doc>
<tag>Login</tag>
<status status="PASS" start="2024-09-22T17:35:48.036886" elapsed="15.199235"/>
</test>
<test id="s1-s1-t4" name="Login fails with a disabled account" line="38">
<kw name="Setup tests" owner="loginKeywords" type="SETUP">
<kw name="Clear test database" owner="commonKeywords">
<kw name="POST" owner="RequestsLibrary">
<msg time="2024-09-22T17:36:04.276780" level="INFO">POST Request : url=http://localhost:5173/api/testing/reset 
 path_url=/api/testing/reset 
 headers={'User-Agent': 'python-requests/2.32.3', 'Accept-Encoding': 'gzip, deflate', 'Accept': '*/*', 'Connection': 'keep-alive', 'Content-Length': '0'} 
 body=None 
 </msg>
<msg time="2024-09-22T17:36:04.276780" level="INFO">POST Response : url=http://localhost:5173/api/testing/reset 
 status=204, reason=No Content 
 headers={'access-control-allow-origin': '*', 'x-powered-by': 'Express', 'date': 'Sun, 22 Sep 2024 14:36:04 GMT', 'connection': 'close'} 
 body=None 
 </msg>
<arg>${BACKEND}/testing/reset</arg>
<doc>Sends a POST request.</doc>
<status status="PASS" start="2024-09-22T17:36:03.239123" elapsed="1.038212"/>
</kw>
<status status="PASS" start="2024-09-22T17:36:03.238120" elapsed="1.039215"/>
</kw>
<kw name="Seed users to test database" owner="commonKeywords">
<kw name="Add user to test database" owner="commonKeywords">
<kw name="Create Dictionary" owner="BuiltIn">
<msg time="2024-09-22T17:36:04.278958" level="INFO">${body} = {'name': 'Regular User', 'email': 'regular@gmail.com', 'password': 'regularpw', 'role': 'user', 'disabled': False}</msg>
<var>${body}</var>
<arg>name=${name}</arg>
<arg>email=${email}</arg>
<arg>password=${password}</arg>
<arg>role=${role}</arg>
<arg>disabled=${disabled}</arg>
<doc>Creates and returns a dictionary based on the given ``items``.</doc>
<status status="PASS" start="2024-09-22T17:36:04.277891" elapsed="0.001135"/>
</kw>
<kw name="POST" owner="RequestsLibrary">
<msg time="2024-09-22T17:36:04.753427" level="INFO">POST Request : url=http://localhost:5173/api/users 
 path_url=/api/users 
 headers={'User-Agent': 'python-requests/2.32.3', 'Accept-Encoding': 'gzip, deflate', 'Accept': '*/*', 'Connection': 'keep-alive', 'Content-Length': '114', 'Content-Type': 'application/json'} 
 body=b'{"name": "Regular User", "email": "regular@gmail.com", "password": "regularpw", "role": "user", "disabled": false}' 
 </msg>
<msg time="2024-09-22T17:36:04.753427" level="INFO">POST Response : url=http://localhost:5173/api/users 
 status=200, reason=OK 
 headers={'access-control-allow-origin': '*', 'x-powered-by': 'Express', 'content-type': 'application/json; charset=utf-8', 'content-length': '245', 'etag': 'W/"f5-Jezs/LauIT6jQS07bq5AC8rOfHs"', 'date': 'Sun, 22 Sep 2024 14:36:04 GMT', 'connection': 'close'} 
 body={"id":12585,"name":"Regular User","email":"regular@gmail.com","role":"user","password":"$2b$10$ebOvK3em5kxWb88hzVc2peab6p1guAOHjAgiC1XjByInrqZ4M9hm6","disabled":false,"updatedAt":"2024-09-22T14:36:04.555Z","createdAt":"2024-09-22T14:36:04.555Z"} 
 </msg>
<arg>${BACKEND}/users</arg>
<arg>json=${body}</arg>
<doc>Sends a POST request.</doc>
<status status="PASS" start="2024-09-22T17:36:04.279026" elapsed="0.474401"/>
</kw>
<arg>Regular User</arg>
<arg>regular@gmail.com</arg>
<arg>regularpw</arg>
<arg>user</arg>
<arg>${False}</arg>
<status status="PASS" start="2024-09-22T17:36:04.277891" elapsed="0.475536"/>
</kw>
<kw name="Add user to test database" owner="commonKeywords">
<kw name="Create Dictionary" owner="BuiltIn">
<msg time="2024-09-22T17:36:04.754449" level="INFO">${body} = {'name': 'Mod User', 'email': 'moderator@gmail.com', 'password': 'moderatorpw', 'role': 'moderator', 'disabled': False}</msg>
<var>${body}</var>
<arg>name=${name}</arg>
<arg>email=${email}</arg>
<arg>password=${password}</arg>
<arg>role=${role}</arg>
<arg>disabled=${disabled}</arg>
<doc>Creates and returns a dictionary based on the given ``items``.</doc>
<status status="PASS" start="2024-09-22T17:36:04.754449" elapsed="0.000000"/>
</kw>
<kw name="POST" owner="RequestsLibrary">
<msg time="2024-09-22T17:36:05.199193" level="INFO">POST Request : url=http://localhost:5173/api/users 
 path_url=/api/users 
 headers={'User-Agent': 'python-requests/2.32.3', 'Accept-Encoding': 'gzip, deflate', 'Accept': '*/*', 'Connection': 'keep-alive', 'Content-Length': '119', 'Content-Type': 'application/json'} 
 body=b'{"name": "Mod User", "email": "moderator@gmail.com", "password": "moderatorpw", "role": "moderator", "disabled": false}' 
 </msg>
<msg time="2024-09-22T17:36:05.199193" level="INFO">POST Response : url=http://localhost:5173/api/users 
 status=200, reason=OK 
 headers={'access-control-allow-origin': '*', 'x-powered-by': 'Express', 'content-type': 'application/json; charset=utf-8', 'content-length': '248', 'etag': 'W/"f8-URW5e9weYwqDP30Fo5hICsI/7mQ"', 'date': 'Sun, 22 Sep 2024 14:36:05 GMT', 'connection': 'close'} 
 body={"id":12586,"name":"Mod User","email":"moderator@gmail.com","role":"moderator","password":"$2b$10$/mf98haVONNNshb6ammv2u/s7airB1PgnHXDstSf.XzETrAX12L3G","disabled":false,"updatedAt":"2024-09-22T14:36:05.008Z","createdAt":"2024-09-22T14:36:05.008Z"} 
 </msg>
<arg>${BACKEND}/users</arg>
<arg>json=${body}</arg>
<doc>Sends a POST request.</doc>
<status status="PASS" start="2024-09-22T17:36:04.754449" elapsed="0.444744"/>
</kw>
<arg>Mod User</arg>
<arg>moderator@gmail.com</arg>
<arg>moderatorpw</arg>
<arg>moderator</arg>
<arg>${False}</arg>
<status status="PASS" start="2024-09-22T17:36:04.753427" elapsed="0.445766"/>
</kw>
<kw name="Add user to test database" owner="commonKeywords">
<kw name="Create Dictionary" owner="BuiltIn">
<msg time="2024-09-22T17:36:05.200191" level="INFO">${body} = {'name': 'Admin User', 'email': 'admin@gmail.com', 'password': 'adminpw', 'role': 'admin', 'disabled': False}</msg>
<var>${body}</var>
<arg>name=${name}</arg>
<arg>email=${email}</arg>
<arg>password=${password}</arg>
<arg>role=${role}</arg>
<arg>disabled=${disabled}</arg>
<doc>Creates and returns a dictionary based on the given ``items``.</doc>
<status status="PASS" start="2024-09-22T17:36:05.200191" elapsed="0.000000"/>
</kw>
<kw name="POST" owner="RequestsLibrary">
<msg time="2024-09-22T17:36:05.651919" level="INFO">POST Request : url=http://localhost:5173/api/users 
 path_url=/api/users 
 headers={'User-Agent': 'python-requests/2.32.3', 'Accept-Encoding': 'gzip, deflate', 'Accept': '*/*', 'Connection': 'keep-alive', 'Content-Length': '109', 'Content-Type': 'application/json'} 
 body=b'{"name": "Admin User", "email": "admin@gmail.com", "password": "adminpw", "role": "admin", "disabled": false}' 
 </msg>
<msg time="2024-09-22T17:36:05.651919" level="INFO">POST Response : url=http://localhost:5173/api/users 
 status=200, reason=OK 
 headers={'access-control-allow-origin': '*', 'x-powered-by': 'Express', 'content-type': 'application/json; charset=utf-8', 'content-length': '242', 'etag': 'W/"f2-EoOHcPFmZTK3/0uVs7J0ARx6ZPc"', 'date': 'Sun, 22 Sep 2024 14:36:05 GMT', 'connection': 'close'} 
 body={"id":12587,"name":"Admin User","email":"admin@gmail.com","role":"admin","password":"$2b$10$eVY94X5rJSjbSj5tl..npeqk3vncw/r5iH9rbC8MdctjbElxm2/6y","disabled":false,"updatedAt":"2024-09-22T14:36:05.456Z","createdAt":"2024-09-22T14:36:05.456Z"} 
 </msg>
<arg>${BACKEND}/users</arg>
<arg>json=${body}</arg>
<doc>Sends a POST request.</doc>
<status status="PASS" start="2024-09-22T17:36:05.200191" elapsed="0.451728"/>
</kw>
<arg>Admin User</arg>
<arg>admin@gmail.com</arg>
<arg>adminpw</arg>
<arg>admin</arg>
<arg>${False}</arg>
<status status="PASS" start="2024-09-22T17:36:05.199193" elapsed="0.452726"/>
</kw>
<kw name="Add user to test database" owner="commonKeywords">
<kw name="Create Dictionary" owner="BuiltIn">
<msg time="2024-09-22T17:36:05.652921" level="INFO">${body} = {'name': 'Disabled User', 'email': 'disabled@gmail.com', 'password': 'disabledpw', 'role': 'user', 'disabled': True}</msg>
<var>${body}</var>
<arg>name=${name}</arg>
<arg>email=${email}</arg>
<arg>password=${password}</arg>
<arg>role=${role}</arg>
<arg>disabled=${disabled}</arg>
<doc>Creates and returns a dictionary based on the given ``items``.</doc>
<status status="PASS" start="2024-09-22T17:36:05.652921" elapsed="0.000000"/>
</kw>
<kw name="POST" owner="RequestsLibrary">
<msg time="2024-09-22T17:36:06.121812" level="INFO">POST Request : url=http://localhost:5173/api/users 
 path_url=/api/users 
 headers={'User-Agent': 'python-requests/2.32.3', 'Accept-Encoding': 'gzip, deflate', 'Accept': '*/*', 'Connection': 'keep-alive', 'Content-Length': '116', 'Content-Type': 'application/json'} 
 body=b'{"name": "Disabled User", "email": "disabled@gmail.com", "password": "disabledpw", "role": "user", "disabled": true}' 
 </msg>
<msg time="2024-09-22T17:36:06.121812" level="INFO">POST Response : url=http://localhost:5173/api/users 
 status=200, reason=OK 
 headers={'access-control-allow-origin': '*', 'x-powered-by': 'Express', 'content-type': 'application/json; charset=utf-8', 'content-length': '246', 'etag': 'W/"f6-hapOMwbApdtfrx4sXL86oJ3158Q"', 'date': 'Sun, 22 Sep 2024 14:36:06 GMT', 'connection': 'close'} 
 body={"id":12588,"name":"Disabled User","email":"disabled@gmail.com","role":"user","password":"$2b$10$pgvnbRCJ984r7RIbpAh/LuwcIkp/JC7/R7aSY4uDVrjQwplh7kKVq","disabled":true,"updatedAt":"2024-09-22T14:36:05.937Z","createdAt":"2024-09-22T14:36:05.937Z"} 
 </msg>
<arg>${BACKEND}/users</arg>
<arg>json=${body}</arg>
<doc>Sends a POST request.</doc>
<status status="PASS" start="2024-09-22T17:36:05.652921" elapsed="0.468891"/>
</kw>
<arg>Disabled User</arg>
<arg>disabled@gmail.com</arg>
<arg>disabledpw</arg>
<arg>user</arg>
<arg>${True}</arg>
<status status="PASS" start="2024-09-22T17:36:05.651919" elapsed="0.469893"/>
</kw>
<status status="PASS" start="2024-09-22T17:36:04.277335" elapsed="1.844477"/>
</kw>
<kw name="Open browser on TMS home page" owner="commonKeywords">
<kw name="Open Browser" owner="SeleniumLibrary">
<msg time="2024-09-22T17:36:06.122810" level="INFO">Opening browser 'chrome' to base url 'http://localhost:5173'.</msg>
<arg>${HOME PAGE}</arg>
<arg>${BROWSER}</arg>
<doc>Opens a new browser instance to the optional ``url``.</doc>
<status status="PASS" start="2024-09-22T17:36:06.121812" elapsed="2.829720"/>
</kw>
<kw name="Maximize Browser Window" owner="SeleniumLibrary">
<doc>Maximizes current browser window.</doc>
<status status="PASS" start="2024-09-22T17:36:08.951532" elapsed="0.038210"/>
</kw>
<kw name="Wait Until Page Contains" owner="SeleniumLibrary">
<arg>Trending movies</arg>
<doc>Waits until ``text`` appears on the current page.</doc>
<status status="PASS" start="2024-09-22T17:36:08.989742" elapsed="0.849291"/>
</kw>
<kw name="Title Should Be" owner="SeleniumLibrary">
<msg time="2024-09-22T17:36:09.849032" level="INFO">Page title is 'The Movie Stead'.</msg>
<arg>The Movie Stead</arg>
<doc>Verifies that the current page title equals ``title``.</doc>
<status status="PASS" start="2024-09-22T17:36:09.839033" elapsed="0.009999"/>
</kw>
<status status="PASS" start="2024-09-22T17:36:06.121812" elapsed="3.727220"/>
</kw>
<status status="PASS" start="2024-09-22T17:36:03.238120" elapsed="6.610912"/>
</kw>
<kw name="Navigate to login page" owner="commonKeywords">
<kw name="Click Element" owner="SeleniumLibrary">
<msg time="2024-09-22T17:36:09.852038" level="INFO">Clicking element '//*[@data-testid="AccountCircleIcon"]'.</msg>
<arg>${ACCOUNT MENU}</arg>
<doc>Click the element identified by ``locator``.</doc>
<status status="PASS" start="2024-09-22T17:36:09.851044" elapsed="0.105914"/>
</kw>
<kw name="Click Element" owner="SeleniumLibrary">
<msg time="2024-09-22T17:36:09.957960" level="INFO">Clicking element '//*[@id="account-menu-login"]'.</msg>
<arg>${ACCOUNT MENU LOGIN}</arg>
<doc>Click the element identified by ``locator``.</doc>
<status status="PASS" start="2024-09-22T17:36:09.956958" elapsed="0.155397"/>
</kw>
<kw name="Wait Until Page Contains" owner="SeleniumLibrary">
<arg>The Movie Stead - Login</arg>
<doc>Waits until ``text`` appears on the current page.</doc>
<status status="PASS" start="2024-09-22T17:36:10.113354" elapsed="0.014021"/>
</kw>
<kw name="Page Should Contain" owner="SeleniumLibrary">
<msg time="2024-09-22T17:36:10.139374" level="INFO">Current page contains text 'Don't have an account? Sign Up'.</msg>
<arg>Don't have an account? Sign Up</arg>
<doc>Verifies that current page contains ``text``.</doc>
<status status="PASS" start="2024-09-22T17:36:10.127375" elapsed="0.012999"/>
</kw>
<status status="PASS" start="2024-09-22T17:36:09.851044" elapsed="0.289330"/>
</kw>
<kw name="Fill form and login" owner="commonKeywords">
<kw name="Input Text" owner="SeleniumLibrary">
<msg time="2024-09-22T17:36:10.141375" level="INFO">Typing text 'disabled@gmail.com' into text field '//*[@id="email"]'.</msg>
<arg>${EMAIL FIELD}</arg>
<arg>${email}</arg>
<doc>Types the given ``text`` into the text field identified by ``locator``.</doc>
<status status="PASS" start="2024-09-22T17:36:10.141375" elapsed="0.378051"/>
</kw>
<kw name="Input Text" owner="SeleniumLibrary">
<msg time="2024-09-22T17:36:10.519426" level="INFO">Typing text 'disabledpw' into text field '//*[@id="password"]'.</msg>
<arg>${PW FIELD}</arg>
<arg>${pw}</arg>
<doc>Types the given ``text`` into the text field identified by ``locator``.</doc>
<status status="PASS" start="2024-09-22T17:36:10.519426" elapsed="0.248547"/>
</kw>
<kw name="Click Button" owner="SeleniumLibrary">
<msg time="2024-09-22T17:36:10.768971" level="INFO">Clicking button '//*[@id="login-button"]'.</msg>
<arg>${LOGIN BUTTON}</arg>
<doc>Clicks the button identified by ``locator``.</doc>
<status status="PASS" start="2024-09-22T17:36:10.767973" elapsed="0.094981"/>
</kw>
<kw name="Sleep" owner="BuiltIn">
<msg time="2024-09-22T17:36:11.863203" level="INFO">Slept 1 second.</msg>
<arg>1s</arg>
<doc>Pauses the test executed for the given time.</doc>
<status status="PASS" start="2024-09-22T17:36:10.862954" elapsed="1.000249"/>
</kw>
<arg>disabled@gmail.com</arg>
<arg>disabledpw</arg>
<status status="PASS" start="2024-09-22T17:36:10.140374" elapsed="1.722829"/>
</kw>
<kw name="Verify unsuccessfull login" owner="commonKeywords">
<kw name="Verify not logged in" owner="commonKeywords">
<kw name="Click Element" owner="SeleniumLibrary">
<msg time="2024-09-22T17:36:11.864203" level="INFO">Clicking element '//*[@data-testid="AccountCircleIcon"]'.</msg>
<arg>${ACCOUNT MENU}</arg>
<doc>Click the element identified by ``locator``.</doc>
<status status="PASS" start="2024-09-22T17:36:11.864203" elapsed="0.065678"/>
</kw>
<kw name="Page Should Not Contain Element" owner="SeleniumLibrary">
<msg time="2024-09-22T17:36:11.944822" level="INFO">Current page does not contain element '//*[@id="my-account"]'.</msg>
<arg>${ACCOUNT MENU MY ACCOUNT}</arg>
<doc>Verifies that element ``locator`` is not found on the current page.</doc>
<status status="PASS" start="2024-09-22T17:36:11.930882" elapsed="0.013940"/>
</kw>
<kw name="Press Keys" owner="SeleniumLibrary">
<msg time="2024-09-22T17:36:11.945817" level="INFO">Sending key(s) ('ESCAPE',) to //*[@data-testid="AccountCircleIcon"] element.</msg>
<msg time="2024-09-22T17:36:12.245916" level="INFO">Pressing special key ESCAPE to element.</msg>
<msg time="2024-09-22T17:36:12.246918" level="INFO">Releasing special key ESCAPE.</msg>
<arg>${ACCOUNT MENU}</arg>
<arg>ESCAPE</arg>
<doc>Simulates the user pressing key(s) to an element or on the active browser.</doc>
<status status="PASS" start="2024-09-22T17:36:11.944822" elapsed="0.310095"/>
</kw>
<status status="PASS" start="2024-09-22T17:36:11.864203" elapsed="0.390714"/>
</kw>
<kw name="Page Should Not Contain" owner="SeleniumLibrary">
<msg time="2024-09-22T17:36:12.279465" level="INFO">Current page does not contain text 'Trending movies'.</msg>
<arg>Trending movies</arg>
<doc>Verifies the current page does not contain ``text``.</doc>
<status status="PASS" start="2024-09-22T17:36:12.254917" elapsed="0.024548"/>
</kw>
<kw name="Page Should Not Contain" owner="SeleniumLibrary">
<msg time="2024-09-22T17:36:12.302137" level="INFO">Current page does not contain text 'Watchlist'.</msg>
<arg>Watchlist</arg>
<doc>Verifies the current page does not contain ``text``.</doc>
<status status="PASS" start="2024-09-22T17:36:12.280463" elapsed="0.021674"/>
</kw>
<kw name="Page Should Not Contain" owner="SeleniumLibrary">
<msg time="2024-09-22T17:36:12.323616" level="INFO">Current page does not contain text 'My Reviews'.</msg>
<arg>My Reviews</arg>
<doc>Verifies the current page does not contain ``text``.</doc>
<status status="PASS" start="2024-09-22T17:36:12.302137" elapsed="0.021479"/>
</kw>
<status status="PASS" start="2024-09-22T17:36:11.864203" elapsed="0.459712"/>
</kw>
<kw name="Page Should Contain" owner="SeleniumLibrary">
<msg time="2024-09-22T17:36:12.337551" level="INFO">Current page contains text 'Account disabled, contact admin/moderator'.</msg>
<arg>Account disabled, contact admin/moderator</arg>
<doc>Verifies that current page contains ``text``.</doc>
<status status="PASS" start="2024-09-22T17:36:12.325553" elapsed="0.012998"/>
</kw>
<kw name="Close Browser" owner="SeleniumLibrary" type="TEARDOWN">
<doc>Closes the current browser.</doc>
<status status="PASS" start="2024-09-22T17:36:12.338551" elapsed="2.188252"/>
</kw>
<doc>Verifies that login fails when account is disabled</doc>
<tag>Login</tag>
<status status="PASS" start="2024-09-22T17:36:03.238120" elapsed="11.288683"/>
</test>
<test id="s1-s1-t5" name="Logout succeeds" line="46">
<kw name="Setup tests" owner="loginKeywords" type="SETUP">
<kw name="Clear test database" owner="commonKeywords">
<kw name="POST" owner="RequestsLibrary">
<msg time="2024-09-22T17:36:15.502521" level="INFO">POST Request : url=http://localhost:5173/api/testing/reset 
 path_url=/api/testing/reset 
 headers={'User-Agent': 'python-requests/2.32.3', 'Accept-Encoding': 'gzip, deflate', 'Accept': '*/*', 'Connection': 'keep-alive', 'Content-Length': '0'} 
 body=None 
 </msg>
<msg time="2024-09-22T17:36:15.502521" level="INFO">POST Response : url=http://localhost:5173/api/testing/reset 
 status=204, reason=No Content 
 headers={'access-control-allow-origin': '*', 'x-powered-by': 'Express', 'date': 'Sun, 22 Sep 2024 14:36:15 GMT', 'connection': 'close'} 
 body=None 
 </msg>
<arg>${BACKEND}/testing/reset</arg>
<doc>Sends a POST request.</doc>
<status status="PASS" start="2024-09-22T17:36:14.529806" elapsed="0.972715"/>
</kw>
<status status="PASS" start="2024-09-22T17:36:14.529806" elapsed="0.972715"/>
</kw>
<kw name="Seed users to test database" owner="commonKeywords">
<kw name="Add user to test database" owner="commonKeywords">
<kw name="Create Dictionary" owner="BuiltIn">
<msg time="2024-09-22T17:36:15.504519" level="INFO">${body} = {'name': 'Regular User', 'email': 'regular@gmail.com', 'password': 'regularpw', 'role': 'user', 'disabled': False}</msg>
<var>${body}</var>
<arg>name=${name}</arg>
<arg>email=${email}</arg>
<arg>password=${password}</arg>
<arg>role=${role}</arg>
<arg>disabled=${disabled}</arg>
<doc>Creates and returns a dictionary based on the given ``items``.</doc>
<status status="PASS" start="2024-09-22T17:36:15.503812" elapsed="0.000707"/>
</kw>
<kw name="POST" owner="RequestsLibrary">
<msg time="2024-09-22T17:36:15.973665" level="INFO">POST Request : url=http://localhost:5173/api/users 
 path_url=/api/users 
 headers={'User-Agent': 'python-requests/2.32.3', 'Accept-Encoding': 'gzip, deflate', 'Accept': '*/*', 'Connection': 'keep-alive', 'Content-Length': '114', 'Content-Type': 'application/json'} 
 body=b'{"name": "Regular User", "email": "regular@gmail.com", "password": "regularpw", "role": "user", "disabled": false}' 
 </msg>
<msg time="2024-09-22T17:36:15.973665" level="INFO">POST Response : url=http://localhost:5173/api/users 
 status=200, reason=OK 
 headers={'access-control-allow-origin': '*', 'x-powered-by': 'Express', 'content-type': 'application/json; charset=utf-8', 'content-length': '245', 'etag': 'W/"f5-GNVg0P1L55+RWRlvB/ttk8+gZik"', 'date': 'Sun, 22 Sep 2024 14:36:15 GMT', 'connection': 'close'} 
 body={"id":12589,"name":"Regular User","email":"regular@gmail.com","role":"user","password":"$2b$10$L2PtEwEJI6UtYUFx4RrHAO8wd.y61BlUefKYDLAS1ZcX.qgGc5Xha","disabled":false,"updatedAt":"2024-09-22T14:36:15.779Z","createdAt":"2024-09-22T14:36:15.779Z"} 
 </msg>
<arg>${BACKEND}/users</arg>
<arg>json=${body}</arg>
<doc>Sends a POST request.</doc>
<status status="PASS" start="2024-09-22T17:36:15.504519" elapsed="0.469146"/>
</kw>
<arg>Regular User</arg>
<arg>regular@gmail.com</arg>
<arg>regularpw</arg>
<arg>user</arg>
<arg>${False}</arg>
<status status="PASS" start="2024-09-22T17:36:15.502521" elapsed="0.471144"/>
</kw>
<kw name="Add user to test database" owner="commonKeywords">
<kw name="Create Dictionary" owner="BuiltIn">
<msg time="2024-09-22T17:36:15.974666" level="INFO">${body} = {'name': 'Mod User', 'email': 'moderator@gmail.com', 'password': 'moderatorpw', 'role': 'moderator', 'disabled': False}</msg>
<var>${body}</var>
<arg>name=${name}</arg>
<arg>email=${email}</arg>
<arg>password=${password}</arg>
<arg>role=${role}</arg>
<arg>disabled=${disabled}</arg>
<doc>Creates and returns a dictionary based on the given ``items``.</doc>
<status status="PASS" start="2024-09-22T17:36:15.974666" elapsed="0.000000"/>
</kw>
<kw name="POST" owner="RequestsLibrary">
<msg time="2024-09-22T17:36:16.751744" level="INFO">POST Request : url=http://localhost:5173/api/users 
 path_url=/api/users 
 headers={'User-Agent': 'python-requests/2.32.3', 'Accept-Encoding': 'gzip, deflate', 'Accept': '*/*', 'Connection': 'keep-alive', 'Content-Length': '119', 'Content-Type': 'application/json'} 
 body=b'{"name": "Mod User", "email": "moderator@gmail.com", "password": "moderatorpw", "role": "moderator", "disabled": false}' 
 </msg>
[...]
<status status="PASS" start="2024-09-22T17:45:53.794634" elapsed="1.067977"/>
</kw>
<kw name="Navigate to Watchlist" owner="commonKeywords">
<kw name="Click Element" owner="SeleniumLibrary">
<msg time="2024-09-22T17:45:54.863612" level="INFO">Clicking element '//*[@id="watchlist"]'.</msg>
<arg>${WATCHLIST}</arg>
<doc>Click the element identified by ``locator``.</doc>
<status status="PASS" start="2024-09-22T17:45:54.863612" elapsed="0.057362"/>
</kw>
<kw name="Wait Until Page Contains" owner="SeleniumLibrary">
<arg>Your watchlist</arg>
<doc>Waits until ``text`` appears on the current page.</doc>
<status status="PASS" start="2024-09-22T17:45:54.922018" elapsed="0.640684"/>
</kw>
<status status="PASS" start="2024-09-22T17:45:54.863612" elapsed="0.699090"/>
</kw>
<kw name="Page Should Contain" owner="SeleniumLibrary">
<msg time="2024-09-22T17:45:55.575404" level="INFO">Current page contains text 'Your watchlist is currently empty'.</msg>
<arg>Your watchlist is currently empty</arg>
<doc>Verifies that current page contains ``text``.</doc>
<status status="PASS" start="2024-09-22T17:45:55.562702" elapsed="0.012702"/>
</kw>
<kw name="Close Browser" owner="SeleniumLibrary" type="TEARDOWN">
<doc>Closes the current browser.</doc>
<status status="PASS" start="2024-09-22T17:45:55.576402" elapsed="2.163931"/>
</kw>
<doc>Verifies that user can remove a movie from watchlist using detailed page of a movie</doc>
<tag>Watchlist</tag>
<status status="PASS" start="2024-09-22T17:45:43.688192" elapsed="14.052837"/>
</test>
<test id="s1-s6-t7" name="User can remove movie from watchlist using My Reviews page" line="91">
<kw name="Setup tests" owner="watchlistKeywords" type="SETUP">
<kw name="Clear test database" owner="commonKeywords">
<kw name="POST" owner="RequestsLibrary">
<msg time="2024-09-22T17:45:59.082093" level="INFO">POST Request : url=http://localhost:5173/api/testing/reset 
 path_url=/api/testing/reset 
 headers={'User-Agent': 'python-requests/2.32.3', 'Accept-Encoding': 'gzip, deflate', 'Accept': '*/*', 'Connection': 'keep-alive', 'Content-Length': '0'} 
 body=None 
 </msg>
<msg time="2024-09-22T17:45:59.082093" level="INFO">POST Response : url=http://localhost:5173/api/testing/reset 
 status=204, reason=No Content 
 headers={'access-control-allow-origin': '*', 'x-powered-by': 'Express', 'date': 'Sun, 22 Sep 2024 14:45:59 GMT', 'connection': 'close'} 
 body=None 
 </msg>
<arg>${BACKEND}/testing/reset</arg>
<doc>Sends a POST request.</doc>
<status status="PASS" start="2024-09-22T17:45:57.744250" elapsed="1.337843"/>
</kw>
<status status="PASS" start="2024-09-22T17:45:57.743693" elapsed="1.338400"/>
</kw>
<kw name="Add user to test database" owner="commonKeywords">
<kw name="Create Dictionary" owner="BuiltIn">
<msg time="2024-09-22T17:45:59.083125" level="INFO">${body} = {'name': 'Test User', 'email': 'test@gmail.com', 'password': 'password', 'role': 'user', 'disabled': False}</msg>
<var>${body}</var>
<arg>name=${name}</arg>
<arg>email=${email}</arg>
<arg>password=${password}</arg>
<arg>role=${role}</arg>
<arg>disabled=${disabled}</arg>
<doc>Creates and returns a dictionary based on the given ``items``.</doc>
<status status="PASS" start="2024-09-22T17:45:59.082093" elapsed="0.001032"/>
</kw>
<kw name="POST" owner="RequestsLibrary">
<msg time="2024-09-22T17:45:59.548904" level="INFO">POST Request : url=http://localhost:5173/api/users 
 path_url=/api/users 
 headers={'User-Agent': 'python-requests/2.32.3', 'Accept-Encoding': 'gzip, deflate', 'Accept': '*/*', 'Connection': 'keep-alive', 'Content-Length': '107', 'Content-Type': 'application/json'} 
 body=b'{"name": "Test User", "email": "test@gmail.com", "password": "password", "role": "user", "disabled": false}' 
 </msg>
<msg time="2024-09-22T17:45:59.548904" level="INFO">POST Response : url=http://localhost:5173/api/users 
 status=200, reason=OK 
 headers={'access-control-allow-origin': '*', 'x-powered-by': 'Express', 'content-type': 'application/json; charset=utf-8', 'content-length': '239', 'etag': 'W/"ef-+xAcT8RO/AmHRYgzaBS1JZfFkU4"', 'date': 'Sun, 22 Sep 2024 14:45:59 GMT', 'connection': 'close'} 
 body={"id":12640,"name":"Test User","email":"test@gmail.com","role":"user","password":"$2b$10$Ky2WOOVStKjY4rDmdxuJMu9UGZKWe8qeek6bowXUcuxAEMk666Gjm","disabled":false,"updatedAt":"2024-09-22T14:45:59.337Z","createdAt":"2024-09-22T14:45:59.337Z"} 
 </msg>
<arg>${BACKEND}/users</arg>
<arg>json=${body}</arg>
<doc>Sends a POST request.</doc>
<status status="PASS" start="2024-09-22T17:45:59.083125" elapsed="0.465779"/>
</kw>
<arg>Test User</arg>
<arg>test@gmail.com</arg>
<arg>password</arg>
<arg>user</arg>
<arg>${False}</arg>
<status status="PASS" start="2024-09-22T17:45:59.082093" elapsed="0.466811"/>
</kw>
<kw name="Open browser on TMS home page" owner="commonKeywords">
<kw name="Open Browser" owner="SeleniumLibrary">
<msg time="2024-09-22T17:45:59.549903" level="INFO">Opening browser 'chrome' to base url 'http://localhost:5173'.</msg>
<arg>${HOME PAGE}</arg>
<arg>${BROWSER}</arg>
<doc>Opens a new browser instance to the optional ``url``.</doc>
<status status="PASS" start="2024-09-22T17:45:59.548904" elapsed="2.427876"/>
</kw>
<kw name="Maximize Browser Window" owner="SeleniumLibrary">
<doc>Maximizes current browser window.</doc>
<status status="PASS" start="2024-09-22T17:46:01.976780" elapsed="0.040112"/>
</kw>
<kw name="Wait Until Page Contains" owner="SeleniumLibrary">
<arg>Trending movies</arg>
<doc>Waits until ``text`` appears on the current page.</doc>
<status status="PASS" start="2024-09-22T17:46:02.016892" elapsed="0.497996"/>
</kw>
<kw name="Title Should Be" owner="SeleniumLibrary">
<msg time="2024-09-22T17:46:02.522038" level="INFO">Page title is 'The Movie Stead'.</msg>
<arg>The Movie Stead</arg>
<doc>Verifies that the current page title equals ``title``.</doc>
<status status="PASS" start="2024-09-22T17:46:02.515889" elapsed="0.006149"/>
</kw>
<status status="PASS" start="2024-09-22T17:45:59.548904" elapsed="2.973134"/>
</kw>
<status status="PASS" start="2024-09-22T17:45:57.743693" elapsed="4.778345"/>
</kw>
<kw name="Navigate to login page" owner="commonKeywords">
<kw name="Click Element" owner="SeleniumLibrary">
<msg time="2024-09-22T17:46:02.524034" level="INFO">Clicking element '//*[@data-testid="AccountCircleIcon"]'.</msg>
<arg>${ACCOUNT MENU}</arg>
<doc>Click the element identified by ``locator``.</doc>
<status status="PASS" start="2024-09-22T17:46:02.524034" elapsed="0.108355"/>
</kw>
<kw name="Click Element" owner="SeleniumLibrary">
<msg time="2024-09-22T17:46:02.633351" level="INFO">Clicking element '//*[@id="account-menu-login"]'.</msg>
<arg>${ACCOUNT MENU LOGIN}</arg>
<doc>Click the element identified by ``locator``.</doc>
<status status="PASS" start="2024-09-22T17:46:02.633351" elapsed="0.105763"/>
</kw>
<kw name="Wait Until Page Contains" owner="SeleniumLibrary">
<arg>The Movie Stead - Login</arg>
<doc>Waits until ``text`` appears on the current page.</doc>
<status status="PASS" start="2024-09-22T17:46:02.740114" elapsed="0.009998"/>
</kw>
<kw name="Page Should Contain" owner="SeleniumLibrary">
<msg time="2024-09-22T17:46:02.763380" level="INFO">Current page contains text 'Don't have an account? Sign Up'.</msg>
<arg>Don't have an account? Sign Up</arg>
<doc>Verifies that current page contains ``text``.</doc>
<status status="PASS" start="2024-09-22T17:46:02.750112" elapsed="0.013268"/>
</kw>
<status status="PASS" start="2024-09-22T17:46:02.523037" elapsed="0.241343"/>
</kw>
<kw name="Fill form and login" owner="commonKeywords">
<kw name="Input Text" owner="SeleniumLibrary">
<msg time="2024-09-22T17:46:02.765382" level="INFO">Typing text 'test@gmail.com' into text field '//*[@id="email"]'.</msg>
<arg>${EMAIL FIELD}</arg>
<arg>${email}</arg>
<doc>Types the given ``text`` into the text field identified by ``locator``.</doc>
<status status="PASS" start="2024-09-22T17:46:02.765382" elapsed="0.261734"/>
</kw>
<kw name="Input Text" owner="SeleniumLibrary">
<msg time="2024-09-22T17:46:03.028116" level="INFO">Typing text 'password' into text field '//*[@id="password"]'.</msg>
<arg>${PW FIELD}</arg>
<arg>${pw}</arg>
<doc>Types the given ``text`` into the text field identified by ``locator``.</doc>
<status status="PASS" start="2024-09-22T17:46:03.027116" elapsed="0.175287"/>
</kw>
<kw name="Click Button" owner="SeleniumLibrary">
<msg time="2024-09-22T17:46:03.202403" level="INFO">Clicking button '//*[@id="login-button"]'.</msg>
<arg>${LOGIN BUTTON}</arg>
<doc>Clicks the button identified by ``locator``.</doc>
<status status="PASS" start="2024-09-22T17:46:03.202403" elapsed="0.089190"/>
</kw>
<kw name="Sleep" owner="BuiltIn">
<msg time="2024-09-22T17:46:04.293330" level="INFO">Slept 1 second.</msg>
<arg>1s</arg>
<doc>Pauses the test executed for the given time.</doc>
<status status="PASS" start="2024-09-22T17:46:03.291593" elapsed="1.001737"/>
</kw>
<arg>${EMAIL}</arg>
<arg>${PASSWORD}</arg>
<status status="PASS" start="2024-09-22T17:46:02.764380" elapsed="1.528950"/>
</kw>
<kw name="Verify logged in" owner="commonKeywords">
<kw name="Wait Until Page Contains" owner="SeleniumLibrary">
<arg>Trending movies</arg>
<doc>Waits until ``text`` appears on the current page.</doc>
<status status="PASS" start="2024-09-22T17:46:04.294296" elapsed="0.062178"/>
</kw>
<kw name="Click Element" owner="SeleniumLibrary">
<msg time="2024-09-22T17:46:04.356474" level="INFO">Clicking element '//*[@data-testid="AccountCircleIcon"]'.</msg>
<arg>${ACCOUNT MENU}</arg>
<doc>Click the element identified by ``locator``.</doc>
<status status="PASS" start="2024-09-22T17:46:04.356474" elapsed="0.052346"/>
</kw>
<kw name="Page Should Contain Element" owner="SeleniumLibrary">
<msg time="2024-09-22T17:46:04.421987" level="INFO">Current page contains element '//*[@id="my-account"]'.</msg>
<arg>${ACCOUNT MENU MY ACCOUNT}</arg>
<doc>Verifies that element ``locator`` is found on the current page.</doc>
<status status="PASS" start="2024-09-22T17:46:04.408820" elapsed="0.013167"/>
</kw>
<kw name="Press Keys" owner="SeleniumLibrary">
<msg time="2024-09-22T17:46:04.423031" level="INFO">Sending key(s) ('ESCAPE',) to //*[@data-testid="AccountCircleIcon"] element.</msg>
<msg time="2024-09-22T17:46:04.765168" level="INFO">Pressing special key ESCAPE to element.</msg>
<msg time="2024-09-22T17:46:04.765168" level="INFO">Releasing special key ESCAPE.</msg>
<arg>${ACCOUNT MENU}</arg>
<arg>ESCAPE</arg>
<doc>Simulates the user pressing key(s) to an element or on the active browser.</doc>
<status status="PASS" start="2024-09-22T17:46:04.421987" elapsed="0.353293"/>
</kw>
<status status="PASS" start="2024-09-22T17:46:04.294296" elapsed="0.480984"/>
</kw>
<kw name="Add first movie on page to watchlist" owner="watchlistKeywords">
<kw name="Click Element" owner="SeleniumLibrary">
<msg time="2024-09-22T17:46:04.776270" level="INFO">Clicking element '//div[contains(@class, "MuiGrid-container")]/div[1]//button'.</msg>
<arg>${FIRST MOVIE ON PAGE MENU}</arg>
<doc>Click the element identified by ``locator``.</doc>
<status status="PASS" start="2024-09-22T17:46:04.776270" elapsed="0.325132"/>
</kw>
<kw name="Wait Until Element Is Visible" owner="SeleniumLibrary">
<arg>${ADD TO WATCHLIST MENU}</arg>
<doc>Waits until the element ``locator`` is visible.</doc>
<status status="PASS" start="2024-09-22T17:46:05.101402" elapsed="0.024592"/>
</kw>
<kw name="Click Element" owner="SeleniumLibrary">
<msg time="2024-09-22T17:46:05.125994" level="INFO">Clicking element '//*[@id="movie-menu" and not(contains(@aria-hidden, "true"))]//*[contains(text(), "Add to Watchlist")]'.</msg>
<arg>${ADD TO WATCHLIST MENU}</arg>
<doc>Click the element identified by ``locator``.</doc>
<status status="PASS" start="2024-09-22T17:46:05.125994" elapsed="0.056245"/>
</kw>
<kw name="Wait Until Page Contains" owner="SeleniumLibrary">
<arg>has been added to your watchlist</arg>
<doc>Waits until ``text`` appears on the current page.</doc>
<status status="PASS" start="2024-09-22T17:46:05.182239" elapsed="1.097790"/>
</kw>
<status status="PASS" start="2024-09-22T17:46:04.776270" elapsed="1.503759"/>
</kw>
<kw name="Create a review for first movie on page" owner="reviewsKeywords">
<kw name="Click Element" owner="SeleniumLibrary">
<msg time="2024-09-22T17:46:06.281029" level="INFO">Clicking element '//div[contains(@class, "MuiGrid-container")]/div[1]//button'.</msg>
<arg>${FIRST MOVIE ON PAGE MENU}</arg>
<doc>Click the element identified by ``locator``.</doc>
<status status="PASS" start="2024-09-22T17:46:06.281029" elapsed="0.139313"/>
</kw>
<kw name="Wait Until Element Is Visible" owner="SeleniumLibrary">
<arg>${CREATE REVIEW MENU}</arg>
<doc>Waits until the element ``locator`` is visible.</doc>
<status status="PASS" start="2024-09-22T17:46:06.420342" elapsed="0.021174"/>
</kw>
<kw name="Click Element" owner="SeleniumLibrary">
<msg time="2024-09-22T17:46:06.442517" level="INFO">Clicking element '//*[@id="movie-menu" and not(contains(@aria-hidden, "true"))]//*[contains(text(), "Create a review")]'.</msg>
<arg>${CREATE REVIEW MENU}</arg>
<doc>Click the element identified by ``locator``.</doc>
<status status="PASS" start="2024-09-22T17:46:06.441516" elapsed="0.168285"/>
</kw>
<kw name="Create a review" owner="reviewsKeywords">
<kw name="Wait Until Element Is Visible" owner="SeleniumLibrary">
<arg>${CREATE REVIEW BUTTON}</arg>
<doc>Waits until the element ``locator`` is visible.</doc>
<status status="PASS" start="2024-09-22T17:46:06.610800" elapsed="0.019485"/>
</kw>
<kw name="Input movie rating" owner="reviewsKeywords">
<kw name="Click Element" owner="SeleniumLibrary">
<msg time="2024-09-22T17:46:06.631322" level="INFO">Clicking element '//span[string()="5 Stars"]/..'.</msg>
<arg>//span[string()="${rating}"]/..</arg>
<doc>Click the element identified by ``locator``.</doc>
<status status="PASS" start="2024-09-22T17:46:06.631322" elapsed="0.172144"/>
</kw>
<arg>${stars}</arg>
<status status="PASS" start="2024-09-22T17:46:06.630285" elapsed="0.173181"/>
</kw>
<kw name="Input Text" owner="SeleniumLibrary">
<msg time="2024-09-22T17:46:06.803466" level="INFO">Typing text '' into text field '//*[@id="review_text"]'.</msg>
<arg>${REVIEW TEXT}</arg>
<arg>${review}</arg>
<doc>Types the given ``text`` into the text field identified by ``locator``.</doc>
<status status="PASS" start="2024-09-22T17:46:06.803466" elapsed="0.092342"/>
</kw>
<kw name="Click Element" owner="SeleniumLibrary">
<msg time="2024-09-22T17:46:06.896808" level="INFO">Clicking element '//*[@id="create-review"]'.</msg>
<arg>${CREATE REVIEW BUTTON}</arg>
<doc>Click the element identified by ``locator``.</doc>
<status status="PASS" start="2024-09-22T17:46:06.896808" elapsed="0.074810"/>
</kw>
<kw name="Wait Until Page Contains" owner="SeleniumLibrary">
<arg>You reviewed</arg>
<doc>Waits until ``text`` appears on the current page.</doc>
<status status="PASS" start="2024-09-22T17:46:06.971618" elapsed="1.463556"/>
</kw>
<arg>${stars}</arg>
<arg>${review}</arg>
<status status="PASS" start="2024-09-22T17:46:06.609801" elapsed="1.825373"/>
</kw>
<status status="PASS" start="2024-09-22T17:46:06.281029" elapsed="2.154145"/>
</kw>
<kw name="Navigate to My Reviews" owner="commonKeywords">
<kw name="Click Element" owner="SeleniumLibrary">
<msg time="2024-09-22T17:46:08.436211" level="INFO">Clicking element '//*[@id="my-reviews"]'.</msg>
<arg>${MY REVIEWS}</arg>
<doc>Click the element identified by ``locator``.</doc>
<status status="PASS" start="2024-09-22T17:46:08.436211" elapsed="0.086018"/>
</kw>
<kw name="Wait Until Element Is Visible" owner="SeleniumLibrary">
<arg>${MY REVIEWS HEADER}</arg>
<doc>Waits until the element ``locator`` is visible.</doc>
<status status="PASS" start="2024-09-22T17:46:08.522229" elapsed="0.661312"/>
</kw>
<status status="PASS" start="2024-09-22T17:46:08.436211" elapsed="0.747330"/>
</kw>
<kw name="Remove first movie on page from watchlist" owner="watchlistKeywords">
<kw name="Click Element" owner="SeleniumLibrary">
<msg time="2024-09-22T17:46:09.184569" level="INFO">Clicking element '//div[contains(@class, "MuiGrid-container")]/div[1]//button'.</msg>
<arg>${FIRST MOVIE ON PAGE MENU}</arg>
<doc>Click the element identified by ``locator``.</doc>
<status status="PASS" start="2024-09-22T17:46:09.184569" elapsed="0.048585"/>
</kw>
<kw name="Wait Until Element Is Visible" owner="SeleniumLibrary">
<arg>${REMOVE FROM WATCHLIST MENU}</arg>
<doc>Waits until the element ``locator`` is visible.</doc>
<status status="PASS" start="2024-09-22T17:46:09.233154" elapsed="0.021246"/>
</kw>
<kw name="Click Element" owner="SeleniumLibrary">
<msg time="2024-09-22T17:46:09.255408" level="INFO">Clicking element '//*[@id="movie-menu" and not(contains(@aria-hidden, "true"))]//*[contains(text(), "Remove from Watchlist")]'.</msg>
<arg>${REMOVE FROM WATCHLIST MENU}</arg>
<doc>Click the element identified by ``locator``.</doc>
<status status="PASS" start="2024-09-22T17:46:09.254400" elapsed="0.044063"/>
</kw>
<kw name="Wait Until Page Contains" owner="SeleniumLibrary">
<arg>has been removed from your watchlist</arg>
<doc>Waits until ``text`` appears on the current page.</doc>
<status status="PASS" start="2024-09-22T17:46:09.298463" elapsed="1.060732"/>
</kw>
<status status="PASS" start="2024-09-22T17:46:09.184569" elapsed="1.174626"/>
</kw>
<kw name="Navigate to Watchlist" owner="commonKeywords">
<kw name="Click Element" owner="SeleniumLibrary">
<msg time="2024-09-22T17:46:10.360195" level="INFO">Clicking element '//*[@id="watchlist"]'.</msg>
<arg>${WATCHLIST}</arg>
<doc>Click the element identified by ``locator``.</doc>
<status status="PASS" start="2024-09-22T17:46:10.360195" elapsed="0.054997"/>
</kw>
<kw name="Wait Until Page Contains" owner="SeleniumLibrary">
<arg>Your watchlist</arg>
<doc>Waits until ``text`` appears on the current page.</doc>
<status status="PASS" start="2024-09-22T17:46:10.416196" elapsed="0.847302"/>
</kw>
<status status="PASS" start="2024-09-22T17:46:10.360195" elapsed="0.903303"/>
</kw>
<kw name="Page Should Contain" owner="SeleniumLibrary">
<msg time="2024-09-22T17:46:11.285498" level="INFO">Current page contains text 'Your watchlist is currently empty'.</msg>
<arg>Your watchlist is currently empty</arg>
<doc>Verifies that current page contains ``text``.</doc>
<status status="PASS" start="2024-09-22T17:46:11.263498" elapsed="0.023001"/>
</kw>
<kw name="Close Browser" owner="SeleniumLibrary" type="TEARDOWN">
<doc>Closes the current browser.</doc>
<status status="PASS" start="2024-09-22T17:46:11.286499" elapsed="2.395398"/>
</kw>
<doc>Verifies that user can remove a reviewed movie from watchlist using My Reviews page</doc>
<tag>Watchlist</tag>
<status status="PASS" start="2024-09-22T17:45:57.742844" elapsed="15.939615"/>
</test>
<doc>Watchlist functionality test cases</doc>
<status status="PASS" start="2024-09-22T17:44:33.969369" elapsed="99.715618"/>
</suite>
<status status="PASS" start="2024-09-22T17:35:24.625088" elapsed="649.062092"/>
</suite>
<statistics>
<total>
<stat pass="49" fail="0" skip="0">All Tests</stat>
</total>
<tag>
<stat pass="8" fail="0" skip="0">Login</stat>
<stat pass="9" fail="0" skip="0">Movies</stat>
<stat pass="12" fail="0" skip="0">Review</stat>
<stat pass="8" fail="0" skip="0">Signup</stat>
<stat pass="5" fail="0" skip="0">Stars</stat>
<stat pass="7" fail="0" skip="0">Watchlist</stat>
</tag>
<suite>
<stat pass="49" fail="0" skip="0" id="s1" name="Tests">Tests</stat>
<stat pass="8" fail="0" skip="0" id="s1-s1" name="loginTests">Tests.loginTests</stat>
<stat pass="9" fail="0" skip="0" id="s1-s2" name="moviesTests">Tests.moviesTests</stat>
<stat pass="12" fail="0" skip="0" id="s1-s3" name="reviewTests">Tests.reviewTests</stat>
<stat pass="8" fail="0" skip="0" id="s1-s4" name="signupTests">Tests.signupTests</stat>
<stat pass="5" fail="0" skip="0" id="s1-s5" name="starsTests">Tests.starsTests</stat>
<stat pass="7" fail="0" skip="0" id="s1-s6" name="watchlistTests">Tests.watchlistTests</stat>
</suite>
</statistics>
<errors>
</errors>
</robot>
