<?xml version="1.0" encoding="UTF-8"?>
<robot generator="Robot 7.0.1 (Python 3.12.5 on win32)" generated="2024-09-20T12:51:11.607131" rpa="false" schemaversion="5">
<suite id="s1" name="Tests" source="C:\Users\joni1\Opinnot\_Harjoitustyo\the-movie-stead\robot\tests">
<suite id="s1-s1" name="loginTests" source="C:\Users\joni1\Opinnot\_Harjoitustyo\the-movie-stead\robot\tests\loginTests.robot">
<kw name="Setup suite" owner="commonKeywords" type="SETUP">
<kw name="Set Selenium Speed" owner="SeleniumLibrary">
<arg>0</arg>
<doc>Sets the delay that is waited after each Selenium command.</doc>
<status status="PASS" start="2024-09-20T12:51:12.390124" elapsed="0.000000"/>
</kw>
<status status="PASS" start="2024-09-20T12:51:12.390124" elapsed="0.000000"/>
</kw>
<test id="s1-s1-t1" name="Login page can be opened" line="13">
<kw name="Setup tests" owner="loginKeywords" type="SETUP">
<kw name="Clear test database" owner="commonKeywords">
<kw name="POST" owner="RequestsLibrary">
<msg time="2024-09-20T12:51:14.336416" level="INFO">POST Request : url=http://localhost:5173/api/testing/reset 
 path_url=/api/testing/reset 
 headers={'User-Agent': 'python-requests/2.32.3', 'Accept-Encoding': 'gzip, deflate', 'Accept': '*/*', 'Connection': 'keep-alive', 'Content-Length': '0'} 
 body=None 
 </msg>
<msg time="2024-09-20T12:51:14.336416" level="INFO">POST Response : url=http://localhost:5173/api/testing/reset 
 status=204, reason=No Content 
 headers={'access-control-allow-origin': '*', 'x-powered-by': 'Express', 'date': 'Fri, 20 Sep 2024 09:51:14 GMT', 'connection': 'close'} 
 body=None 
 </msg>
<arg>${BACKEND}/testing/reset</arg>
<doc>Sends a POST request.</doc>
<status status="PASS" start="2024-09-20T12:51:12.390124" elapsed="1.946292"/>
</kw>
<status status="PASS" start="2024-09-20T12:51:12.390124" elapsed="1.946292"/>
</kw>
<kw name="Seed users to test database" owner="commonKeywords">
<kw name="Add user to test database" owner="commonKeywords">
<kw name="Create Dictionary" owner="BuiltIn">
<msg time="2024-09-20T12:51:14.336416" level="INFO">${body} = {'name': 'Regular User', 'email': 'regular@gmail.com', 'password': 'regularpw', 'role': 'user', 'disabled': False}</msg>
<var>${body}</var>
<arg>name=${name}</arg>
<arg>email=${email}</arg>
<arg>password=${password}</arg>
<arg>role=${role}</arg>
<arg>disabled=${disabled}</arg>
<doc>Creates and returns a dictionary based on the given ``items``.</doc>
<status status="PASS" start="2024-09-20T12:51:14.336416" elapsed="0.000000"/>
</kw>
<kw name="POST" owner="RequestsLibrary">
<msg time="2024-09-20T12:51:14.760326" level="INFO">POST Request : url=http://localhost:5173/api/users 
 path_url=/api/users 
 headers={'User-Agent': 'python-requests/2.32.3', 'Accept-Encoding': 'gzip, deflate', 'Accept': '*/*', 'Connection': 'keep-alive', 'Content-Length': '114', 'Content-Type': 'application/json'} 
 body=b'{"name": "Regular User", "email": "regular@gmail.com", "password": "regularpw", "role": "user", "disabled": false}' 
 </msg>
<msg time="2024-09-20T12:51:14.760326" level="INFO">POST Response : url=http://localhost:5173/api/users 
 status=200, reason=OK 
 headers={'access-control-allow-origin': '*', 'x-powered-by': 'Express', 'content-type': 'application/json; charset=utf-8', 'content-length': '245', 'etag': 'W/"f5-uheK7jJFnTkQxAdzcenUzhCkPO8"', 'date': 'Fri, 20 Sep 2024 09:51:14 GMT', 'connection': 'close'} 
 body={"id":10599,"name":"Regular User","email":"regular@gmail.com","role":"user","password":"$2b$10$osNfGr/mHQpVrAd/6W4SpuvjEOBf5yzjbGGoWK/9JEbzJEZoBhM/m","disabled":false,"updatedAt":"2024-09-20T09:51:14.590Z","createdAt":"2024-09-20T09:51:14.590Z"} 
 </msg>
<arg>${BACKEND}/users</arg>
<arg>json=${body}</arg>
<doc>Sends a POST request.</doc>
<status status="PASS" start="2024-09-20T12:51:14.336416" elapsed="0.423910"/>
</kw>
<arg>Regular User</arg>
<arg>regular@gmail.com</arg>
<arg>regularpw</arg>
<arg>user</arg>
<arg>${False}</arg>
<status status="PASS" start="2024-09-20T12:51:14.336416" elapsed="0.423910"/>
</kw>
<kw name="Add user to test database" owner="commonKeywords">
<kw name="Create Dictionary" owner="BuiltIn">
<msg time="2024-09-20T12:51:14.760326" level="INFO">${body} = {'name': 'Mod User', 'email': 'moderator@gmail.com', 'password': 'moderatorpw', 'role': 'moderator', 'disabled': False}</msg>
<var>${body}</var>
<arg>name=${name}</arg>
<arg>email=${email}</arg>
<arg>password=${password}</arg>
<arg>role=${role}</arg>
<arg>disabled=${disabled}</arg>
<doc>Creates and returns a dictionary based on the given ``items``.</doc>
<status status="PASS" start="2024-09-20T12:51:14.760326" elapsed="0.000000"/>
</kw>
<kw name="POST" owner="RequestsLibrary">
<msg time="2024-09-20T12:51:15.188829" level="INFO">POST Request : url=http://localhost:5173/api/users 
 path_url=/api/users 
 headers={'User-Agent': 'python-requests/2.32.3', 'Accept-Encoding': 'gzip, deflate', 'Accept': '*/*', 'Connection': 'keep-alive', 'Content-Length': '119', 'Content-Type': 'application/json'} 
 body=b'{"name": "Mod User", "email": "moderator@gmail.com", "password": "moderatorpw", "role": "moderator", "disabled": false}' 
 </msg>
<msg time="2024-09-20T12:51:15.188829" level="INFO">POST Response : url=http://localhost:5173/api/users 
 status=200, reason=OK 
 headers={'access-control-allow-origin': '*', 'x-powered-by': 'Express', 'content-type': 'application/json; charset=utf-8', 'content-length': '248', 'etag': 'W/"f8-kELRxt+PTFCOisPr7KoJHDTNTGI"', 'date': 'Fri, 20 Sep 2024 09:51:15 GMT', 'connection': 'close'} 
 body={"id":10600,"name":"Mod User","email":"moderator@gmail.com","role":"moderator","password":"$2b$10$nRAevbP7x6/ucraXnWr6J.PiiBDWa/bWBYmFQ/54WqA5XDlcTGYVa","disabled":false,"updatedAt":"2024-09-20T09:51:15.012Z","createdAt":"2024-09-20T09:51:15.012Z"} 
 </msg>
<arg>${BACKEND}/users</arg>
<arg>json=${body}</arg>
<doc>Sends a POST request.</doc>
<status status="PASS" start="2024-09-20T12:51:14.760326" elapsed="0.428503"/>
</kw>
<arg>Mod User</arg>
<arg>moderator@gmail.com</arg>
<arg>moderatorpw</arg>
<arg>moderator</arg>
<arg>${False}</arg>
<status status="PASS" start="2024-09-20T12:51:14.760326" elapsed="0.428503"/>
</kw>
<kw name="Add user to test database" owner="commonKeywords">
<kw name="Create Dictionary" owner="BuiltIn">
<msg time="2024-09-20T12:51:15.188829" level="INFO">${body} = {'name': 'Admin User', 'email': 'admin@gmail.com', 'password': 'adminpw', 'role': 'admin', 'disabled': False}</msg>
<var>${body}</var>
<arg>name=${name}</arg>
<arg>email=${email}</arg>
<arg>password=${password}</arg>
<arg>role=${role}</arg>
<arg>disabled=${disabled}</arg>
<doc>Creates and returns a dictionary based on the given ``items``.</doc>
<status status="PASS" start="2024-09-20T12:51:15.188829" elapsed="0.000000"/>
</kw>
<kw name="POST" owner="RequestsLibrary">
<msg time="2024-09-20T12:51:15.617045" level="INFO">POST Request : url=http://localhost:5173/api/users 
 path_url=/api/users 
 headers={'User-Agent': 'python-requests/2.32.3', 'Accept-Encoding': 'gzip, deflate', 'Accept': '*/*', 'Connection': 'keep-alive', 'Content-Length': '109', 'Content-Type': 'application/json'} 
 body=b'{"name": "Admin User", "email": "admin@gmail.com", "password": "adminpw", "role": "admin", "disabled": false}' 
 </msg>
<msg time="2024-09-20T12:51:15.617117" level="INFO">POST Response : url=http://localhost:5173/api/users 
 status=200, reason=OK 
 headers={'access-control-allow-origin': '*', 'x-powered-by': 'Express', 'content-type': 'application/json; charset=utf-8', 'content-length': '242', 'etag': 'W/"f2-Rv96YjnnfsW6yRyOb7AH7gginOk"', 'date': 'Fri, 20 Sep 2024 09:51:15 GMT', 'connection': 'close'} 
 body={"id":10601,"name":"Admin User","email":"admin@gmail.com","role":"admin","password":"$2b$10$scusctm/EbtUtySMARY7uuQXj5npLj82Nm.dTWpQsgmXNDuWu9T6m","disabled":false,"updatedAt":"2024-09-20T09:51:15.436Z","createdAt":"2024-09-20T09:51:15.436Z"} 
 </msg>
<arg>${BACKEND}/users</arg>
<arg>json=${body}</arg>
<doc>Sends a POST request.</doc>
<status status="PASS" start="2024-09-20T12:51:15.188829" elapsed="0.428361"/>
</kw>
<arg>Admin User</arg>
<arg>admin@gmail.com</arg>
<arg>adminpw</arg>
<arg>admin</arg>
<arg>${False}</arg>
<status status="PASS" start="2024-09-20T12:51:15.188829" elapsed="0.428431"/>
</kw>
<kw name="Add user to test database" owner="commonKeywords">
<kw name="Create Dictionary" owner="BuiltIn">
<msg time="2024-09-20T12:51:15.617879" level="INFO">${body} = {'name': 'Disabled User', 'email': 'disabled@gmail.com', 'password': 'disabledpw', 'role': 'user', 'disabled': True}</msg>
<var>${body}</var>
<arg>name=${name}</arg>
<arg>email=${email}</arg>
<arg>password=${password}</arg>
<arg>role=${role}</arg>
<arg>disabled=${disabled}</arg>
<doc>Creates and returns a dictionary based on the given ``items``.</doc>
<status status="PASS" start="2024-09-20T12:51:15.617879" elapsed="0.000000"/>
</kw>
<kw name="POST" owner="RequestsLibrary">
<msg time="2024-09-20T12:51:16.037309" level="INFO">POST Request : url=http://localhost:5173/api/users 
 path_url=/api/users 
 headers={'User-Agent': 'python-requests/2.32.3', 'Accept-Encoding': 'gzip, deflate', 'Accept': '*/*', 'Connection': 'keep-alive', 'Content-Length': '116', 'Content-Type': 'application/json'} 
 body=b'{"name": "Disabled User", "email": "disabled@gmail.com", "password": "disabledpw", "role": "user", "disabled": true}' 
 </msg>
<msg time="2024-09-20T12:51:16.037309" level="INFO">POST Response : url=http://localhost:5173/api/users 
 status=200, reason=OK 
 headers={'access-control-allow-origin': '*', 'x-powered-by': 'Express', 'content-type': 'application/json; charset=utf-8', 'content-length': '246', 'etag': 'W/"f6-h11EDACzZlgz179lIiLzwbu8fF0"', 'date': 'Fri, 20 Sep 2024 09:51:16 GMT', 'connection': 'close'} 
 body={"id":10602,"name":"Disabled User","email":"disabled@gmail.com","role":"user","password":"$2b$10$wScAfv5yZ/GTmy62CcRev.JGCQkxwcsT3qpg6KTLM/cfkyWZ7t9wC","disabled":true,"updatedAt":"2024-09-20T09:51:15.858Z","createdAt":"2024-09-20T09:51:15.858Z"} 
 </msg>
<arg>${BACKEND}/users</arg>
<arg>json=${body}</arg>
<doc>Sends a POST request.</doc>
<status status="PASS" start="2024-09-20T12:51:15.617879" elapsed="0.419430"/>
</kw>
<arg>Disabled User</arg>
<arg>disabled@gmail.com</arg>
<arg>disabledpw</arg>
<arg>user</arg>
<arg>${True}</arg>
<status status="PASS" start="2024-09-20T12:51:15.617361" elapsed="0.419948"/>
</kw>
<status status="PASS" start="2024-09-20T12:51:14.336416" elapsed="1.700893"/>
</kw>
<kw name="Open browser on TMS home page" owner="commonKeywords">
<kw name="Open Browser" owner="SeleniumLibrary">
<msg time="2024-09-20T12:51:16.037309" level="INFO">Opening browser 'chrome' to base url 'http://localhost:5173'.</msg>
<arg>${HOME PAGE}</arg>
<arg>${BROWSER}</arg>
<doc>Opens a new browser instance to the optional ``url``.</doc>
<status status="PASS" start="2024-09-20T12:51:16.037309" elapsed="2.760971"/>
</kw>
<kw name="Maximize Browser Window" owner="SeleniumLibrary">
<doc>Maximizes current browser window.</doc>
<status status="PASS" start="2024-09-20T12:51:18.799311" elapsed="0.033560"/>
</kw>
<kw name="Sleep" owner="BuiltIn">
<msg time="2024-09-20T12:51:19.833217" level="INFO">Slept 1 second.</msg>
<arg>1s</arg>
<doc>Pauses the test executed for the given time.</doc>
<status status="PASS" start="2024-09-20T12:51:18.832871" elapsed="1.000346"/>
</kw>
<kw name="Title Should Be" owner="SeleniumLibrary">
<msg time="2024-09-20T12:51:19.833217" level="INFO">Page title is 'The Movie Stead'.</msg>
<arg>The Movie Stead</arg>
<doc>Verifies that the current page title equals ``title``.</doc>
<status status="PASS" start="2024-09-20T12:51:19.833217" elapsed="0.000000"/>
</kw>
<kw name="Page Should Contain" owner="SeleniumLibrary">
<msg time="2024-09-20T12:51:19.848853" level="INFO">Current page contains text 'Trending movies'.</msg>
<arg>Trending movies</arg>
<doc>Verifies that current page contains ``text``.</doc>
<status status="PASS" start="2024-09-20T12:51:19.833217" elapsed="0.015636"/>
</kw>
<status status="PASS" start="2024-09-20T12:51:16.037309" elapsed="3.811544"/>
</kw>
<status status="PASS" start="2024-09-20T12:51:12.390124" elapsed="7.458729"/>
</kw>
<kw name="Navigate to login page" owner="commonKeywords">
<kw name="Click Element" owner="SeleniumLibrary">
<msg time="2024-09-20T12:51:19.848853" level="INFO">Clicking element '//*[@data-testid="AccountCircleIcon"]'.</msg>
<arg>${ACCOUNT MENU}</arg>
<doc>Click the element identified by ``locator``.</doc>
<status status="PASS" start="2024-09-20T12:51:19.848853" elapsed="0.075151"/>
</kw>
<kw name="Click Element" owner="SeleniumLibrary">
<msg time="2024-09-20T12:51:19.924004" level="INFO">Clicking element '//*[@id="account-menu-login"]'.</msg>
<arg>${ACCOUNT MENU LOGIN}</arg>
<doc>Click the element identified by ``locator``.</doc>
<status status="PASS" start="2024-09-20T12:51:19.924004" elapsed="0.105910"/>
</kw>
<kw name="Page Should Contain" owner="SeleniumLibrary">
<msg time="2024-09-20T12:51:20.029914" level="INFO">Current page contains text 'The Movie Stead - Login'.</msg>
<arg>The Movie Stead - Login</arg>
<doc>Verifies that current page contains ``text``.</doc>
<status status="PASS" start="2024-09-20T12:51:20.029914" elapsed="0.000000"/>
</kw>
<kw name="Page Should Contain" owner="SeleniumLibrary">
<msg time="2024-09-20T12:51:20.057629" level="INFO">Current page contains text 'Don't have an account? Sign Up'.</msg>
<arg>Don't have an account? Sign Up</arg>
<doc>Verifies that current page contains ``text``.</doc>
<status status="PASS" start="2024-09-20T12:51:20.029914" elapsed="0.028711"/>
</kw>
<status status="PASS" start="2024-09-20T12:51:19.848853" elapsed="0.209772"/>
</kw>
<kw name="Close Browser" owner="SeleniumLibrary" type="TEARDOWN">
<doc>Closes the current browser.</doc>
<status status="PASS" start="2024-09-20T12:51:20.058625" elapsed="2.163603"/>
</kw>
<doc>Verifies that user can navigate to login page</doc>
<tag>Login</tag>
<status status="PASS" start="2024-09-20T12:51:12.390124" elapsed="9.832104"/>
</test>
<test id="s1-s1-t2" name="Login succeeds" line="18">
<kw name="Setup tests" owner="loginKeywords" type="SETUP">
<kw name="Clear test database" owner="commonKeywords">
<kw name="POST" owner="RequestsLibrary">
<msg time="2024-09-20T12:51:23.116997" level="INFO">POST Request : url=http://localhost:5173/api/testing/reset 
 path_url=/api/testing/reset 
 headers={'User-Agent': 'python-requests/2.32.3', 'Accept-Encoding': 'gzip, deflate', 'Accept': '*/*', 'Connection': 'keep-alive', 'Content-Length': '0'} 
 body=None 
 </msg>
<msg time="2024-09-20T12:51:23.116997" level="INFO">POST Response : url=http://localhost:5173/api/testing/reset 
 status=204, reason=No Content 
 headers={'access-control-allow-origin': '*', 'x-powered-by': 'Express', 'date': 'Fri, 20 Sep 2024 09:51:23 GMT', 'connection': 'close'} 
 body=None 
 </msg>
<arg>${BACKEND}/testing/reset</arg>
<doc>Sends a POST request.</doc>
<status status="PASS" start="2024-09-20T12:51:22.222228" elapsed="0.894769"/>
</kw>
<status status="PASS" start="2024-09-20T12:51:22.222228" elapsed="0.894769"/>
</kw>
<kw name="Seed users to test database" owner="commonKeywords">
<kw name="Add user to test database" owner="commonKeywords">
<kw name="Create Dictionary" owner="BuiltIn">
<msg time="2024-09-20T12:51:23.116997" level="INFO">${body} = {'name': 'Regular User', 'email': 'regular@gmail.com', 'password': 'regularpw', 'role': 'user', 'disabled': False}</msg>
<var>${body}</var>
<arg>name=${name}</arg>
<arg>email=${email}</arg>
<arg>password=${password}</arg>
<arg>role=${role}</arg>
<arg>disabled=${disabled}</arg>
<doc>Creates and returns a dictionary based on the given ``items``.</doc>
<status status="PASS" start="2024-09-20T12:51:23.116997" elapsed="0.000000"/>
</kw>
<kw name="POST" owner="RequestsLibrary">
<msg time="2024-09-20T12:51:23.548161" level="INFO">POST Request : url=http://localhost:5173/api/users 
 path_url=/api/users 
 headers={'User-Agent': 'python-requests/2.32.3', 'Accept-Encoding': 'gzip, deflate', 'Accept': '*/*', 'Connection': 'keep-alive', 'Content-Length': '114', 'Content-Type': 'application/json'} 
 body=b'{"name": "Regular User", "email": "regular@gmail.com", "password": "regularpw", "role": "user", "disabled": false}' 
 </msg>
<msg time="2024-09-20T12:51:23.548161" level="INFO">POST Response : url=http://localhost:5173/api/users 
 status=200, reason=OK 
 headers={'access-control-allow-origin': '*', 'x-powered-by': 'Express', 'content-type': 'application/json; charset=utf-8', 'content-length': '245', 'etag': 'W/"f5-1TOHuagtzEELeaWwgfbeIwvGcaU"', 'date': 'Fri, 20 Sep 2024 09:51:23 GMT', 'connection': 'close'} 
 body={"id":10603,"name":"Regular User","email":"regular@gmail.com","role":"user","password":"$2b$10$s6UCBj5/gnZtOzGU1Qf3MuCZTHZlwsoNn1tRDf2cUZHUJbB5CFexy","disabled":false,"updatedAt":"2024-09-20T09:51:23.370Z","createdAt":"2024-09-20T09:51:23.370Z"} 
 </msg>
<arg>${BACKEND}/users</arg>
<arg>json=${body}</arg>
<doc>Sends a POST request.</doc>
<status status="PASS" start="2024-09-20T12:51:23.116997" elapsed="0.431164"/>
</kw>
<arg>Regular User</arg>
<arg>regular@gmail.com</arg>
<arg>regularpw</arg>
<arg>user</arg>
<arg>${False}</arg>
<status status="PASS" start="2024-09-20T12:51:23.116997" elapsed="0.431164"/>
</kw>
<kw name="Add user to test database" owner="commonKeywords">
<kw name="Create Dictionary" owner="BuiltIn">
<msg time="2024-09-20T12:51:23.548161" level="INFO">${body} = {'name': 'Mod User', 'email': 'moderator@gmail.com', 'password': 'moderatorpw', 'role': 'moderator', 'disabled': False}</msg>
<var>${body}</var>
<arg>name=${name}</arg>
<arg>email=${email}</arg>
<arg>password=${password}</arg>
<arg>role=${role}</arg>
<arg>disabled=${disabled}</arg>
<doc>Creates and returns a dictionary based on the given ``items``.</doc>
<status status="PASS" start="2024-09-20T12:51:23.548161" elapsed="0.000000"/>
</kw>
<kw name="POST" owner="RequestsLibrary">
<msg time="2024-09-20T12:51:23.966592" level="INFO">POST Request : url=http://localhost:5173/api/users 
 path_url=/api/users 
 headers={'User-Agent': 'python-requests/2.32.3', 'Accept-Encoding': 'gzip, deflate', 'Accept': '*/*', 'Connection': 'keep-alive', 'Content-Length': '119', 'Content-Type': 'application/json'} 
 body=b'{"name": "Mod User", "email": "moderator@gmail.com", "password": "moderatorpw", "role": "moderator", "disabled": false}' 
 </msg>
<msg time="2024-09-20T12:51:23.966592" level="INFO">POST Response : url=http://localhost:5173/api/users 
 status=200, reason=OK 
 headers={'access-control-allow-origin': '*', 'x-powered-by': 'Express', 'content-type': 'application/json; charset=utf-8', 'content-length': '248', 'etag': 'W/"f8-wRME1e/uxY70CYkGd05PoJ+EDLw"', 'date': 'Fri, 20 Sep 2024 09:51:23 GMT', 'connection': 'close'} 
 body={"id":10604,"name":"Mod User","email":"moderator@gmail.com","role":"moderator","password":"$2b$10$a.2TLPuqW2ImBO2CFTZGFuPWbfbFaMOgPBCMHqNAQuDeOEn3TJtM2","disabled":false,"updatedAt":"2024-09-20T09:51:23.794Z","createdAt":"2024-09-20T09:51:23.794Z"} 
 </msg>
<arg>${BACKEND}/users</arg>
<arg>json=${body}</arg>
<doc>Sends a POST request.</doc>
<status status="PASS" start="2024-09-20T12:51:23.548161" elapsed="0.418431"/>
</kw>
<arg>Mod User</arg>
<arg>moderator@gmail.com</arg>
<arg>moderatorpw</arg>
<arg>moderator</arg>
<arg>${False}</arg>
<status status="PASS" start="2024-09-20T12:51:23.548161" elapsed="0.418431"/>
</kw>
<kw name="Add user to test database" owner="commonKeywords">
<kw name="Create Dictionary" owner="BuiltIn">
<msg time="2024-09-20T12:51:23.966592" level="INFO">${body} = {'name': 'Admin User', 'email': 'admin@gmail.com', 'password': 'adminpw', 'role': 'admin', 'disabled': False}</msg>
<var>${body}</var>
<arg>name=${name}</arg>
<arg>email=${email}</arg>
<arg>password=${password}</arg>
<arg>role=${role}</arg>
<arg>disabled=${disabled}</arg>
<doc>Creates and returns a dictionary based on the given ``items``.</doc>
<status status="PASS" start="2024-09-20T12:51:23.966592" elapsed="0.000000"/>
</kw>
<kw name="POST" owner="RequestsLibrary">
<msg time="2024-09-20T12:51:24.395518" level="INFO">POST Request : url=http://localhost:5173/api/users 
 path_url=/api/users 
 headers={'User-Agent': 'python-requests/2.32.3', 'Accept-Encoding': 'gzip, deflate', 'Accept': '*/*', 'Connection': 'keep-alive', 'Content-Length': '109', 'Content-Type': 'application/json'} 
 body=b'{"name": "Admin User", "email": "admin@gmail.com", "password": "adminpw", "role": "admin", "disabled": false}' 
 </msg>
<msg time="2024-09-20T12:51:24.395518" level="INFO">POST Response : url=http://localhost:5173/api/users 
 status=200, reason=OK 
 headers={'access-control-allow-origin': '*', 'x-powered-by': 'Express', 'content-type': 'application/json; charset=utf-8', 'content-length': '242', 'etag': 'W/"f2-N8g7JFuO6FsgM5wOMn9BXuPegBE"', 'date': 'Fri, 20 Sep 2024 09:51:24 GMT', 'connection': 'close'} 
 body={"id":10605,"name":"Admin User","email":"admin@gmail.com","role":"admin","password":"$2b$10$mIsxbC1zT/NsrDcFgu08huXOFbZaHCHr1RDfBZ7HnPoC5RP/kL10C","disabled":false,"updatedAt":"2024-09-20T09:51:24.218Z","createdAt":"2024-09-20T09:51:24.218Z"} 
 </msg>
<arg>${BACKEND}/users</arg>
<arg>json=${body}</arg>
<doc>Sends a POST request.</doc>
<status status="PASS" start="2024-09-20T12:51:23.966592" elapsed="0.428926"/>
</kw>
<arg>Admin User</arg>
<arg>admin@gmail.com</arg>
<arg>adminpw</arg>
<arg>admin</arg>
<arg>${False}</arg>
<status status="PASS" start="2024-09-20T12:51:23.966592" elapsed="0.428926"/>
</kw>
<kw name="Add user to test database" owner="commonKeywords">
<kw name="Create Dictionary" owner="BuiltIn">
<msg time="2024-09-20T12:51:24.395518" level="INFO">${body} = {'name': 'Disabled User', 'email': 'disabled@gmail.com', 'password': 'disabledpw', 'role': 'user', 'disabled': True}</msg>
<var>${body}</var>
<arg>name=${name}</arg>
<arg>email=${email}</arg>
<arg>password=${password}</arg>
<arg>role=${role}</arg>
<arg>disabled=${disabled}</arg>
<doc>Creates and returns a dictionary based on the given ``items``.</doc>
<status status="PASS" start="2024-09-20T12:51:24.395518" elapsed="0.000000"/>
</kw>
<kw name="POST" owner="RequestsLibrary">
<msg time="2024-09-20T12:51:24.814947" level="INFO">POST Request : url=http://localhost:5173/api/users 
 path_url=/api/users 
 headers={'User-Agent': 'python-requests/2.32.3', 'Accept-Encoding': 'gzip, deflate', 'Accept': '*/*', 'Connection': 'keep-alive', 'Content-Length': '116', 'Content-Type': 'application/json'} 
 body=b'{"name": "Disabled User", "email": "disabled@gmail.com", "password": "disabledpw", "role": "user", "disabled": true}' 
 </msg>
<msg time="2024-09-20T12:51:24.814947" level="INFO">POST Response : url=http://localhost:5173/api/users 
 status=200, reason=OK 
 headers={'access-control-allow-origin': '*', 'x-powered-by': 'Express', 'content-type': 'application/json; charset=utf-8', 'content-length': '246', 'etag': 'W/"f6-rEPcqh85BFhiep3uQwfcHElIrsw"', 'date': 'Fri, 20 Sep 2024 09:51:24 GMT', 'connection': 'close'} 
 body={"id":10606,"name":"Disabled User","email":"disabled@gmail.com","role":"user","password":"$2b$10$vub5dCuWVSVedmtW2KYxbeciPeudNqvEuK/e84zDR9BZqEHpU9VwW","disabled":true,"updatedAt":"2024-09-20T09:51:24.640Z","createdAt":"2024-09-20T09:51:24.640Z"} 
 </msg>
<arg>${BACKEND}/users</arg>
<arg>json=${body}</arg>
<doc>Sends a POST request.</doc>
<status status="PASS" start="2024-09-20T12:51:24.395518" elapsed="0.419429"/>
</kw>
<arg>Disabled User</arg>
<arg>disabled@gmail.com</arg>
<arg>disabledpw</arg>
<arg>user</arg>
<arg>${True}</arg>
<status status="PASS" start="2024-09-20T12:51:24.395518" elapsed="0.419429"/>
</kw>
<status status="PASS" start="2024-09-20T12:51:23.116997" elapsed="1.697950"/>
</kw>
<kw name="Open browser on TMS home page" owner="commonKeywords">
<kw name="Open Browser" owner="SeleniumLibrary">
<msg time="2024-09-20T12:51:24.814947" level="INFO">Opening browser 'chrome' to base url 'http://localhost:5173'.</msg>
<arg>${HOME PAGE}</arg>
<arg>${BROWSER}</arg>
<doc>Opens a new browser instance to the optional ``url``.</doc>
<status status="PASS" start="2024-09-20T12:51:24.814947" elapsed="2.273062"/>
</kw>
<kw name="Maximize Browser Window" owner="SeleniumLibrary">
<doc>Maximizes current browser window.</doc>
<status status="PASS" start="2024-09-20T12:51:27.088009" elapsed="0.046873"/>
</kw>
<kw name="Sleep" owner="BuiltIn">
<msg time="2024-09-20T12:51:28.135184" level="INFO">Slept 1 second.</msg>
<arg>1s</arg>
<doc>Pauses the test executed for the given time.</doc>
<status status="PASS" start="2024-09-20T12:51:27.134882" elapsed="1.000302"/>
</kw>
<kw name="Title Should Be" owner="SeleniumLibrary">
<msg time="2024-09-20T12:51:28.135184" level="INFO">Page title is 'The Movie Stead'.</msg>
<arg>The Movie Stead</arg>
<doc>Verifies that the current page title equals ``title``.</doc>
<status status="PASS" start="2024-09-20T12:51:28.135184" elapsed="0.000000"/>
</kw>
<kw name="Page Should Contain" owner="SeleniumLibrary">
<msg time="2024-09-20T12:51:28.150819" level="INFO">Current page contains text 'Trending movies'.</msg>
<arg>Trending movies</arg>
<doc>Verifies that current page contains ``text``.</doc>
<status status="PASS" start="2024-09-20T12:51:28.135184" elapsed="0.015635"/>
</kw>
<status status="PASS" start="2024-09-20T12:51:24.814947" elapsed="3.335872"/>
</kw>
<status status="PASS" start="2024-09-20T12:51:22.222228" elapsed="5.928591"/>
</kw>
<kw name="Navigate to login page" owner="commonKeywords">
<kw name="Click Element" owner="SeleniumLibrary">
<msg time="2024-09-20T12:51:28.150819" level="INFO">Clicking element '//*[@data-testid="AccountCircleIcon"]'.</msg>
<arg>${ACCOUNT MENU}</arg>
<doc>Click the element identified by ``locator``.</doc>
<status status="PASS" start="2024-09-20T12:51:28.150819" elapsed="0.072797"/>
</kw>
<kw name="Click Element" owner="SeleniumLibrary">
<msg time="2024-09-20T12:51:28.223616" level="INFO">Clicking element '//*[@id="account-menu-login"]'.</msg>
<arg>${ACCOUNT MENU LOGIN}</arg>
<doc>Click the element identified by ``locator``.</doc>
<status status="PASS" start="2024-09-20T12:51:28.223616" elapsed="0.100122"/>
</kw>
<kw name="Page Should Contain" owner="SeleniumLibrary">
<msg time="2024-09-20T12:51:28.333744" level="INFO">Current page contains text 'The Movie Stead - Login'.</msg>
<arg>The Movie Stead - Login</arg>
<doc>Verifies that current page contains ``text``.</doc>
<status status="PASS" start="2024-09-20T12:51:28.323738" elapsed="0.010006"/>
</kw>
<kw name="Page Should Contain" owner="SeleniumLibrary">
<msg time="2024-09-20T12:51:28.352499" level="INFO">Current page contains text 'Don't have an account? Sign Up'.</msg>
<arg>Don't have an account? Sign Up</arg>
<doc>Verifies that current page contains ``text``.</doc>
<status status="PASS" start="2024-09-20T12:51:28.333744" elapsed="0.018755"/>
</kw>
<status status="PASS" start="2024-09-20T12:51:28.150819" elapsed="0.201680"/>
</kw>
<kw name="Fill form and login" owner="commonKeywords">
<kw name="Input Text" owner="SeleniumLibrary">
<msg time="2024-09-20T12:51:28.354069" level="INFO">Typing text 'regular@gmail.com' into text field '//*[@id="email"]'.</msg>
<arg>${EMAIL FIELD}</arg>
<arg>${email}</arg>
<doc>Types the given ``text`` into the text field identified by ``locator``.</doc>
<status status="PASS" start="2024-09-20T12:51:28.354069" elapsed="0.294433"/>
</kw>
<kw name="Input Text" owner="SeleniumLibrary">
<msg time="2024-09-20T12:51:28.648502" level="INFO">Typing text 'regularpw' into text field '//*[@id="password"]'.</msg>
<arg>${PW FIELD}</arg>
<arg>${pw}</arg>
<doc>Types the given ``text`` into the text field identified by ``locator``.</doc>
<status status="PASS" start="2024-09-20T12:51:28.648502" elapsed="0.185179"/>
</kw>
<kw name="Click Button" owner="SeleniumLibrary">
<msg time="2024-09-20T12:51:28.833681" level="INFO">Clicking button '//*[@id="login-button"]'.</msg>
<arg>${LOGIN BUTTON}</arg>
<doc>Clicks the button identified by ``locator``.</doc>
<status status="PASS" start="2024-09-20T12:51:28.833681" elapsed="0.078129"/>
</kw>
<kw name="Sleep" owner="BuiltIn">
<msg time="2024-09-20T12:51:30.912441" level="INFO">Slept 2 seconds.</msg>
<arg>2s</arg>
<doc>Pauses the test executed for the given time.</doc>
<status status="PASS" start="2024-09-20T12:51:28.911810" elapsed="2.000631"/>
</kw>
<arg>regular@gmail.com</arg>
<arg>regularpw</arg>
<status status="PASS" start="2024-09-20T12:51:28.353504" elapsed="2.558937"/>
</kw>
<kw name="Verify logged in" owner="commonKeywords">
<kw name="Click Element" owner="SeleniumLibrary">
<msg time="2024-09-20T12:51:30.912441" level="INFO">Clicking element '//*[@data-testid="AccountCircleIcon"]'.</msg>
<arg>${ACCOUNT MENU}</arg>
<doc>Click the element identified by ``locator``.</doc>
<status status="PASS" start="2024-09-20T12:51:30.912441" elapsed="0.052753"/>
</kw>
<kw name="Page Should Contain Element" owner="SeleniumLibrary">
<msg time="2024-09-20T12:51:30.975891" level="INFO">Current page contains element '//*[@id="my-account"]'.</msg>
<arg>${ACCOUNT MENU MY ACCOUNT}</arg>
<doc>Verifies that element ``locator`` is found on the current page.</doc>
<status status="PASS" start="2024-09-20T12:51:30.965194" elapsed="0.010697"/>
</kw>
<kw name="Press Keys" owner="SeleniumLibrary">
<msg time="2024-09-20T12:51:30.975891" level="INFO">Sending key(s) ('ESCAPE',) to //*[@data-testid="AccountCircleIcon"] element.</msg>
<msg time="2024-09-20T12:51:31.263952" level="INFO">Pressing special key ESCAPE to element.</msg>
<msg time="2024-09-20T12:51:31.263952" level="INFO">Releasing special key ESCAPE.</msg>
<arg>${ACCOUNT MENU}</arg>
<arg>ESCAPE</arg>
<doc>Simulates the user pressing key(s) to an element or on the active browser.</doc>
<status status="PASS" start="2024-09-20T12:51:30.975891" elapsed="0.305993"/>
</kw>
<status status="PASS" start="2024-09-20T12:51:30.912441" elapsed="0.369443"/>
</kw>
<kw name="Page Should Contain" owner="SeleniumLibrary">
<msg time="2024-09-20T12:51:31.296061" level="INFO">Current page contains text 'Trending movies'.</msg>
<arg>Trending movies</arg>
<doc>Verifies that current page contains ``text``.</doc>
<status status="PASS" start="2024-09-20T12:51:31.281884" elapsed="0.014177"/>
</kw>
<kw name="Page Should Contain" owner="SeleniumLibrary">
<msg time="2024-09-20T12:51:31.311070" level="INFO">Current page contains text 'Watchlist'.</msg>
<arg>Watchlist</arg>
<doc>Verifies that current page contains ``text``.</doc>
<status status="PASS" start="2024-09-20T12:51:31.296061" elapsed="0.015009"/>
</kw>
<kw name="Page Should Contain" owner="SeleniumLibrary">
<msg time="2024-09-20T12:51:31.345853" level="INFO">Current page contains text 'My Reviews'.</msg>
<arg>My Reviews</arg>
<doc>Verifies that current page contains ``text``.</doc>
<status status="PASS" start="2024-09-20T12:51:31.326698" elapsed="0.019155"/>
</kw>
<kw name="Close Browser" owner="SeleniumLibrary" type="TEARDOWN">
<doc>Closes the current browser.</doc>
<status status="PASS" start="2024-09-20T12:51:31.345853" elapsed="2.155750"/>
</kw>
<doc>Verifies that login succeeds with correct credentials</doc>
<tag>Login</tag>
<status status="PASS" start="2024-09-20T12:51:22.222228" elapsed="11.279375"/>
</test>
<test id="s1-s1-t3" name="Login fails with incorrect credentials" line="28">
<kw name="Setup tests" owner="loginKeywords" type="SETUP">
<kw name="Clear test database" owner="commonKeywords">
<kw name="POST" owner="RequestsLibrary">
<msg time="2024-09-20T12:51:34.397199" level="INFO">POST Request : url=http://localhost:5173/api/testing/reset 
 path_url=/api/testing/reset 
 headers={'User-Agent': 'python-requests/2.32.3', 'Accept-Encoding': 'gzip, deflate', 'Accept': '*/*', 'Connection': 'keep-alive', 'Content-Length': '0'} 
 body=None 
 </msg>
<msg time="2024-09-20T12:51:34.397199" level="INFO">POST Response : url=http://localhost:5173/api/testing/reset 
 status=204, reason=No Content 
 headers={'access-control-allow-origin': '*', 'x-powered-by': 'Express', 'date': 'Fri, 20 Sep 2024 09:51:34 GMT', 'connection': 'close'} 
 body=None 
 </msg>
<arg>${BACKEND}/testing/reset</arg>
<doc>Sends a POST request.</doc>
<status status="PASS" start="2024-09-20T12:51:33.501603" elapsed="0.895596"/>
</kw>
<status status="PASS" start="2024-09-20T12:51:33.501603" elapsed="0.895596"/>
</kw>
<kw name="Seed users to test database" owner="commonKeywords">
<kw name="Add user to test database" owner="commonKeywords">
<kw name="Create Dictionary" owner="BuiltIn">
<msg time="2024-09-20T12:51:34.397199" level="INFO">${body} = {'name': 'Regular User', 'email': 'regular@gmail.com', 'password': 'regularpw', 'role': 'user', 'disabled': False}</msg>
<var>${body}</var>
<arg>name=${name}</arg>
<arg>email=${email}</arg>
<arg>password=${password}</arg>
<arg>role=${role}</arg>
<arg>disabled=${disabled}</arg>
<doc>Creates and returns a dictionary based on the given ``items``.</doc>
<status status="PASS" start="2024-09-20T12:51:34.397199" elapsed="0.000000"/>
</kw>
<kw name="POST" owner="RequestsLibrary">
<msg time="2024-09-20T12:51:34.819331" level="INFO">POST Request : url=http://localhost:5173/api/users 
 path_url=/api/users 
 headers={'User-Agent': 'python-requests/2.32.3', 'Accept-Encoding': 'gzip, deflate', 'Accept': '*/*', 'Connection': 'keep-alive', 'Content-Length': '114', 'Content-Type': 'application/json'} 
 body=b'{"name": "Regular User", "email": "regular@gmail.com", "password": "regularpw", "role": "user", "disabled": false}' 
 </msg>
<msg time="2024-09-20T12:51:34.819331" level="INFO">POST Response : url=http://localhost:5173/api/users 
 status=200, reason=OK 
 headers={'access-control-allow-origin': '*', 'x-powered-by': 'Express', 'content-type': 'application/json; charset=utf-8', 'content-length': '245', 'etag': 'W/"f5-NmHsGJnvgC6ZJ++Xnb5mZqubR1o"', 'date': 'Fri, 20 Sep 2024 09:51:34 GMT', 'connection': 'close'} 
 body={"id":10607,"name":"Regular User","email":"regular@gmail.com","role":"user","password":"$2b$10$Y1tv4Ko9frIn/c45eKFeDuNfq7Y902ppPVN.DtERDVkWnLkKneoF.","disabled":false,"updatedAt":"2024-09-20T09:51:34.643Z","createdAt":"2024-09-20T09:51:34.643Z"} 
 </msg>
<arg>${BACKEND}/users</arg>
<arg>json=${body}</arg>
<doc>Sends a POST request.</doc>
<status status="PASS" start="2024-09-20T12:51:34.397199" elapsed="0.425151"/>
</kw>
<arg>Regular User</arg>
<arg>regular@gmail.com</arg>
<arg>regularpw</arg>
<arg>user</arg>
<arg>${False}</arg>
<status status="PASS" start="2024-09-20T12:51:34.397199" elapsed="0.425246"/>
</kw>
<kw name="Add user to test database" owner="commonKeywords">
<kw name="Create Dictionary" owner="BuiltIn">
<msg time="2024-09-20T12:51:34.823259" level="INFO">${body} = {'name': 'Mod User', 'email': 'moderator@gmail.com', 'password': 'moderatorpw', 'role': 'moderator', 'disabled': False}</msg>
<var>${body}</var>
<arg>name=${name}</arg>
<arg>email=${email}</arg>
<arg>password=${password}</arg>
<arg>role=${role}</arg>
<arg>disabled=${disabled}</arg>
<doc>Creates and returns a dictionary based on the given ``items``.</doc>
<status status="PASS" start="2024-09-20T12:51:34.822917" elapsed="0.000390"/>
</kw>
<kw name="POST" owner="RequestsLibrary">
<msg time="2024-09-20T12:51:35.227179" level="INFO">POST Request : url=http://localhost:5173/api/users 
 path_url=/api/users 
 headers={'User-Agent': 'python-requests/2.32.3', 'Accept-Encoding': 'gzip, deflate', 'Accept': '*/*', 'Connection': 'keep-alive', 'Content-Length': '119', 'Content-Type': 'application/json'} 
 body=b'{"name": "Mod User", "email": "moderator@gmail.com", "password": "moderatorpw", "role": "moderator", "disabled": false}' 
 </msg>
<msg time="2024-09-20T12:51:35.227179" level="INFO">POST Response : url=http://localhost:5173/api/users 
 status=200, reason=OK 
 headers={'access-control-allow-origin': '*', 'x-powered-by': 'Express', 'content-type': 'application/json; charset=utf-8', 'content-length': '248', 'etag': 'W/"f8-H95flFEKPAyIzSJnhA+JiyGiT4Y"', 'date': 'Fri, 20 Sep 2024 09:51:35 GMT', 'connection': 'close'} 
 body={"id":10608,"name":"Mod User","email":"moderator@gmail.com","role":"moderator","password":"$2b$10$4vYpSxlRDFtCynKBhtFSue25ZrqE3waBcJdEQUZe6Lg7Mj1E37BSK","disabled":false,"updatedAt":"2024-09-20T09:51:35.060Z","createdAt":"2024-09-20T09:51:35.060Z"} 
 </msg>
<arg>${BACKEND}/users</arg>
<arg>json=${body}</arg>
<doc>Sends a POST request.</doc>
<status status="PASS" start="2024-09-20T12:51:34.823307" elapsed="0.403872"/>
</kw>
<arg>Mod User</arg>
<arg>moderator@gmail.com</arg>
<arg>moderatorpw</arg>
<arg>moderator</arg>
<arg>${False}</arg>
<status status="PASS" start="2024-09-20T12:51:34.822635" elapsed="0.404544"/>
</kw>
<kw name="Add user to test database" owner="commonKeywords">
<kw name="Create Dictionary" owner="BuiltIn">
<msg time="2024-09-20T12:51:35.242674" level="INFO">${body} = {'name': 'Admin User', 'email': 'admin@gmail.com', 'password': 'adminpw', 'role': 'admin', 'disabled': False}</msg>
<var>${body}</var>
<arg>name=${name}</arg>
<arg>email=${email}</arg>
<arg>password=${password}</arg>
<arg>role=${role}</arg>
<arg>disabled=${disabled}</arg>
<doc>Creates and returns a dictionary based on the given ``items``.</doc>
<status status="PASS" start="2024-09-20T12:51:35.227179" elapsed="0.015495"/>
</kw>
<kw name="POST" owner="RequestsLibrary">
<msg time="2024-09-20T12:51:35.662811" level="INFO">POST Request : url=http://localhost:5173/api/users 
 path_url=/api/users 
 headers={'User-Agent': 'python-requests/2.32.3', 'Accept-Encoding': 'gzip, deflate', 'Accept': '*/*', 'Connection': 'keep-alive', 'Content-Length': '109', 'Content-Type': 'application/json'} 
 body=b'{"name": "Admin User", "email": "admin@gmail.com", "password": "adminpw", "role": "admin", "disabled": false}' 
 </msg>
<msg time="2024-09-20T12:51:35.662811" level="INFO">POST Response : url=http://localhost:5173/api/users 
 status=200, reason=OK 
 headers={'access-control-allow-origin': '*', 'x-powered-by': 'Express', 'content-type': 'application/json; charset=utf-8', 'content-length': '242', 'etag': 'W/"f2-RNsdkvPfw2lD7gdyko3i8zlS1z8"', 'date': 'Fri, 20 Sep 2024 09:51:35 GMT', 'connection': 'close'} 
 body={"id":10609,"name":"Admin User","email":"admin@gmail.com","role":"admin","password":"$2b$10$4B6LUjfYxm./gIxrIQOLKuy515/8xD6N14ve65a7PkkOG2uEAFhPC","disabled":false,"updatedAt":"2024-09-20T09:51:35.481Z","createdAt":"2024-09-20T09:51:35.481Z"} 
 </msg>
<arg>${BACKEND}/users</arg>
<arg>json=${body}</arg>
<doc>Sends a POST request.</doc>
<status status="PASS" start="2024-09-20T12:51:35.242674" elapsed="0.420137"/>
</kw>
<arg>Admin User</arg>
<arg>admin@gmail.com</arg>
<arg>adminpw</arg>
<arg>admin</arg>
<arg>${False}</arg>
<status status="PASS" start="2024-09-20T12:51:35.227179" elapsed="0.435632"/>
</kw>
<kw name="Add user to test database" owner="commonKeywords">
<kw name="Create Dictionary" owner="BuiltIn">
<msg time="2024-09-20T12:51:35.662811" level="INFO">${body} = {'name': 'Disabled User', 'email': 'disabled@gmail.com', 'password': 'disabledpw', 'role': 'user', 'disabled': True}</msg>
<var>${body}</var>
<arg>name=${name}</arg>
<arg>email=${email}</arg>
<arg>password=${password}</arg>
<arg>role=${role}</arg>
<arg>disabled=${disabled}</arg>
<doc>Creates and returns a dictionary based on the given ``items``.</doc>
<status status="PASS" start="2024-09-20T12:51:35.662811" elapsed="0.000000"/>
</kw>
<kw name="POST" owner="RequestsLibrary">
<msg time="2024-09-20T12:51:36.093567" level="INFO">POST Request : url=http://localhost:5173/api/users 
 path_url=/api/users 
 headers={'User-Agent': 'python-requests/2.32.3', 'Accept-Encoding': 'gzip, deflate', 'Accept': '*/*', 'Connection': 'keep-alive', 'Content-Length': '116', 'Content-Type': 'application/json'} 
 body=b'{"name": "Disabled User", "email": "disabled@gmail.com", "password": "disabledpw", "role": "user", "disabled": true}' 
 </msg>
<msg time="2024-09-20T12:51:36.093567" level="INFO">POST Response : url=http://localhost:5173/api/users 
 status=200, reason=OK 
 headers={'access-control-allow-origin': '*', 'x-powered-by': 'Express', 'content-type': 'application/json; charset=utf-8', 'content-length': '246', 'etag': 'W/"f6-ss1kt/y2JNLvKVhCzmpHnkOG5FI"', 'date': 'Fri, 20 Sep 2024 09:51:36 GMT', 'connection': 'close'} 
 body={"id":10610,"name":"Disabled User","email":"disabled@gmail.com","role":"user","password":"$2b$10$AxR1RLUJ4d9vX7V/KXKDpOZtuyef5SXy3JbQdzR5Us4RQ3K08WXwq","disabled":true,"updatedAt":"2024-09-20T09:51:35.912Z","createdAt":"2024-09-20T09:51:35.912Z"} 
 </msg>
<arg>${BACKEND}/users</arg>
<arg>json=${body}</arg>
<doc>Sends a POST request.</doc>
<status status="PASS" start="2024-09-20T12:51:35.662811" elapsed="0.430756"/>
</kw>
<arg>Disabled User</arg>
<arg>disabled@gmail.com</arg>
<arg>disabledpw</arg>
<arg>user</arg>
<arg>${True}</arg>
<status status="PASS" start="2024-09-20T12:51:35.662811" elapsed="0.430756"/>
</kw>
<status status="PASS" start="2024-09-20T12:51:34.397199" elapsed="1.696368"/>
</kw>
<kw name="Open browser on TMS home page" owner="commonKeywords">
<kw name="Open Browser" owner="SeleniumLibrary">
<msg time="2024-09-20T12:51:36.093567" level="INFO">Opening browser 'chrome' to base url 'http://localhost:5173'.</msg>
<arg>${HOME PAGE}</arg>
<arg>${BROWSER}</arg>
<doc>Opens a new browser instance to the optional ``url``.</doc>
<status status="PASS" start="2024-09-20T12:51:36.093567" elapsed="2.295568"/>
</kw>
<kw name="Maximize Browser Window" owner="SeleniumLibrary">
<doc>Maximizes current browser window.</doc>
<status status="PASS" start="2024-09-20T12:51:38.389135" elapsed="0.298461"/>
</kw>
<kw name="Sleep" owner="BuiltIn">
<msg time="2024-09-20T12:51:39.688020" level="INFO">Slept 1 second.</msg>
<arg>1s</arg>
<doc>Pauses the test executed for the given time.</doc>
<status status="PASS" start="2024-09-20T12:51:38.687596" elapsed="1.000424"/>
</kw>
<kw name="Title Should Be" owner="SeleniumLibrary">
<msg time="2024-09-20T12:51:39.688020" level="INFO">Page title is 'The Movie Stead'.</msg>
<arg>The Movie Stead</arg>
<doc>Verifies that the current page title equals ``title``.</doc>
<status status="PASS" start="2024-09-20T12:51:39.688020" elapsed="0.000000"/>
</kw>
<kw name="Page Should Contain" owner="SeleniumLibrary">
<msg time="2024-09-20T12:51:39.703655" level="INFO">Current page contains text 'Trending movies'.</msg>
<arg>Trending movies</arg>
<doc>Verifies that current page contains ``text``.</doc>
<status status="PASS" start="2024-09-20T12:51:39.688020" elapsed="0.015635"/>
</kw>
<status status="PASS" start="2024-09-20T12:51:36.093567" elapsed="3.610088"/>
</kw>
<status status="PASS" start="2024-09-20T12:51:33.501603" elapsed="6.202052"/>
</kw>
<kw name="Navigate to login page" owner="commonKeywords">
<kw name="Click Element" owner="SeleniumLibrary">
<msg time="2024-09-20T12:51:39.703655" level="INFO">Clicking element '//*[@data-testid="AccountCircleIcon"]'.</msg>
<arg>${ACCOUNT MENU}</arg>
<doc>Click the element identified by ``locator``.</doc>
<status status="PASS" start="2024-09-20T12:51:39.703655" elapsed="0.076998"/>
</kw>
<kw name="Click Element" owner="SeleniumLibrary">
<msg time="2024-09-20T12:51:39.780653" level="INFO">Clicking element '//*[@id="account-menu-login"]'.</msg>
<arg>${ACCOUNT MENU LOGIN}</arg>
<doc>Click the element identified by ``locator``.</doc>
<status status="PASS" start="2024-09-20T12:51:39.780653" elapsed="0.105715"/>
</kw>
<kw name="Page Should Contain" owner="SeleniumLibrary">
<msg time="2024-09-20T12:51:39.886368" level="INFO">Current page contains text 'The Movie Stead - Login'.</msg>
<arg>The Movie Stead - Login</arg>
<doc>Verifies that current page contains ``text``.</doc>
<status status="PASS" start="2024-09-20T12:51:39.886368" elapsed="0.000000"/>
</kw>
<kw name="Page Should Contain" owner="SeleniumLibrary">
<msg time="2024-09-20T12:51:39.901997" level="INFO">Current page contains text 'Don't have an account? Sign Up'.</msg>
<arg>Don't have an account? Sign Up</arg>
<doc>Verifies that current page contains ``text``.</doc>
<status status="PASS" start="2024-09-20T12:51:39.886368" elapsed="0.015629"/>
</kw>
<status status="PASS" start="2024-09-20T12:51:39.703655" elapsed="0.198342"/>
</kw>
<kw name="Fill form and login" owner="commonKeywords">
<kw name="Input Text" owner="SeleniumLibrary">
<msg time="2024-09-20T12:51:39.901997" level="INFO">Typing text 'regular@gmail.com' into text field '//*[@id="email"]'.</msg>
<arg>${EMAIL FIELD}</arg>
<arg>${email}</arg>
<doc>Types the given ``text`` into the text field identified by ``locator``.</doc>
<status status="PASS" start="2024-09-20T12:51:39.901997" elapsed="0.306967"/>
</kw>
<kw name="Input Text" owner="SeleniumLibrary">
<msg time="2024-09-20T12:51:40.208964" level="INFO">Typing text 'regularp' into text field '//*[@id="password"]'.</msg>
<arg>${PW FIELD}</arg>
<arg>${pw}</arg>
<doc>Types the given ``text`` into the text field identified by ``locator``.</doc>
<status status="PASS" start="2024-09-20T12:51:40.208964" elapsed="0.182117"/>
</kw>
<kw name="Click Button" owner="SeleniumLibrary">
<msg time="2024-09-20T12:51:40.391081" level="INFO">Clicking button '//*[@id="login-button"]'.</msg>
<arg>${LOGIN BUTTON}</arg>
<doc>Clicks the button identified by ``locator``.</doc>
<status status="PASS" start="2024-09-20T12:51:40.391081" elapsed="0.081643"/>
</kw>
<kw name="Sleep" owner="BuiltIn">
<msg time="2024-09-20T12:51:42.473118" level="INFO">Slept 2 seconds.</msg>
<arg>2s</arg>
<doc>Pauses the test executed for the given time.</doc>
<status status="PASS" start="2024-09-20T12:51:40.472724" elapsed="2.000394"/>
</kw>
<arg>regular@gmail.com</arg>
<arg>regularp</arg>
<status status="PASS" start="2024-09-20T12:51:39.901997" elapsed="2.571121"/>
</kw>
<kw name="Verify unsuccessfull login" owner="commonKeywords">
<kw name="Verify not logged in" owner="commonKeywords">
<kw name="Click Element" owner="SeleniumLibrary">
<msg time="2024-09-20T12:51:42.473118" level="INFO">Clicking element '//*[@data-testid="AccountCircleIcon"]'.</msg>
<arg>${ACCOUNT MENU}</arg>
<doc>Click the element identified by ``locator``.</doc>
<status status="PASS" start="2024-09-20T12:51:42.473118" elapsed="0.045783"/>
</kw>
<kw name="Page Should Not Contain Element" owner="SeleniumLibrary">
<msg time="2024-09-20T12:51:42.532644" level="INFO">Current page does not contain element '//*[@id="my-account"]'.</msg>
<arg>${ACCOUNT MENU MY ACCOUNT}</arg>
<doc>Verifies that element ``locator`` is not found on the current page.</doc>
<status status="PASS" start="2024-09-20T12:51:42.518901" elapsed="0.013743"/>
</kw>
<kw name="Press Keys" owner="SeleniumLibrary">
<msg time="2024-09-20T12:51:42.532644" level="INFO">Sending key(s) ('ESCAPE',) to //*[@data-testid="AccountCircleIcon"] element.</msg>
<msg time="2024-09-20T12:51:42.819324" level="INFO">Pressing special key ESCAPE to element.</msg>
<msg time="2024-09-20T12:51:42.819324" level="INFO">Releasing special key ESCAPE.</msg>
<arg>${ACCOUNT MENU}</arg>
<arg>ESCAPE</arg>
<doc>Simulates the user pressing key(s) to an element or on the active browser.</doc>
<status status="PASS" start="2024-09-20T12:51:42.532644" elapsed="0.304717"/>
</kw>
<status status="PASS" start="2024-09-20T12:51:42.473118" elapsed="0.364243"/>
</kw>
<kw name="Page Should Not Contain" owner="SeleniumLibrary">
<msg time="2024-09-20T12:51:42.851850" level="INFO">Current page does not contain text 'Trending movies'.</msg>
<arg>Trending movies</arg>
<doc>Verifies the current page does not contain ``text``.</doc>
<status status="PASS" start="2024-09-20T12:51:42.837361" elapsed="0.014489"/>
</kw>
<kw name="Page Should Not Contain" owner="SeleniumLibrary">
<msg time="2024-09-20T12:51:42.883437" level="INFO">Current page does not contain text 'Watchlist'.</msg>
<arg>Watchlist</arg>
<doc>Verifies the current page does not contain ``text``.</doc>
<status status="PASS" start="2024-09-20T12:51:42.851850" elapsed="0.031587"/>
</kw>
<kw name="Page Should Not Contain" owner="SeleniumLibrary">
<msg time="2024-09-20T12:51:42.901260" level="INFO">Current page does not contain text 'My Reviews'.</msg>
<arg>My Reviews</arg>
<doc>Verifies the current page does not contain ``text``.</doc>
<status status="PASS" start="2024-09-20T12:51:42.883437" elapsed="0.017823"/>
</kw>
<status status="PASS" start="2024-09-20T12:51:42.473118" elapsed="0.428142"/>
</kw>
<kw name="Clear login form" owner="loginKeywords">
<kw name="Get Element Attribute" owner="SeleniumLibrary">
<msg time="2024-09-20T12:51:42.914814" level="INFO">${email} = regular@gmail.com</msg>
<var>${email}</var>
<arg>${EMAIL FIELD}</arg>
<arg>value</arg>
<doc>Returns the value of ``attribute`` from the element ``locator``.</doc>
<status status="PASS" start="2024-09-20T12:51:42.901260" elapsed="0.013554"/>
</kw>
<kw name="Get Length" owner="BuiltIn">
<msg time="2024-09-20T12:51:42.914814" level="INFO">Length is 17.</msg>
<msg time="2024-09-20T12:51:42.914814" level="INFO">${length} = 17</msg>
<var>${length}</var>
<arg>${email}</arg>
<doc>Returns and logs the length of the given item as an integer.</doc>
<status status="PASS" start="2024-09-20T12:51:42.914814" elapsed="0.000000"/>
</kw>
<kw name="Run Keyword If" owner="BuiltIn">
<kw name="Repeat Keyword" owner="BuiltIn">
<msg time="2024-09-20T12:51:42.914814" level="INFO">Repeating keyword, round 1/18.</msg>
<kw name="Press Keys" owner="SeleniumLibrary">
<msg time="2024-09-20T12:51:42.914814" level="INFO">Sending key(s) ('BACKSPACE',) to //*[@id="email"] element.</msg>
<msg time="2024-09-20T12:51:43.205183" level="INFO">Pressing special key BACKSPACE to element.</msg>
<msg time="2024-09-20T12:51:43.205183" level="INFO">Releasing special key BACKSPACE.</msg>
<arg>${EMAIL FIELD}</arg>
<arg>BACKSPACE</arg>
<doc>Simulates the user pressing key(s) to an element or on the active browser.</doc>
<status status="PASS" start="2024-09-20T12:51:42.914814" elapsed="0.325647"/>
</kw>
<msg time="2024-09-20T12:51:43.241464" level="INFO">Repeating keyword, round 2/18.</msg>
<kw name="Press Keys" owner="SeleniumLibrary">
<msg time="2024-09-20T12:51:43.241464" level="INFO">Sending key(s) ('BACKSPACE',) to //*[@id="email"] element.</msg>
<msg time="2024-09-20T12:51:43.520450" level="INFO">Pressing special key BACKSPACE to element.</msg>
<msg time="2024-09-20T12:51:43.520450" level="INFO">Releasing special key BACKSPACE.</msg>
<arg>${EMAIL FIELD}</arg>
<arg>BACKSPACE</arg>
<doc>Simulates the user pressing key(s) to an element or on the active browser.</doc>
<status status="PASS" start="2024-09-20T12:51:43.241464" elapsed="0.303059"/>
</kw>
<msg time="2024-09-20T12:51:43.544523" level="INFO">Repeating keyword, round 3/18.</msg>
<kw name="Press Keys" owner="SeleniumLibrary">
<msg time="2024-09-20T12:51:43.544523" level="INFO">Sending key(s) ('BACKSPACE',) to //*[@id="email"] element.</msg>
<msg time="2024-09-20T12:51:43.841919" level="INFO">Pressing special key BACKSPACE to element.</msg>
<msg time="2024-09-20T12:51:43.841919" level="INFO">Releasing special key BACKSPACE.</msg>
<arg>${EMAIL FIELD}</arg>
<arg>BACKSPACE</arg>
<doc>Simulates the user pressing key(s) to an element or on the active browser.</doc>
<status status="PASS" start="2024-09-20T12:51:43.544523" elapsed="0.321144"/>
</kw>
<msg time="2024-09-20T12:51:43.865667" level="INFO">Repeating keyword, round 4/18.</msg>
<kw name="Press Keys" owner="SeleniumLibrary">
<msg time="2024-09-20T12:51:43.866673" level="INFO">Sending key(s) ('BACKSPACE',) to //*[@id="email"] element.</msg>
<msg time="2024-09-20T12:51:44.142588" level="INFO">Pressing special key BACKSPACE to element.</msg>
<msg time="2024-09-20T12:51:44.142588" level="INFO">Releasing special key BACKSPACE.</msg>
<arg>${EMAIL FIELD}</arg>
<arg>BACKSPACE</arg>
<doc>Simulates the user pressing key(s) to an element or on the active browser.</doc>
<status status="PASS" start="2024-09-20T12:51:43.865667" elapsed="0.300573"/>
</kw>
<msg time="2024-09-20T12:51:44.166240" level="INFO">Repeating keyword, round 5/18.</msg>
<kw name="Press Keys" owner="SeleniumLibrary">
<msg time="2024-09-20T12:51:44.166240" level="INFO">Sending key(s) ('BACKSPACE',) to //*[@id="email"] element.</msg>
<msg time="2024-09-20T12:51:44.446721" level="INFO">Pressing special key BACKSPACE to element.</msg>
<msg time="2024-09-20T12:51:44.446721" level="INFO">Releasing special key BACKSPACE.</msg>
<arg>${EMAIL FIELD}</arg>
<arg>BACKSPACE</arg>
<doc>Simulates the user pressing key(s) to an element or on the active browser.</doc>
<status status="PASS" start="2024-09-20T12:51:44.166240" elapsed="0.301749"/>
</kw>
<msg time="2024-09-20T12:51:44.467989" level="INFO">Repeating keyword, round 6/18.</msg>
<kw name="Press Keys" owner="SeleniumLibrary">
<msg time="2024-09-20T12:51:44.467989" level="INFO">Sending key(s) ('BACKSPACE',) to //*[@id="email"] element.</msg>
<msg time="2024-09-20T12:51:44.747013" level="INFO">Pressing special key BACKSPACE to element.</msg>
<msg time="2024-09-20T12:51:44.747013" level="INFO">Releasing special key BACKSPACE.</msg>
<arg>${EMAIL FIELD}</arg>
<arg>BACKSPACE</arg>
<doc>Simulates the user pressing key(s) to an element or on the active browser.</doc>
<status status="PASS" start="2024-09-20T12:51:44.467989" elapsed="0.299354"/>
</kw>
<msg time="2024-09-20T12:51:44.767343" level="INFO">Repeating keyword, round 7/18.</msg>
<kw name="Press Keys" owner="SeleniumLibrary">
<msg time="2024-09-20T12:51:44.767343" level="INFO">Sending key(s) ('BACKSPACE',) to //*[@id="email"] element.</msg>
<msg time="2024-09-20T12:51:45.052081" level="INFO">Pressing special key BACKSPACE to element.</msg>
<msg time="2024-09-20T12:51:45.052081" level="INFO">Releasing special key BACKSPACE.</msg>
<arg>${EMAIL FIELD}</arg>
<arg>BACKSPACE</arg>
<doc>Simulates the user pressing key(s) to an element or on the active browser.</doc>
<status status="PASS" start="2024-09-20T12:51:44.767343" elapsed="0.300535"/>
</kw>
<msg time="2024-09-20T12:51:45.067878" level="INFO">Repeating keyword, round 8/18.</msg>
<kw name="Press Keys" owner="SeleniumLibrary">
<msg time="2024-09-20T12:51:45.067878" level="INFO">Sending key(s) ('BACKSPACE',) to //*[@id="email"] element.</msg>
<msg time="2024-09-20T12:51:45.357863" level="INFO">Pressing special key BACKSPACE to element.</msg>
<msg time="2024-09-20T12:51:45.357863" level="INFO">Releasing special key BACKSPACE.</msg>
<arg>${EMAIL FIELD}</arg>
<arg>BACKSPACE</arg>
<doc>Simulates the user pressing key(s) to an element or on the active browser.</doc>
<status status="PASS" start="2024-09-20T12:51:45.067878" elapsed="0.305678"/>
</kw>
<msg time="2024-09-20T12:51:45.373556" level="INFO">Repeating keyword, round 9/18.</msg>
<kw name="Press Keys" owner="SeleniumLibrary">
<msg time="2024-09-20T12:51:45.373556" level="INFO">Sending key(s) ('BACKSPACE',) to //*[@id="email"] element.</msg>
<msg time="2024-09-20T12:51:45.657489" level="INFO">Pressing special key BACKSPACE to element.</msg>
<msg time="2024-09-20T12:51:45.657489" level="INFO">Releasing special key BACKSPACE.</msg>
<arg>${EMAIL FIELD}</arg>
<arg>BACKSPACE</arg>
<doc>Simulates the user pressing key(s) to an element or on the active browser.</doc>
<status status="PASS" start="2024-09-20T12:51:45.373556" elapsed="0.309440"/>
</kw>
<msg time="2024-09-20T12:51:45.682996" level="INFO">Repeating keyword, round 10/18.</msg>
<kw name="Press Keys" owner="SeleniumLibrary">
<msg time="2024-09-20T12:51:45.682996" level="INFO">Sending key(s) ('BACKSPACE',) to //*[@id="email"] element.</msg>
<msg time="2024-09-20T12:51:45.967195" level="INFO">Pressing special key BACKSPACE to element.</msg>
<msg time="2024-09-20T12:51:45.967195" level="INFO">Releasing special key BACKSPACE.</msg>
<arg>${EMAIL FIELD}</arg>
<arg>BACKSPACE</arg>
<doc>Simulates the user pressing key(s) to an element or on the active browser.</doc>
<status status="PASS" start="2024-09-20T12:51:45.682996" elapsed="0.300948"/>
</kw>
<msg time="2024-09-20T12:51:45.983944" level="INFO">Repeating keyword, round 11/18.</msg>
<kw name="Press Keys" owner="SeleniumLibrary">
<msg time="2024-09-20T12:51:45.983944" level="INFO">Sending key(s) ('BACKSPACE',) to //*[@id="email"] element.</msg>
<msg time="2024-09-20T12:51:46.263132" level="INFO">Pressing special key BACKSPACE to element.</msg>
<msg time="2024-09-20T12:51:46.263132" level="INFO">Releasing special key BACKSPACE.</msg>
<arg>${EMAIL FIELD}</arg>
<arg>BACKSPACE</arg>
<doc>Simulates the user pressing key(s) to an element or on the active browser.</doc>
<status status="PASS" start="2024-09-20T12:51:45.983944" elapsed="0.298493"/>
</kw>
<msg time="2024-09-20T12:51:46.282437" level="INFO">Repeating keyword, round 12/18.</msg>
<kw name="Press Keys" owner="SeleniumLibrary">
<msg time="2024-09-20T12:51:46.282993" level="INFO">Sending key(s) ('BACKSPACE',) to //*[@id="email"] element.</msg>
<msg time="2024-09-20T12:51:46.565430" level="INFO">Pressing special key BACKSPACE to element.</msg>
<msg time="2024-09-20T12:51:46.565430" level="INFO">Releasing special key BACKSPACE.</msg>
<arg>${EMAIL FIELD}</arg>
<arg>BACKSPACE</arg>
<doc>Simulates the user pressing key(s) to an element or on the active browser.</doc>
<status status="PASS" start="2024-09-20T12:51:46.282437" elapsed="0.305472"/>
</kw>
<msg time="2024-09-20T12:51:46.587909" level="INFO">Repeating keyword, round 13/18.</msg>
<kw name="Press Keys" owner="SeleniumLibrary">
<msg time="2024-09-20T12:51:46.588919" level="INFO">Sending key(s) ('BACKSPACE',) to //*[@id="email"] element.</msg>
<msg time="2024-09-20T12:51:46.868499" level="INFO">Pressing special key BACKSPACE to element.</msg>
<msg time="2024-09-20T12:51:46.868499" level="INFO">Releasing special key BACKSPACE.</msg>
<arg>${EMAIL FIELD}</arg>
<arg>BACKSPACE</arg>
<doc>Simulates the user pressing key(s) to an element or on the active browser.</doc>
<status status="PASS" start="2024-09-20T12:51:46.587909" elapsed="0.303396"/>
</kw>
<msg time="2024-09-20T12:51:46.891305" level="INFO">Repeating keyword, round 14/18.</msg>
<kw name="Press Keys" owner="SeleniumLibrary">
<msg time="2024-09-20T12:51:46.892313" level="INFO">Sending key(s) ('BACKSPACE',) to //*[@id="email"] element.</msg>
<msg time="2024-09-20T12:51:47.167857" level="INFO">Pressing special key BACKSPACE to element.</msg>
<msg time="2024-09-20T12:51:47.167857" level="INFO">Releasing special key BACKSPACE.</msg>
<arg>${EMAIL FIELD}</arg>
<arg>BACKSPACE</arg>
<doc>Simulates the user pressing key(s) to an element or on the active browser.</doc>
<status status="PASS" start="2024-09-20T12:51:46.892313" elapsed="0.297212"/>
</kw>
<msg time="2024-09-20T12:51:47.189525" level="INFO">Repeating keyword, round 15/18.</msg>
<kw name="Press Keys" owner="SeleniumLibrary">
<msg time="2024-09-20T12:51:47.189525" level="INFO">Sending key(s) ('BACKSPACE',) to //*[@id="email"] element.</msg>
<msg time="2024-09-20T12:51:47.477439" level="INFO">Pressing special key BACKSPACE to element.</msg>
<msg time="2024-09-20T12:51:47.477439" level="INFO">Releasing special key BACKSPACE.</msg>
<arg>${EMAIL FIELD}</arg>
<arg>BACKSPACE</arg>
<doc>Simulates the user pressing key(s) to an element or on the active browser.</doc>
<status status="PASS" start="2024-09-20T12:51:47.189525" elapsed="0.303391"/>
</kw>
<msg time="2024-09-20T12:51:47.492916" level="INFO">Repeating keyword, round 16/18.</msg>
<kw name="Press Keys" owner="SeleniumLibrary">
<msg time="2024-09-20T12:51:47.492916" level="INFO">Sending key(s) ('BACKSPACE',) to //*[@id="email"] element.</msg>
<msg time="2024-09-20T12:51:47.769619" level="INFO">Pressing special key BACKSPACE to element.</msg>
<msg time="2024-09-20T12:51:47.769619" level="INFO">Releasing special key BACKSPACE.</msg>
<arg>${EMAIL FIELD}</arg>
<arg>BACKSPACE</arg>
<doc>Simulates the user pressing key(s) to an element or on the active browser.</doc>
<status status="PASS" start="2024-09-20T12:51:47.492916" elapsed="0.301270"/>
</kw>
<msg time="2024-09-20T12:51:47.794186" level="INFO">Repeating keyword, round 17/18.</msg>
<kw name="Press Keys" owner="SeleniumLibrary">
<msg time="2024-09-20T12:51:47.794186" level="INFO">Sending key(s) ('BACKSPACE',) to //*[@id="email"] element.</msg>
<msg time="2024-09-20T12:51:48.064904" level="INFO">Pressing special key BACKSPACE to element.</msg>
<msg time="2024-09-20T12:51:48.064904" level="INFO">Releasing special key BACKSPACE.</msg>
<arg>${EMAIL FIELD}</arg>
<arg>BACKSPACE</arg>
<doc>Simulates the user pressing key(s) to an element or on the active browser.</doc>
<status status="PASS" start="2024-09-20T12:51:47.794186" elapsed="0.295234"/>
</kw>
<msg time="2024-09-20T12:51:48.089420" level="INFO">Repeating keyword, round 18/18.</msg>
<kw name="Press Keys" owner="SeleniumLibrary">
<msg time="2024-09-20T12:51:48.089420" level="INFO">Sending key(s) ('BACKSPACE',) to //*[@id="email"] element.</msg>
<msg time="2024-09-20T12:51:48.378058" level="INFO">Pressing special key BACKSPACE to element.</msg>
<msg time="2024-09-20T12:51:48.378058" level="INFO">Releasing special key BACKSPACE.</msg>
<arg>${EMAIL FIELD}</arg>
<arg>BACKSPACE</arg>
<doc>Simulates the user pressing key(s) to an element or on the active browser.</doc>
<status status="PASS" start="2024-09-20T12:51:48.089420" elapsed="0.296633"/>
</kw>
<arg>${length + 1}</arg>
<arg>Press Keys</arg>
<arg>${EMAIL FIELD}</arg>
<arg>BACKSPACE</arg>
<doc>Executes the specified keyword multiple times.</doc>
<status status="PASS" start="2024-09-20T12:51:42.914814" elapsed="5.471239"/>
</kw>
<arg>"""${email}""" != ''</arg>
<arg>Repeat Keyword</arg>
<arg>${length + 1}</arg>
<arg>Press Keys</arg>
<arg>${EMAIL FIELD}</arg>
<arg>BACKSPACE</arg>
<doc>Runs the given keyword with the given arguments, if ``condition`` is true.</doc>
<status status="PASS" start="2024-09-20T12:51:42.914814" elapsed="5.471239"/>
</kw>
<kw name="Get Element Attribute" owner="SeleniumLibrary">
<msg time="2024-09-20T12:51:48.403025" level="INFO">${pw} = regularp</msg>
<var>${pw}</var>
<arg>${PW FIELD}</arg>
<arg>value</arg>
<doc>Returns the value of ``attribute`` from the element ``locator``.</doc>
<status status="PASS" start="2024-09-20T12:51:48.386053" elapsed="0.016972"/>
</kw>
<kw name="Get Length" owner="BuiltIn">
<msg time="2024-09-20T12:51:48.404026" level="INFO">Length is 8.</msg>
<msg time="2024-09-20T12:51:48.404026" level="INFO">${length} = 8</msg>
<var>${length}</var>
<arg>${pw}</arg>
<doc>Returns and logs the length of the given item as an integer.</doc>
<status status="PASS" start="2024-09-20T12:51:48.403025" elapsed="0.001001"/>
</kw>
<kw name="Run Keyword If" owner="BuiltIn">
<kw name="Repeat Keyword" owner="BuiltIn">
<msg time="2024-09-20T12:51:48.405026" level="INFO">Repeating keyword, round 1/9.</msg>
<kw name="Press Keys" owner="SeleniumLibrary">
<msg time="2024-09-20T12:51:48.406025" level="INFO">Sending key(s) ('BACKSPACE',) to //*[@id="password"] element.</msg>
<msg time="2024-09-20T12:51:48.720889" level="INFO">Pressing special key BACKSPACE to element.</msg>
<msg time="2024-09-20T12:51:48.720889" level="INFO">Releasing special key BACKSPACE.</msg>
<arg>${PW FIELD}</arg>
<arg>BACKSPACE</arg>
<doc>Simulates the user pressing key(s) to an element or on the active browser.</doc>
<status status="PASS" start="2024-09-20T12:51:48.405026" elapsed="0.346168"/>
</kw>
<msg time="2024-09-20T12:51:48.756205" level="INFO">Repeating keyword, round 2/9.</msg>
<kw name="Press Keys" owner="SeleniumLibrary">
<msg time="2024-09-20T12:51:48.756205" level="INFO">Sending key(s) ('BACKSPACE',) to //*[@id="password"] element.</msg>
<msg time="2024-09-20T12:51:49.051247" level="INFO">Pressing special key BACKSPACE to element.</msg>
<msg time="2024-09-20T12:51:49.051247" level="INFO">Releasing special key BACKSPACE.</msg>
<arg>${PW FIELD}</arg>
<arg>BACKSPACE</arg>
<doc>Simulates the user pressing key(s) to an element or on the active browser.</doc>
<status status="PASS" start="2024-09-20T12:51:48.756205" elapsed="0.321405"/>
</kw>
<msg time="2024-09-20T12:51:49.077610" level="INFO">Repeating keyword, round 3/9.</msg>
<kw name="Press Keys" owner="SeleniumLibrary">
<msg time="2024-09-20T12:51:49.077610" level="INFO">Sending key(s) ('BACKSPACE',) to //*[@id="password"] element.</msg>
<msg time="2024-09-20T12:51:49.357186" level="INFO">Pressing special key BACKSPACE to element.</msg>
<msg time="2024-09-20T12:51:49.357186" level="INFO">Releasing special key BACKSPACE.</msg>
<arg>${PW FIELD}</arg>
<arg>BACKSPACE</arg>
<doc>Simulates the user pressing key(s) to an element or on the active browser.</doc>
<status status="PASS" start="2024-09-20T12:51:49.077610" elapsed="0.296646"/>
</kw>
<msg time="2024-09-20T12:51:49.374256" level="INFO">Repeating keyword, round 4/9.</msg>
<kw name="Press Keys" owner="SeleniumLibrary">
<msg time="2024-09-20T12:51:49.375180" level="INFO">Sending key(s) ('BACKSPACE',) to //*[@id="password"] element.</msg>
<msg time="2024-09-20T12:51:49.656152" level="INFO">Pressing special key BACKSPACE to element.</msg>
<msg time="2024-09-20T12:51:49.656152" level="INFO">Releasing special key BACKSPACE.</msg>
<arg>${PW FIELD}</arg>
<arg>BACKSPACE</arg>
<doc>Simulates the user pressing key(s) to an element or on the active browser.</doc>
<status status="PASS" start="2024-09-20T12:51:49.374256" elapsed="0.299812"/>
</kw>
<msg time="2024-09-20T12:51:49.674068" level="INFO">Repeating keyword, round 5/9.</msg>
<kw name="Press Keys" owner="SeleniumLibrary">
<msg time="2024-09-20T12:51:49.674068" level="INFO">Sending key(s) ('BACKSPACE',) to //*[@id="password"] element.</msg>
<msg time="2024-09-20T12:51:49.943350" level="INFO">Pressing special key BACKSPACE to element.</msg>
<msg time="2024-09-20T12:51:49.943350" level="INFO">Releasing special key BACKSPACE.</msg>
<arg>${PW FIELD}</arg>
<arg>BACKSPACE</arg>
<doc>Simulates the user pressing key(s) to an element or on the active browser.</doc>
<status status="PASS" start="2024-09-20T12:51:49.674068" elapsed="0.286142"/>
</kw>
<msg time="2024-09-20T12:51:49.960210" level="INFO">Repeating keyword, round 6/9.</msg>
<kw name="Press Keys" owner="SeleniumLibrary">
<msg time="2024-09-20T12:51:49.960210" level="INFO">Sending key(s) ('BACKSPACE',) to //*[@id="password"] element.</msg>
<msg time="2024-09-20T12:51:50.243448" level="INFO">Pressing special key BACKSPACE to element.</msg>
<msg time="2024-09-20T12:51:50.243448" level="INFO">Releasing special key BACKSPACE.</msg>
<arg>${PW FIELD}</arg>
<arg>BACKSPACE</arg>
<doc>Simulates the user pressing key(s) to an element or on the active browser.</doc>
<status status="PASS" start="2024-09-20T12:51:49.960210" elapsed="0.297703"/>
</kw>
<msg time="2024-09-20T12:51:50.257913" level="INFO">Repeating keyword, round 7/9.</msg>
<kw name="Press Keys" owner="SeleniumLibrary">
<msg time="2024-09-20T12:51:50.257913" level="INFO">Sending key(s) ('BACKSPACE',) to //*[@id="password"] element.</msg>
<msg time="2024-09-20T12:51:50.532407" level="INFO">Pressing special key BACKSPACE to element.</msg>
<msg time="2024-09-20T12:51:50.532407" level="INFO">Releasing special key BACKSPACE.</msg>
<arg>${PW FIELD}</arg>
<arg>BACKSPACE</arg>
<doc>Simulates the user pressing key(s) to an element or on the active browser.</doc>
<status status="PASS" start="2024-09-20T12:51:50.257913" elapsed="0.294275"/>
</kw>
<msg time="2024-09-20T12:51:50.552188" level="INFO">Repeating keyword, round 8/9.</msg>
<kw name="Press Keys" owner="SeleniumLibrary">
<msg time="2024-09-20T12:51:50.552188" level="INFO">Sending key(s) ('BACKSPACE',) to //*[@id="password"] element.</msg>
<msg time="2024-09-20T12:51:50.836771" level="INFO">Pressing special key BACKSPACE to element.</msg>
<msg time="2024-09-20T12:51:50.836771" level="INFO">Releasing special key BACKSPACE.</msg>
<arg>${PW FIELD}</arg>
<arg>BACKSPACE</arg>
<doc>Simulates the user pressing key(s) to an element or on the active browser.</doc>
<status status="PASS" start="2024-09-20T12:51:50.552188" elapsed="0.302887"/>
</kw>
<msg time="2024-09-20T12:51:50.855075" level="INFO">Repeating keyword, round 9/9.</msg>
<kw name="Press Keys" owner="SeleniumLibrary">
<msg time="2024-09-20T12:51:50.855075" level="INFO">Sending key(s) ('BACKSPACE',) to //*[@id="password"] element.</msg>
<msg time="2024-09-20T12:51:51.140996" level="INFO">Pressing special key BACKSPACE to element.</msg>
<msg time="2024-09-20T12:51:51.140996" level="INFO">Releasing special key BACKSPACE.</msg>
<arg>${PW FIELD}</arg>
<arg>BACKSPACE</arg>
<doc>Simulates the user pressing key(s) to an element or on the active browser.</doc>
<status status="PASS" start="2024-09-20T12:51:50.855075" elapsed="0.294913"/>
</kw>
<arg>${length + 1}</arg>
<arg>Press Keys</arg>
<arg>${PW FIELD}</arg>
<arg>BACKSPACE</arg>
<doc>Executes the specified keyword multiple times.</doc>
<status status="PASS" start="2024-09-20T12:51:48.404026" elapsed="2.745962"/>
</kw>
<arg>"""${pw}""" != ''</arg>
<arg>Repeat Keyword</arg>
<arg>${length + 1}</arg>
<arg>Press Keys</arg>
<arg>${PW FIELD}</arg>
<arg>BACKSPACE</arg>
<doc>Runs the given keyword with the given arguments, if ``condition`` is true.</doc>
<status status="PASS" start="2024-09-20T12:51:48.404026" elapsed="2.745962"/>
</kw>
<status status="PASS" start="2024-09-20T12:51:42.901260" elapsed="8.248728"/>
</kw>
<kw name="Fill form and login" owner="commonKeywords">
<kw name="Input Text" owner="SeleniumLibrary">
<msg time="2024-09-20T12:51:51.151985" level="INFO">Typing text 'reglar@gmail.com' into text field '//*[@id="email"]'.</msg>
<arg>${EMAIL FIELD}</arg>
<arg>${email}</arg>
<doc>Types the given ``text`` into the text field identified by ``locator``.</doc>
<status status="PASS" start="2024-09-20T12:51:51.150985" elapsed="0.301915"/>
</kw>
<kw name="Input Text" owner="SeleniumLibrary">
<msg time="2024-09-20T12:51:51.452900" level="INFO">Typing text 'regularpw' into text field '//*[@id="password"]'.</msg>
<arg>${PW FIELD}</arg>
<arg>${pw}</arg>
<doc>Types the given ``text`` into the text field identified by ``locator``.</doc>
<status status="PASS" start="2024-09-20T12:51:51.452900" elapsed="0.187392"/>
</kw>
<kw name="Click Button" owner="SeleniumLibrary">
<msg time="2024-09-20T12:51:51.640292" level="INFO">Clicking button '//*[@id="login-button"]'.</msg>
<arg>${LOGIN BUTTON}</arg>
<doc>Clicks the button identified by ``locator``.</doc>
<status status="PASS" start="2024-09-20T12:51:51.640292" elapsed="0.069423"/>
</kw>
<kw name="Sleep" owner="BuiltIn">
<msg time="2024-09-20T12:51:53.711014" level="INFO">Slept 2 seconds.</msg>
<arg>2s</arg>
<doc>Pauses the test executed for the given time.</doc>
<status status="PASS" start="2024-09-20T12:51:51.710715" elapsed="2.000299"/>
</kw>
<arg>reglar@gmail.com</arg>
<arg>regularpw</arg>
<status status="PASS" start="2024-09-20T12:51:51.150985" elapsed="2.560029"/>
</kw>
<kw name="Verify unsuccessfull login" owner="commonKeywords">
<kw name="Verify not logged in" owner="commonKeywords">
<kw name="Click Element" owner="SeleniumLibrary">
<msg time="2024-09-20T12:51:53.711014" level="INFO">Clicking element '//*[@data-testid="AccountCircleIcon"]'.</msg>
<arg>${ACCOUNT MENU}</arg>
<doc>Click the element identified by ``locator``.</doc>
<status status="PASS" start="2024-09-20T12:51:53.711014" elapsed="0.046450"/>
</kw>
<kw name="Page Should Not Contain Element" owner="SeleniumLibrary">
<msg time="2024-09-20T12:51:53.757464" level="INFO">Current page does not contain element '//*[@id="my-account"]'.</msg>
<arg>${ACCOUNT MENU MY ACCOUNT}</arg>
<doc>Verifies that element ``locator`` is not found on the current page.</doc>
<status status="PASS" start="2024-09-20T12:51:53.757464" elapsed="0.000000"/>
</kw>
<kw name="Press Keys" owner="SeleniumLibrary">
<msg time="2024-09-20T12:51:53.757464" level="INFO">Sending key(s) ('ESCAPE',) to //*[@data-testid="AccountCircleIcon"] element.</msg>
<msg time="2024-09-20T12:51:54.041426" level="INFO">Pressing special key ESCAPE to element.</msg>
<msg time="2024-09-20T12:51:54.041426" level="INFO">Releasing special key ESCAPE.</msg>
<arg>${ACCOUNT MENU}</arg>
<arg>ESCAPE</arg>
<doc>Simulates the user pressing key(s) to an element or on the active browser.</doc>
<status status="PASS" start="2024-09-20T12:51:53.757464" elapsed="0.301533"/>
</kw>
<status status="PASS" start="2024-09-20T12:51:53.711014" elapsed="0.347983"/>
</kw>
<kw name="Page Should Not Contain" owner="SeleniumLibrary">
<msg time="2024-09-20T12:51:54.073658" level="INFO">Current page does not contain text 'Trending movies'.</msg>
<arg>Trending movies</arg>
<doc>Verifies the current page does not contain ``text``.</doc>
<status status="PASS" start="2024-09-20T12:51:54.058997" elapsed="0.014661"/>
</kw>
<kw name="Page Should Not Contain" owner="SeleniumLibrary">
<msg time="2024-09-20T12:51:54.089446" level="INFO">Current page does not contain text 'Watchlist'.</msg>
<arg>Watchlist</arg>
<doc>Verifies the current page does not contain ``text``.</doc>
<status status="PASS" start="2024-09-20T12:51:54.073658" elapsed="0.015788"/>
</kw>
<kw name="Page Should Not Contain" owner="SeleniumLibrary">
<msg time="2024-09-20T12:51:54.105432" level="INFO">Current page does not contain text 'My Reviews'.</msg>
<arg>My Reviews</arg>
<doc>Verifies the current page does not contain ``text``.</doc>
<status status="PASS" start="2024-09-20T12:51:54.089446" elapsed="0.015986"/>
</kw>
<status status="PASS" start="2024-09-20T12:51:53.711014" elapsed="0.394418"/>
</kw>
<kw name="Close Browser" owner="SeleniumLibrary" type="TEARDOWN">
<doc>Closes the current browser.</doc>
<status status="PASS" start="2024-09-20T12:51:54.105432" elapsed="2.200693"/>
</kw>
<doc>Verifies that login fails with incorrect credentials</doc>
<tag>Login</tag>
<status status="PASS" start="2024-09-20T12:51:33.501603" elapsed="22.804522"/>
</test>
<test id="s1-s1-t4" name="Login fails with a disabled account" line="38">
<kw name="Setup tests" owner="loginKeywords" type="SETUP">
<kw name="Clear test database" owner="commonKeywords">
<kw name="POST" owner="RequestsLibrary">
<msg time="2024-09-20T12:51:57.173857" level="INFO">POST Request : url=http://localhost:5173/api/testing/reset 
 path_url=/api/testing/reset 
 headers={'User-Agent': 'python-requests/2.32.3', 'Accept-Encoding': 'gzip, deflate', 'Accept': '*/*', 'Connection': 'keep-alive', 'Content-Length': '0'} 
 body=None 
 </msg>
<msg time="2024-09-20T12:51:57.173857" level="INFO">POST Response : url=http://localhost:5173/api/testing/reset 
 status=204, reason=No Content 
 headers={'access-control-allow-origin': '*', 'x-powered-by': 'Express', 'date': 'Fri, 20 Sep 2024 09:51:57 GMT', 'connection': 'close'} 
 body=None 
 </msg>
<arg>${BACKEND}/testing/reset</arg>
<doc>Sends a POST request.</doc>
<status status="PASS" start="2024-09-20T12:51:56.306125" elapsed="0.867732"/>
</kw>
<status status="PASS" start="2024-09-20T12:51:56.306125" elapsed="0.867732"/>
</kw>
<kw name="Seed users to test database" owner="commonKeywords">
<kw name="Add user to test database" owner="commonKeywords">
<kw name="Create Dictionary" owner="BuiltIn">
<msg time="2024-09-20T12:51:57.173857" level="INFO">${body} = {'name': 'Regular User', 'email': 'regular@gmail.com', 'password': 'regularpw', 'role': 'user', 'disabled': False}</msg>
<var>${body}</var>
<arg>name=${name}</arg>
<arg>email=${email}</arg>
<arg>password=${password}</arg>
<arg>role=${role}</arg>
<arg>disabled=${disabled}</arg>
<doc>Creates and returns a dictionary based on the given ``items``.</doc>
<status status="PASS" start="2024-09-20T12:51:57.173857" elapsed="0.000000"/>
</kw>
<kw name="POST" owner="RequestsLibrary">
<msg time="2024-09-20T12:51:57.586978" level="INFO">POST Request : url=http://localhost:5173/api/users 
 path_url=/api/users 
 headers={'User-Agent': 'python-requests/2.32.3', 'Accept-Encoding': 'gzip, deflate', 'Accept': '*/*', 'Connection': 'keep-alive', 'Content-Length': '114', 'Content-Type': 'application/json'} 
 body=b'{"name": "Regular User", "email": "regular@gmail.com", "password": "regularpw", "role": "user", "disabled": false}' 
 </msg>
<msg time="2024-09-20T12:51:57.586978" level="INFO">POST Response : url=http://localhost:5173/api/users 
 status=200, reason=OK 
 headers={'access-control-allow-origin': '*', 'x-powered-by': 'Express', 'content-type': 'application/json; charset=utf-8', 'content-length': '245', 'etag': 'W/"f5-zG9b5ah3ItIZYiTKCk6vYKrZyTg"', 'date': 'Fri, 20 Sep 2024 09:51:57 GMT', 'connection': 'close'} 
 body={"id":10611,"name":"Regular User","email":"regular@gmail.com","role":"user","password":"$2b$10$F/twsZiAX.Xn2hvhxq8h3O335Cm32HpP/ocFHJksb9KDzRFrsvPYS","disabled":false,"updatedAt":"2024-09-20T09:51:57.417Z","createdAt":"2024-09-20T09:51:57.417Z"} 
 </msg>
<arg>${BACKEND}/users</arg>
<arg>json=${body}</arg>
<doc>Sends a POST request.</doc>
<status status="PASS" start="2024-09-20T12:51:57.173857" elapsed="0.413121"/>
</kw>
<arg>Regular User</arg>
<arg>regular@gmail.com</arg>
<arg>regularpw</arg>
<arg>user</arg>
<arg>${False}</arg>
<status status="PASS" start="2024-09-20T12:51:57.173857" elapsed="0.413121"/>
</kw>
<kw name="Add user to test database" owner="commonKeywords">
<kw name="Create Dictionary" owner="BuiltIn">
<msg time="2024-09-20T12:51:57.586978" level="INFO">${body} = {'name': 'Mod User', 'email': 'moderator@gmail.com', 'password': 'moderatorpw', 'role': 'moderator', 'disabled': False}</msg>
<var>${body}</var>
<arg>name=${name}</arg>
<arg>email=${email}</arg>
<arg>password=${password}</arg>
<arg>role=${role}</arg>
<arg>disabled=${disabled}</arg>
<doc>Creates and returns a dictionary based on the given ``items``.</doc>
<status status="PASS" start="2024-09-20T12:51:57.586978" elapsed="0.000000"/>
</kw>
<kw name="POST" owner="RequestsLibrary">
<msg time="2024-09-20T12:51:58.007038" level="INFO">POST Request : url=http://localhost:5173/api/users 
 path_url=/api/users 
 headers={'User-Agent': 'python-requests/2.32.3', 'Accept-Encoding': 'gzip, deflate', 'Accept': '*/*', 'Connection': 'keep-alive', 'Content-Length': '119', 'Content-Type': 'application/json'} 
 body=b'{"name": "Mod User", "email": "moderator@gmail.com", "password": "moderatorpw", "role": "moderator", "disabled": false}' 
 </msg>
<msg time="2024-09-20T12:51:58.007038" level="INFO">POST Response : url=http://localhost:5173/api/users 
 status=200, reason=OK 
 headers={'access-control-allow-origin': '*', 'x-powered-by': 'Express', 'content-type': 'application/json; charset=utf-8', 'content-length': '248', 'etag': 'W/"f8-n6RXZ0+1WFvujeRh5ixvWsLtZ+s"', 'date': 'Fri, 20 Sep 2024 09:51:58 GMT', 'connection': 'close'} 
 body={"id":10612,"name":"Mod User","email":"moderator@gmail.com","role":"moderator","password":"$2b$10$4z72i/N7rvbp/6zt8SbK4OPYndtDVhheawRSeQ3lW9/VUeZgDzUTO","disabled":false,"updatedAt":"2024-09-20T09:51:57.833Z","createdAt":"2024-09-20T09:51:57.833Z"} 
 </msg>
<arg>${BACKEND}/users</arg>
<arg>json=${body}</arg>
<doc>Sends a POST request.</doc>
<status status="PASS" start="2024-09-20T12:51:57.586978" elapsed="0.420060"/>
</kw>
<arg>Mod User</arg>
<arg>moderator@gmail.com</arg>
<arg>moderatorpw</arg>
<arg>moderator</arg>
<arg>${False}</arg>
<status status="PASS" start="2024-09-20T12:51:57.586978" elapsed="0.420060"/>
</kw>
<kw name="Add user to test database" owner="commonKeywords">
<kw name="Create Dictionary" owner="BuiltIn">
<msg time="2024-09-20T12:51:58.007038" level="INFO">${body} = {'name': 'Admin User', 'email': 'admin@gmail.com', 'password': 'adminpw', 'role': 'admin', 'disabled': False}</msg>
<var>${body}</var>
<arg>name=${name}</arg>
<arg>email=${email}</arg>
<arg>password=${password}</arg>
<arg>role=${role}</arg>
<arg>disabled=${disabled}</arg>
<doc>Creates and returns a dictionary based on the given ``items``.</doc>
<status status="PASS" start="2024-09-20T12:51:58.007038" elapsed="0.000000"/>
</kw>
<kw name="POST" owner="RequestsLibrary">
<msg time="2024-09-20T12:51:58.418493" level="INFO">POST Request : url=http://localhost:5173/api/users 
 path_url=/api/users 
 headers={'User-Agent': 'python-requests/2.32.3', 'Accept-Encoding': 'gzip, deflate', 'Accept': '*/*', 'Connection': 'keep-alive', 'Content-Length': '109', 'Content-Type': 'application/json'} 
 body=b'{"name": "Admin User", "email": "admin@gmail.com", "password": "adminpw", "role": "admin", "disabled": false}' 
 </msg>
[...]
<doc>Click the element identified by ``locator``.</doc>
<status status="PASS" start="2024-09-20T12:54:41.077763" elapsed="0.072281"/>
</kw>
<kw name="Click Element" owner="SeleniumLibrary">
<msg time="2024-09-20T12:54:41.150044" level="INFO">Clicking element '//*[@id="account-menu-signup"]'.</msg>
<arg>${ACCOUNT MENU SIGNUP}</arg>
<doc>Click the element identified by ``locator``.</doc>
<status status="PASS" start="2024-09-20T12:54:41.150044" elapsed="0.110445"/>
</kw>
<kw name="Page Should Contain" owner="SeleniumLibrary">
<msg time="2024-09-20T12:54:41.260489" level="INFO">Current page contains text 'The Movie Stead - Sign up'.</msg>
<arg>The Movie Stead - Sign up</arg>
<doc>Verifies that current page contains ``text``.</doc>
<status status="PASS" start="2024-09-20T12:54:41.260489" elapsed="0.000000"/>
</kw>
<kw name="Page Should Contain" owner="SeleniumLibrary">
<msg time="2024-09-20T12:54:41.288595" level="INFO">Current page contains text 'Already have an account? Sign in'.</msg>
<arg>Already have an account? Sign in</arg>
<doc>Verifies that current page contains ``text``.</doc>
<status status="PASS" start="2024-09-20T12:54:41.260489" elapsed="0.028106"/>
</kw>
<status status="PASS" start="2024-09-20T12:54:41.077763" elapsed="0.210832"/>
</kw>
<kw name="Fill form and signup" owner="signupKeywords">
<kw name="Input Text" owner="SeleniumLibrary">
<msg time="2024-09-20T12:54:41.290588" level="INFO">Typing text 'Test User' into text field '//*[@id="name"]'.</msg>
<arg>${NAME FIELD}</arg>
<arg>${name}</arg>
<arg>clear=True</arg>
<doc>Types the given ``text`` into the text field identified by ``locator``.</doc>
<status status="PASS" start="2024-09-20T12:54:41.289607" elapsed="0.234443"/>
</kw>
<kw name="Input Text" owner="SeleniumLibrary">
<msg time="2024-09-20T12:54:41.524050" level="INFO">Typing text 'test@gmail.com' into text field '//*[@id="email"]'.</msg>
<arg>${EMAIL FIELD}</arg>
<arg>${email}</arg>
<arg>clear=True</arg>
<doc>Types the given ``text`` into the text field identified by ``locator``.</doc>
<status status="PASS" start="2024-09-20T12:54:41.524050" elapsed="0.312711"/>
</kw>
<kw name="Input Text" owner="SeleniumLibrary">
<msg time="2024-09-20T12:54:41.836761" level="INFO">Typing text 'passw' into text field '//*[@id="password"]'.</msg>
<arg>${PW FIELD}</arg>
<arg>${pw}</arg>
<arg>clear=True</arg>
<doc>Types the given ``text`` into the text field identified by ``locator``.</doc>
<status status="PASS" start="2024-09-20T12:54:41.836761" elapsed="0.159830"/>
</kw>
<kw name="Input Text" owner="SeleniumLibrary">
<msg time="2024-09-20T12:54:41.996591" level="INFO">Typing text 'passw' into text field '//*[@id="passwordCheck"]'.</msg>
<arg>${PWC FIELD}</arg>
<arg>${pwc}</arg>
<arg>clear=True</arg>
<doc>Types the given ``text`` into the text field identified by ``locator``.</doc>
<status status="PASS" start="2024-09-20T12:54:41.996591" elapsed="0.165490"/>
</kw>
<kw name="Click Button" owner="SeleniumLibrary">
<msg time="2024-09-20T12:54:42.162081" level="INFO">Clicking button '//*[@id="signup-button"]'.</msg>
<arg>${SIGNUP BUTTON}</arg>
<doc>Clicks the button identified by ``locator``.</doc>
<status status="PASS" start="2024-09-20T12:54:42.162081" elapsed="0.094589"/>
</kw>
<kw name="Sleep" owner="BuiltIn">
<msg time="2024-09-20T12:54:44.256973" level="INFO">Slept 2 seconds.</msg>
<arg>2s</arg>
<doc>Pauses the test executed for the given time.</doc>
<status status="PASS" start="2024-09-20T12:54:42.256670" elapsed="2.000303"/>
</kw>
<arg>Test User</arg>
<arg>test@gmail.com</arg>
<arg>passw</arg>
<arg>passw</arg>
<status status="PASS" start="2024-09-20T12:54:41.289607" elapsed="2.967366"/>
</kw>
<kw name="Verify unsuccessfull login" owner="commonKeywords">
<kw name="Verify not logged in" owner="commonKeywords">
<kw name="Click Element" owner="SeleniumLibrary">
<msg time="2024-09-20T12:54:44.256973" level="INFO">Clicking element '//*[@data-testid="AccountCircleIcon"]'.</msg>
<arg>${ACCOUNT MENU}</arg>
<doc>Click the element identified by ``locator``.</doc>
<status status="PASS" start="2024-09-20T12:54:44.256973" elapsed="0.046484"/>
</kw>
<kw name="Page Should Not Contain Element" owner="SeleniumLibrary">
<msg time="2024-09-20T12:54:44.312776" level="INFO">Current page does not contain element '//*[@id="my-account"]'.</msg>
<arg>${ACCOUNT MENU MY ACCOUNT}</arg>
<doc>Verifies that element ``locator`` is not found on the current page.</doc>
<status status="PASS" start="2024-09-20T12:54:44.303457" elapsed="0.009319"/>
</kw>
<kw name="Press Keys" owner="SeleniumLibrary">
<msg time="2024-09-20T12:54:44.312776" level="INFO">Sending key(s) ('ESCAPE',) to //*[@data-testid="AccountCircleIcon"] element.</msg>
<msg time="2024-09-20T12:54:44.599689" level="INFO">Pressing special key ESCAPE to element.</msg>
<msg time="2024-09-20T12:54:44.599689" level="INFO">Releasing special key ESCAPE.</msg>
<arg>${ACCOUNT MENU}</arg>
<arg>ESCAPE</arg>
<doc>Simulates the user pressing key(s) to an element or on the active browser.</doc>
<status status="PASS" start="2024-09-20T12:54:44.312776" elapsed="0.302253"/>
</kw>
<status status="PASS" start="2024-09-20T12:54:44.256973" elapsed="0.358056"/>
</kw>
<kw name="Page Should Not Contain" owner="SeleniumLibrary">
<msg time="2024-09-20T12:54:44.633212" level="INFO">Current page does not contain text 'Trending movies'.</msg>
<arg>Trending movies</arg>
<doc>Verifies the current page does not contain ``text``.</doc>
<status status="PASS" start="2024-09-20T12:54:44.615029" elapsed="0.018183"/>
</kw>
<kw name="Page Should Not Contain" owner="SeleniumLibrary">
<msg time="2024-09-20T12:54:44.647531" level="INFO">Current page does not contain text 'Watchlist'.</msg>
<arg>Watchlist</arg>
<doc>Verifies the current page does not contain ``text``.</doc>
<status status="PASS" start="2024-09-20T12:54:44.633212" elapsed="0.014319"/>
</kw>
<kw name="Page Should Not Contain" owner="SeleniumLibrary">
<msg time="2024-09-20T12:54:44.666107" level="INFO">Current page does not contain text 'My Reviews'.</msg>
<arg>My Reviews</arg>
<doc>Verifies the current page does not contain ``text``.</doc>
<status status="PASS" start="2024-09-20T12:54:44.647531" elapsed="0.018576"/>
</kw>
<status status="PASS" start="2024-09-20T12:54:44.256973" elapsed="0.409134"/>
</kw>
<kw name="Page Should Contain" owner="SeleniumLibrary">
<msg time="2024-09-20T12:54:44.684510" level="INFO">Current page contains text 'Password has to be atleast 6 characters long'.</msg>
<arg>Password has to be atleast 6 characters long</arg>
<doc>Verifies that current page contains ``text``.</doc>
<status status="PASS" start="2024-09-20T12:54:44.666107" elapsed="0.018403"/>
</kw>
<kw name="Close Browser" owner="SeleniumLibrary" type="TEARDOWN">
<doc>Closes the current browser.</doc>
<status status="PASS" start="2024-09-20T12:54:44.684510" elapsed="2.210022"/>
</kw>
<doc>Verifies that user cannot signup with a password that is under 6 characters</doc>
<tag>Signup</tag>
<status status="PASS" start="2024-09-20T12:54:36.772734" elapsed="10.121798"/>
</test>
<test id="s1-s2-t8" name="Signup fails if email is already registered" line="83">
<kw name="Setup tests" owner="signupKeywords" type="SETUP">
<kw name="Clear test database" owner="commonKeywords">
<kw name="POST" owner="RequestsLibrary">
<msg time="2024-09-20T12:54:47.770739" level="INFO">POST Request : url=http://localhost:5173/api/testing/reset 
 path_url=/api/testing/reset 
 headers={'User-Agent': 'python-requests/2.32.3', 'Accept-Encoding': 'gzip, deflate', 'Accept': '*/*', 'Connection': 'keep-alive', 'Content-Length': '0'} 
 body=None 
 </msg>
<msg time="2024-09-20T12:54:47.770739" level="INFO">POST Response : url=http://localhost:5173/api/testing/reset 
 status=204, reason=No Content 
 headers={'access-control-allow-origin': '*', 'x-powered-by': 'Express', 'date': 'Fri, 20 Sep 2024 09:54:47 GMT', 'connection': 'close'} 
 body=None 
 </msg>
<arg>${BACKEND}/testing/reset</arg>
<doc>Sends a POST request.</doc>
<status status="PASS" start="2024-09-20T12:54:46.894532" elapsed="0.876207"/>
</kw>
<status status="PASS" start="2024-09-20T12:54:46.894532" elapsed="0.876207"/>
</kw>
<kw name="Open browser on TMS home page" owner="commonKeywords">
<kw name="Open Browser" owner="SeleniumLibrary">
<msg time="2024-09-20T12:54:47.770739" level="INFO">Opening browser 'chrome' to base url 'http://localhost:5173'.</msg>
<arg>${HOME PAGE}</arg>
<arg>${BROWSER}</arg>
<doc>Opens a new browser instance to the optional ``url``.</doc>
<status status="PASS" start="2024-09-20T12:54:47.770739" elapsed="2.329053"/>
</kw>
<kw name="Maximize Browser Window" owner="SeleniumLibrary">
<doc>Maximizes current browser window.</doc>
<status status="PASS" start="2024-09-20T12:54:50.099792" elapsed="0.340189"/>
</kw>
<kw name="Sleep" owner="BuiltIn">
<msg time="2024-09-20T12:54:51.440312" level="INFO">Slept 1 second.</msg>
<arg>1s</arg>
<doc>Pauses the test executed for the given time.</doc>
<status status="PASS" start="2024-09-20T12:54:50.439981" elapsed="1.000331"/>
</kw>
<kw name="Title Should Be" owner="SeleniumLibrary">
<msg time="2024-09-20T12:54:51.440312" level="INFO">Page title is 'The Movie Stead'.</msg>
<arg>The Movie Stead</arg>
<doc>Verifies that the current page title equals ``title``.</doc>
<status status="PASS" start="2024-09-20T12:54:51.440312" elapsed="0.000000"/>
</kw>
<kw name="Page Should Contain" owner="SeleniumLibrary">
<msg time="2024-09-20T12:54:51.455981" level="INFO">Current page contains text 'Trending movies'.</msg>
<arg>Trending movies</arg>
<doc>Verifies that current page contains ``text``.</doc>
<status status="PASS" start="2024-09-20T12:54:51.440312" elapsed="0.015669"/>
</kw>
<status status="PASS" start="2024-09-20T12:54:47.770739" elapsed="3.685242"/>
</kw>
<status status="PASS" start="2024-09-20T12:54:46.894532" elapsed="4.561449"/>
</kw>
<kw name="Add user to test database" owner="commonKeywords">
<kw name="Create Dictionary" owner="BuiltIn">
<msg time="2024-09-20T12:54:51.455981" level="INFO">${body} = {'name': 'Initial User', 'email': 'test@gmail.com', 'password': 'password', 'role': 'user', 'disabled': False}</msg>
<var>${body}</var>
<arg>name=${name}</arg>
<arg>email=${email}</arg>
<arg>password=${password}</arg>
<arg>role=${role}</arg>
<arg>disabled=${disabled}</arg>
<doc>Creates and returns a dictionary based on the given ``items``.</doc>
<status status="PASS" start="2024-09-20T12:54:51.455981" elapsed="0.000000"/>
</kw>
<kw name="POST" owner="RequestsLibrary">
<msg time="2024-09-20T12:54:51.878833" level="INFO">POST Request : url=http://localhost:5173/api/users 
 path_url=/api/users 
 headers={'User-Agent': 'python-requests/2.32.3', 'Accept-Encoding': 'gzip, deflate', 'Accept': '*/*', 'Connection': 'keep-alive', 'Content-Length': '110', 'Content-Type': 'application/json'} 
 body=b'{"name": "Initial User", "email": "test@gmail.com", "password": "password", "role": "user", "disabled": false}' 
 </msg>
<msg time="2024-09-20T12:54:51.878833" level="INFO">POST Response : url=http://localhost:5173/api/users 
 status=200, reason=OK 
 headers={'access-control-allow-origin': '*', 'x-powered-by': 'Express', 'content-type': 'application/json; charset=utf-8', 'content-length': '242', 'etag': 'W/"f2-zriWpzo533SxM5Pvh+z2dNA+uR4"', 'date': 'Fri, 20 Sep 2024 09:54:51 GMT', 'connection': 'close'} 
 body={"id":10632,"name":"Initial User","email":"test@gmail.com","role":"user","password":"$2b$10$BrM/kue/VJne3wYke8P/yOVAK03QRs5CAGBMdM.v2hZl7aF9WXy8C","disabled":false,"updatedAt":"2024-09-20T09:54:51.710Z","createdAt":"2024-09-20T09:54:51.710Z"} 
 </msg>
<arg>${BACKEND}/users</arg>
<arg>json=${body}</arg>
<doc>Sends a POST request.</doc>
<status status="PASS" start="2024-09-20T12:54:51.455981" elapsed="0.422852"/>
</kw>
<arg>Initial User</arg>
<arg>test@gmail.com</arg>
<arg>password</arg>
<arg>user</arg>
<arg>${False}</arg>
<status status="PASS" start="2024-09-20T12:54:51.455981" elapsed="0.422852"/>
</kw>
<kw name="Navigate to signup page" owner="signupKeywords">
<kw name="Click Element" owner="SeleniumLibrary">
<msg time="2024-09-20T12:54:51.878833" level="INFO">Clicking element '//*[@data-testid="AccountCircleIcon"]'.</msg>
<arg>${ACCOUNT MENU}</arg>
<doc>Click the element identified by ``locator``.</doc>
<status status="PASS" start="2024-09-20T12:54:51.878833" elapsed="0.082089"/>
</kw>
<kw name="Click Element" owner="SeleniumLibrary">
<msg time="2024-09-20T12:54:51.960922" level="INFO">Clicking element '//*[@id="account-menu-signup"]'.</msg>
<arg>${ACCOUNT MENU SIGNUP}</arg>
<doc>Click the element identified by ``locator``.</doc>
<status status="PASS" start="2024-09-20T12:54:51.960922" elapsed="0.119345"/>
</kw>
<kw name="Page Should Contain" owner="SeleniumLibrary">
<msg time="2024-09-20T12:54:52.095898" level="INFO">Current page contains text 'The Movie Stead - Sign up'.</msg>
<arg>The Movie Stead - Sign up</arg>
<doc>Verifies that current page contains ``text``.</doc>
<status status="PASS" start="2024-09-20T12:54:52.080267" elapsed="0.015631"/>
</kw>
<kw name="Page Should Contain" owner="SeleniumLibrary">
<msg time="2024-09-20T12:54:52.111029" level="INFO">Current page contains text 'Already have an account? Sign in'.</msg>
<arg>Already have an account? Sign in</arg>
<doc>Verifies that current page contains ``text``.</doc>
<status status="PASS" start="2024-09-20T12:54:52.095898" elapsed="0.015131"/>
</kw>
<status status="PASS" start="2024-09-20T12:54:51.878833" elapsed="0.232196"/>
</kw>
<kw name="Fill form and signup" owner="signupKeywords">
<kw name="Input Text" owner="SeleniumLibrary">
<msg time="2024-09-20T12:54:52.112640" level="INFO">Typing text 'Test User' into text field '//*[@id="name"]'.</msg>
<arg>${NAME FIELD}</arg>
<arg>${name}</arg>
<arg>clear=True</arg>
<doc>Types the given ``text`` into the text field identified by ``locator``.</doc>
<status status="PASS" start="2024-09-20T12:54:52.112116" elapsed="0.254336"/>
</kw>
<kw name="Input Text" owner="SeleniumLibrary">
<msg time="2024-09-20T12:54:52.367084" level="INFO">Typing text 'test@gmail.com' into text field '//*[@id="email"]'.</msg>
<arg>${EMAIL FIELD}</arg>
<arg>${email}</arg>
<arg>clear=True</arg>
<doc>Types the given ``text`` into the text field identified by ``locator``.</doc>
<status status="PASS" start="2024-09-20T12:54:52.367084" elapsed="0.298780"/>
</kw>
<kw name="Input Text" owner="SeleniumLibrary">
<msg time="2024-09-20T12:54:52.666704" level="INFO">Typing text 'password' into text field '//*[@id="password"]'.</msg>
<arg>${PW FIELD}</arg>
<arg>${pw}</arg>
<arg>clear=True</arg>
<doc>Types the given ``text`` into the text field identified by ``locator``.</doc>
<status status="PASS" start="2024-09-20T12:54:52.665864" elapsed="0.193408"/>
</kw>
<kw name="Input Text" owner="SeleniumLibrary">
<msg time="2024-09-20T12:54:52.859272" level="INFO">Typing text 'password' into text field '//*[@id="passwordCheck"]'.</msg>
<arg>${PWC FIELD}</arg>
<arg>${pwc}</arg>
<arg>clear=True</arg>
<doc>Types the given ``text`` into the text field identified by ``locator``.</doc>
<status status="PASS" start="2024-09-20T12:54:52.859272" elapsed="0.198950"/>
</kw>
<kw name="Click Button" owner="SeleniumLibrary">
<msg time="2024-09-20T12:54:53.058222" level="INFO">Clicking button '//*[@id="signup-button"]'.</msg>
<arg>${SIGNUP BUTTON}</arg>
<doc>Clicks the button identified by ``locator``.</doc>
<status status="PASS" start="2024-09-20T12:54:53.058222" elapsed="0.090712"/>
</kw>
<kw name="Sleep" owner="BuiltIn">
<msg time="2024-09-20T12:54:55.149173" level="INFO">Slept 2 seconds.</msg>
<arg>2s</arg>
<doc>Pauses the test executed for the given time.</doc>
<status status="PASS" start="2024-09-20T12:54:53.148934" elapsed="2.000239"/>
</kw>
<arg>Test User</arg>
<arg>test@gmail.com</arg>
<arg>password</arg>
<arg>password</arg>
<status status="PASS" start="2024-09-20T12:54:52.112116" elapsed="3.037057"/>
</kw>
<kw name="Verify unsuccessfull login" owner="commonKeywords">
<kw name="Verify not logged in" owner="commonKeywords">
<kw name="Click Element" owner="SeleniumLibrary">
<msg time="2024-09-20T12:54:55.150930" level="INFO">Clicking element '//*[@data-testid="AccountCircleIcon"]'.</msg>
<arg>${ACCOUNT MENU}</arg>
<doc>Click the element identified by ``locator``.</doc>
<status status="PASS" start="2024-09-20T12:54:55.149923" elapsed="0.046168"/>
</kw>
<kw name="Page Should Not Contain Element" owner="SeleniumLibrary">
<msg time="2024-09-20T12:54:55.209089" level="INFO">Current page does not contain element '//*[@id="my-account"]'.</msg>
<arg>${ACCOUNT MENU MY ACCOUNT}</arg>
<doc>Verifies that element ``locator`` is not found on the current page.</doc>
<status status="PASS" start="2024-09-20T12:54:55.196091" elapsed="0.012998"/>
</kw>
<kw name="Press Keys" owner="SeleniumLibrary">
<msg time="2024-09-20T12:54:55.210113" level="INFO">Sending key(s) ('ESCAPE',) to //*[@data-testid="AccountCircleIcon"] element.</msg>
<msg time="2024-09-20T12:54:55.505665" level="INFO">Pressing special key ESCAPE to element.</msg>
<msg time="2024-09-20T12:54:55.505665" level="INFO">Releasing special key ESCAPE.</msg>
<arg>${ACCOUNT MENU}</arg>
<arg>ESCAPE</arg>
<doc>Simulates the user pressing key(s) to an element or on the active browser.</doc>
<status status="PASS" start="2024-09-20T12:54:55.209089" elapsed="0.303104"/>
</kw>
<status status="PASS" start="2024-09-20T12:54:55.149923" elapsed="0.362270"/>
</kw>
<kw name="Page Should Not Contain" owner="SeleniumLibrary">
<msg time="2024-09-20T12:54:55.529775" level="INFO">Current page does not contain text 'Trending movies'.</msg>
<arg>Trending movies</arg>
<doc>Verifies the current page does not contain ``text``.</doc>
<status status="PASS" start="2024-09-20T12:54:55.512193" elapsed="0.017582"/>
</kw>
<kw name="Page Should Not Contain" owner="SeleniumLibrary">
<msg time="2024-09-20T12:54:55.548029" level="INFO">Current page does not contain text 'Watchlist'.</msg>
<arg>Watchlist</arg>
<doc>Verifies the current page does not contain ``text``.</doc>
<status status="PASS" start="2024-09-20T12:54:55.529775" elapsed="0.018254"/>
</kw>
<kw name="Page Should Not Contain" owner="SeleniumLibrary">
<msg time="2024-09-20T12:54:55.565939" level="INFO">Current page does not contain text 'My Reviews'.</msg>
<arg>My Reviews</arg>
<doc>Verifies the current page does not contain ``text``.</doc>
<status status="PASS" start="2024-09-20T12:54:55.549031" elapsed="0.016908"/>
</kw>
<status status="PASS" start="2024-09-20T12:54:55.149923" elapsed="0.416016"/>
</kw>
<kw name="Page Should Contain" owner="SeleniumLibrary">
<msg time="2024-09-20T12:54:55.571050" level="INFO">Current page contains text 'Email address already exists, try logging in.'.</msg>
<arg>Email address already exists, try logging in.</arg>
<doc>Verifies that current page contains ``text``.</doc>
<status status="PASS" start="2024-09-20T12:54:55.566942" elapsed="0.004108"/>
</kw>
<kw name="Close Browser" owner="SeleniumLibrary" type="TEARDOWN">
<doc>Closes the current browser.</doc>
<status status="PASS" start="2024-09-20T12:54:55.571050" elapsed="2.150201"/>
</kw>
<doc>Verifies that there isn't user with same email address in database</doc>
<tag>Signup</tag>
<status status="PASS" start="2024-09-20T12:54:46.894532" elapsed="10.826719"/>
</test>
<doc>Sign up functionality test cases</doc>
<status status="PASS" start="2024-09-20T12:52:58.544720" elapsed="119.176531"/>
</suite>
<status status="PASS" start="2024-09-20T12:51:11.622751" elapsed="226.098500"/>
</suite>
<statistics>
<total>
<stat pass="16" fail="0" skip="0">All Tests</stat>
</total>
<tag>
<stat pass="4" fail="0" skip="0">Login</stat>
<stat pass="4" fail="0" skip="0">Login_run</stat>
<stat pass="8" fail="0" skip="0">Signup</stat>
</tag>
<suite>
<stat pass="16" fail="0" skip="0" id="s1" name="Tests">Tests</stat>
<stat pass="8" fail="0" skip="0" id="s1-s1" name="loginTests">Tests.loginTests</stat>
<stat pass="8" fail="0" skip="0" id="s1-s2" name="signupTests">Tests.signupTests</stat>
</suite>
</statistics>
<errors>
</errors>
</robot>
